
****** Vivado(TM) HLS - High-Level Synthesis from C, C++ and SystemC v2019.1 (64-bit)
  **** SW Build 2552052 on Fri May 24 14:47:09 MDT 2019
  **** IP Build 2548770 on Fri May 24 18:01:18 MDT 2019
    ** Copyright 1986-2019 Xilinx, Inc. All Rights Reserved.

source /tools/Xilinx/Vivado/2019.1/scripts/vivado_hls/hls.tcl -notrace
INFO: [HLS 200-10] Running '/tools/Xilinx/Vivado/2019.1/bin/unwrapped/lnx64.o/vivado_hls'
INFO: [HLS 200-10] For user 'jonathan' on host 'jonathan-ThinkPad-T520' (Linux_x86_64 version 4.18.0-25-generic) on Sat Aug 03 09:26:12 CEST 2019
INFO: [HLS 200-10] On os Ubuntu 18.04.2 LTS
INFO: [HLS 200-10] In directory '/home/jonathan/git/school/HLS_core/build_tools'
Sourcing Tcl script 'CNNAccel/default/rtl_export.tcl'
CNNAccel/default/rtl_export.tcl can't be opened.
couldn't read file "CNNAccel/default/rtl_export.tcl": no such file or directory
    while executing
"source CNNAccel/default/rtl_export.tcl"
    invoked from within
"hls::main CNNAccel/default/rtl_export.tcl"
    ("uplevel" body line 1)
    invoked from within
"uplevel 1 hls::main {*}$args"
    (procedure "hls_proc" line 5)
    invoked from within
"hls_proc $argv"
INFO: [Common 17-206] Exiting vivado_hls at Sat Aug  3 09:26:12 2019...
