

================================================================
== Vivado HLS Report for 'p_sc_stream_last_fixinst_1_thread'
================================================================
* Date:           Fri Jan 10 13:52:11 2020

* Version:        2019.1 (Build 2552052 on Fri May 24 15:28:33 MDT 2019)
* Project:        CNNAccel
* Solution:       default
* Product family: zynquplus
* Target device:  xczu3eg-sbva484-1-e


================================================================
== Performance Estimates
================================================================
+ Timing (ns): 
    * Summary: 
    +--------+-------+----------+------------+
    |  Clock | Target| Estimated| Uncertainty|
    +--------+-------+----------+------------+
    |ap_clk  |  10.00|     3.695|        1.25|
    +--------+-------+----------+------------+

+ Latency (clock cycles): 
    * Summary: 
    +-----+-----+-----+-----+---------+
    |  Latency  |  Interval | Pipeline|
    | min | max | min | max |   Type  |
    +-----+-----+-----+-----+---------+
    |    ?|    ?|    ?|    ?|   none  |
    +-----+-----+-----+-----+---------+

    + Detail: 
        * Instance: 
        N/A

        * Loop: 
        +-------------+-----+-----+----------+-----------+-----------+------+----------+
        |             |  Latency  | Iteration|  Initiation Interval  | Trip |          |
        |  Loop Name  | min | max |  Latency |  achieved |   target  | Count| Pipelined|
        +-------------+-----+-----+----------+-----------+-----------+------+----------+
        |- Loop 1     |    ?|    ?|         ?|          -|          -|  inf |    no    |
        | + Loop 1.1  |    ?|    ?|         2|          1|          1|     ?|    yes   |
        +-------------+-----+-----+----------+-----------+-----------+------+----------+



================================================================
== Utilization Estimates
================================================================
* Summary: 
+-----------------+---------+-------+--------+-------+-----+
|       Name      | BRAM_18K| DSP48E|   FF   |  LUT  | URAM|
+-----------------+---------+-------+--------+-------+-----+
|DSP              |        -|      -|       -|      -|    -|
|Expression       |        -|      -|       0|     40|    -|
|FIFO             |        -|      -|       -|      -|    -|
|Instance         |        -|      -|       -|      -|    -|
|Memory           |        -|      -|       -|      -|    -|
|Multiplexer      |        -|      -|       -|    117|    -|
|Register         |        -|      -|     296|      -|    -|
+-----------------+---------+-------+--------+-------+-----+
|Total            |        0|      0|     296|    157|    0|
+-----------------+---------+-------+--------+-------+-----+
|Available        |      432|    360|  141120|  70560|    0|
+-----------------+---------+-------+--------+-------+-----+
|Utilization (%)  |        0|      0|   ~0   |   ~0  |    0|
+-----------------+---------+-------+--------+-------+-----+

+ Detail: 
    * Instance: 
    N/A

    * DSP48E: 
    N/A

    * Memory: 
    N/A

    * FIFO: 
    N/A

    * Expression: 
    +----------------------------------+----------+-------+---+----+------------+------------+
    |           Variable Name          | Operation| DSP48E| FF| LUT| Bitwidth P0| Bitwidth P1|
    +----------------------------------+----------+-------+---+----+------------+------------+
    |ap_condition_145                  |    and   |      0|  0|   2|           1|           1|
    |ap_predicate_tran4to5_state3      |    and   |      0|  0|   2|           1|           1|
    |io_acc_block_signal_op26          |    and   |      0|  0|   2|           1|           1|
    |io_acc_block_signal_op50          |    and   |      0|  0|   2|           1|           1|
    |icmp_ln37_fu_156_p2               |   icmp   |      0|  0|  13|          16|           1|
    |tmp_tlast_V_fu_176_p2             |   icmp   |      0|  0|  13|          16|           1|
    |ap_block_pp0_stage0_01001         |    or    |      0|  0|   2|           1|           1|
    |ap_block_state4_pp0_stage0_iter1  |    or    |      0|  0|   2|           1|           1|
    |ap_enable_pp0                     |    xor   |      0|  0|   2|           1|           2|
    +----------------------------------+----------+-------+---+----+------------+------------+
    |Total                             |          |      0|  0|  40|          39|          10|
    +----------------------------------+----------+-------+---+----+------------+------------+

    * Multiplexer: 
    +-------------------------+----+-----------+-----+-----------+
    |           Name          | LUT| Input Size| Bits| Total Bits|
    +-------------------------+----+-----------+-----+-----------+
    |ap_NS_fsm                |  21|          4|    1|          4|
    |ap_enable_reg_pp0_iter1  |   9|          2|    1|          2|
    |din_0_blk_n              |   9|          2|    1|          2|
    |din_1_blk_n              |   9|          2|    1|          2|
    |din_2_blk_n              |   9|          2|    1|          2|
    |dout_0_blk_n             |   9|          2|    1|          2|
    |dout_1_blk_n             |   9|          2|    1|          2|
    |dout_1_din               |  15|          3|    1|          3|
    |dout_2_blk_n             |   9|          2|    1|          2|
    |tmp_data_V_reg_112       |   9|          2|  128|        256|
    |tmp_tkeep_V_reg_102      |   9|          2|   16|         32|
    +-------------------------+----+-----------+-----+-----------+
    |Total                    | 117|         25|  153|        309|
    +-------------------------+----+-----------+-----+-----------+

    * Register: 
    +-------------------------+-----+----+-----+-----------+
    |           Name          |  FF | LUT| Bits| Const Bits|
    +-------------------------+-----+----+-----+-----------+
    |ap_CS_fsm                |    4|   0|    4|          0|
    |ap_enable_reg_pp0_iter0  |    1|   0|    1|          0|
    |ap_enable_reg_pp0_iter1  |    1|   0|    1|          0|
    |tmp_data_V_reg_112       |  128|   0|  128|          0|
    |tmp_tkeep_V_reg_102      |   16|   0|   16|          0|
    |tmp_tlast_V_reg_214      |    1|   0|    1|          0|
    |val_data_V_5_reg_200     |  128|   0|  128|          0|
    |val_tkeep_V_5_reg_209    |   16|   0|   16|          0|
    |val_tlast_V_4_reg_205    |    1|   0|    1|          0|
    +-------------------------+-----+----+-----+-----------+
    |Total                    |  296|   0|  296|          0|
    +-------------------------+-----+----+-----+-----------+



================================================================
== Interface
================================================================
* Summary: 
+---------------+-----+-----+------------+----------------------------------------+--------------+
|   RTL Ports   | Dir | Bits|  Protocol  |              Source Object             |    C Type    |
+---------------+-----+-----+------------+----------------------------------------+--------------+
|ap_clk         |  in |    1| ap_ctrl_hs | _sc_stream_last_fixinst_1<128>::thread | return value |
|ap_rst         |  in |    1| ap_ctrl_hs | _sc_stream_last_fixinst_1<128>::thread | return value |
|din_0_dout     |  in |  128|   ap_fifo  |                  din_0                 |    pointer   |
|din_0_empty_n  |  in |    1|   ap_fifo  |                  din_0                 |    pointer   |
|din_0_read     | out |    1|   ap_fifo  |                  din_0                 |    pointer   |
|din_1_dout     |  in |    1|   ap_fifo  |                  din_1                 |    pointer   |
|din_1_empty_n  |  in |    1|   ap_fifo  |                  din_1                 |    pointer   |
|din_1_read     | out |    1|   ap_fifo  |                  din_1                 |    pointer   |
|din_2_dout     |  in |   16|   ap_fifo  |                  din_2                 |    pointer   |
|din_2_empty_n  |  in |    1|   ap_fifo  |                  din_2                 |    pointer   |
|din_2_read     | out |    1|   ap_fifo  |                  din_2                 |    pointer   |
|dout_0_din     | out |  128|   ap_fifo  |                 dout_0                 |    pointer   |
|dout_0_full_n  |  in |    1|   ap_fifo  |                 dout_0                 |    pointer   |
|dout_0_write   | out |    1|   ap_fifo  |                 dout_0                 |    pointer   |
|dout_1_din     | out |    1|   ap_fifo  |                 dout_1                 |    pointer   |
|dout_1_full_n  |  in |    1|   ap_fifo  |                 dout_1                 |    pointer   |
|dout_1_write   | out |    1|   ap_fifo  |                 dout_1                 |    pointer   |
|dout_2_din     | out |   16|   ap_fifo  |                 dout_2                 |    pointer   |
|dout_2_full_n  |  in |    1|   ap_fifo  |                 dout_2                 |    pointer   |
|dout_2_write   | out |    1|   ap_fifo  |                 dout_2                 |    pointer   |
+---------------+-----+-----+------------+----------------------------------------+--------------+

