

================================================================
== Vivado HLS Report for 'Summer_PE_sum_thread'
================================================================
* Date:           Fri Jan 10 13:36:06 2020

* Version:        2019.1 (Build 2552052 on Fri May 24 15:28:33 MDT 2019)
* Project:        CNNAccel
* Solution:       default
* Product family: zynquplus
* Target device:  xczu3eg-sbva484-1-e


================================================================
== Performance Estimates
================================================================
+ Timing (ns): 
    * Summary: 
    +--------+-------+----------+------------+
    |  Clock | Target| Estimated| Uncertainty|
    +--------+-------+----------+------------+
    |ap_clk  |  10.00|     7.742|        1.25|
    +--------+-------+----------+------------+

+ Latency (clock cycles): 
    * Summary: 
    +-----+-----+-----+-----+---------+
    |  Latency  |  Interval | Pipeline|
    | min | max | min | max |   Type  |
    +-----+-----+-----+-----+---------+
    |    ?|    ?|    ?|    ?|   none  |
    +-----+-----+-----+-----+---------+

    + Detail: 
        * Instance: 
        N/A

        * Loop: 
        +-------------+-----+-----+----------+-----------+-----------+------+----------+
        |             |  Latency  | Iteration|  Initiation Interval  | Trip |          |
        |  Loop Name  | min | max |  Latency |  achieved |   target  | Count| Pipelined|
        +-------------+-----+-----+----------+-----------+-----------+------+----------+
        |- Loop 1     |    ?|    ?|         ?|          -|          -|  inf |    no    |
        | + Loop 1.1  |    ?|    ?|         3|          1|          1|     ?|    yes   |
        +-------------+-----+-----+----------+-----------+-----------+------+----------+



================================================================
== Utilization Estimates
================================================================
* Summary: 
+-----------------+---------+-------+--------+-------+-----+
|       Name      | BRAM_18K| DSP48E|   FF   |  LUT  | URAM|
+-----------------+---------+-------+--------+-------+-----+
|DSP              |        -|      -|       -|      -|    -|
|Expression       |        -|      2|       0|    577|    -|
|FIFO             |        -|      -|       -|      -|    -|
|Instance         |        -|      -|       -|      -|    -|
|Memory           |        -|      -|       -|      -|    -|
|Multiplexer      |        -|      -|       -|    354|    -|
|Register         |        -|      -|     284|      -|    -|
+-----------------+---------+-------+--------+-------+-----+
|Total            |        0|      2|     284|    931|    0|
+-----------------+---------+-------+--------+-------+-----+
|Available        |      432|    360|  141120|  70560|    0|
+-----------------+---------+-------+--------+-------+-----+
|Utilization (%)  |        0|   ~0  |   ~0   |      1|    0|
+-----------------+---------+-------+--------+-------+-----+

+ Detail: 
    * Instance: 
    N/A

    * DSP48E: 
    N/A

    * Memory: 
    N/A

    * FIFO: 
    N/A

    * Expression: 
    +----------------------------------+----------+-------+---+----+------------+------------+
    |           Variable Name          | Operation| DSP48E| FF| LUT| Bitwidth P0| Bitwidth P1|
    +----------------------------------+----------+-------+---+----+------------+------------+
    |r_V_fu_529_p2                     |     *    |      2|  0|  20|          32|          15|
    |count_fu_489_p2                   |     +    |      0|  0|  39|          32|           1|
    |p_Val2_43_fu_408_p2               |     +    |      0|  0|  39|          32|          32|
    |p_Val2_46_fu_572_p2               |     +    |      0|  0|  39|          32|          32|
    |p_Val2_49_fu_788_p2               |     +    |      0|  0|  23|          16|          16|
    |ret_V_fu_394_p2                   |     +    |      0|  0|  40|          33|          33|
    |and_ln779_1_fu_875_p2             |    and   |      0|  0|   2|           1|           1|
    |and_ln779_fu_629_p2               |    and   |      0|  0|   2|           1|           1|
    |and_ln781_1_fu_882_p2             |    and   |      0|  0|   2|           1|           1|
    |and_ln781_fu_636_p2               |    and   |      0|  0|   2|           1|           1|
    |and_ln786_4_fu_919_p2             |    and   |      0|  0|   2|           1|           1|
    |and_ln786_fu_673_p2               |    and   |      0|  0|   2|           1|           1|
    |ap_condition_178                  |    and   |      0|  0|   2|           1|           1|
    |ap_condition_202                  |    and   |      0|  0|   2|           1|           1|
    |ap_condition_213                  |    and   |      0|  0|   2|           1|           1|
    |ap_condition_288                  |    and   |      0|  0|   2|           1|           1|
    |ap_condition_56                   |    and   |      0|  0|   2|           1|           1|
    |ap_condition_75                   |    and   |      0|  0|   2|           1|           1|
    |ap_condition_769                  |    and   |      0|  0|   2|           1|           1|
    |ap_predicate_op175_write_state5   |    and   |      0|  0|   2|           1|           1|
    |ap_predicate_op176_write_state5   |    and   |      0|  0|   2|           1|           1|
    |ap_predicate_tran5to6_state3      |    and   |      0|  0|   2|           1|           1|
    |carry_1_fu_592_p2                 |    and   |      0|  0|   2|           1|           1|
    |carry_3_fu_808_p2                 |    and   |      0|  0|   2|           1|           1|
    |io_acc_block_signal_op175         |    and   |      0|  0|   2|           1|           1|
    |io_acc_block_signal_op43          |    and   |      0|  0|   2|           1|           1|
    |overflow_1_fu_667_p2              |    and   |      0|  0|   2|           1|           1|
    |overflow_2_fu_913_p2              |    and   |      0|  0|   2|           1|           1|
    |underflow_1_fu_685_p2             |    and   |      0|  0|   2|           1|           1|
    |underflow_2_fu_931_p2             |    and   |      0|  0|   2|           1|           1|
    |underflow_fu_441_p2               |    and   |      0|  0|   2|           1|           1|
    |Range1_all_ones_1_fu_840_p2       |   icmp   |      0|  0|   8|           2|           2|
    |Range1_all_zeros_fu_847_p2        |   icmp   |      0|  0|   8|           2|           1|
    |icmp_ln1497_fu_731_p2             |   icmp   |      0|  0|  20|          32|           1|
    |icmp_ln58_fu_380_p2               |   icmp   |      0|  0|   9|           4|           1|
    |icmp_ln99_fu_519_p2               |   icmp   |      0|  0|   9|           4|           1|
    |ap_block_pp0_stage0_01001         |    or    |      0|  0|   2|           1|           1|
    |ap_block_state5_pp0_stage0_iter2  |    or    |      0|  0|   2|           1|           1|
    |ap_condition_217                  |    or    |      0|  0|   2|           1|           1|
    |ap_condition_223                  |    or    |      0|  0|   2|           1|           1|
    |ap_condition_232                  |    or    |      0|  0|   2|           1|           1|
    |ap_condition_239                  |    or    |      0|  0|   2|           1|           1|
    |or_ln340_10_fu_709_p2             |    or    |      0|  0|   2|           1|           1|
    |or_ln340_11_fu_937_p2             |    or    |      0|  0|   2|           1|           1|
    |or_ln340_13_fu_955_p2             |    or    |      0|  0|   2|           1|           1|
    |or_ln340_73_fu_459_p2             |    or    |      0|  0|   2|           1|           1|
    |or_ln340_74_fu_703_p2             |    or    |      0|  0|   2|           1|           1|
    |or_ln340_75_fu_949_p2             |    or    |      0|  0|   2|           1|           1|
    |or_ln340_7_fu_465_p2              |    or    |      0|  0|   2|           1|           1|
    |or_ln340_8_fu_691_p2              |    or    |      0|  0|   2|           1|           1|
    |or_ln340_fu_447_p2                |    or    |      0|  0|   2|           1|           1|
    |or_ln71_fu_737_p2                 |    or    |      0|  0|   2|           1|           1|
    |or_ln785_2_fu_655_p2              |    or    |      0|  0|   2|           1|           1|
    |or_ln785_3_fu_901_p2              |    or    |      0|  0|   2|           1|           1|
    |or_ln785_fu_422_p2                |    or    |      0|  0|   2|           1|           1|
    |deleted_zeros_fu_853_p3           |  select  |      0|  0|   2|           1|           1|
    |select_ln340_2_fu_715_p3          |  select  |      0|  0|  32|           1|          31|
    |select_ln340_3_fu_961_p3          |  select  |      0|  0|  16|           1|          15|
    |select_ln340_fu_471_p3            |  select  |      0|  0|  32|           1|          31|
    |select_ln388_2_fu_723_p3          |  select  |      0|  0|  33|           1|          33|
    |select_ln388_3_fu_970_p3          |  select  |      0|  0|  17|           1|          17|
    |select_ln388_fu_480_p3            |  select  |      0|  0|  33|           1|          33|
    |sum_V_3_fu_742_p3                 |  select  |      0|  0|  32|           1|          32|
    |ap_enable_pp0                     |    xor   |      0|  0|   2|           1|           2|
    |xor_ln340_2_fu_697_p2             |    xor   |      0|  0|   2|           1|           2|
    |xor_ln340_3_fu_943_p2             |    xor   |      0|  0|   2|           1|           2|
    |xor_ln340_fu_453_p2               |    xor   |      0|  0|   2|           1|           2|
    |xor_ln416_1_fu_802_p2             |    xor   |      0|  0|   2|           1|           2|
    |xor_ln416_fu_586_p2               |    xor   |      0|  0|   2|           1|           2|
    |xor_ln69_fu_340_p2                |    xor   |      0|  0|   2|           1|           2|
    |xor_ln779_1_fu_869_p2             |    xor   |      0|  0|   2|           1|           2|
    |xor_ln779_fu_623_p2               |    xor   |      0|  0|   2|           1|           2|
    |xor_ln781_1_fu_888_p2             |    xor   |      0|  0|   2|           2|           1|
    |xor_ln781_fu_642_p2               |    xor   |      0|  0|   2|           2|           1|
    |xor_ln785_2_fu_649_p2             |    xor   |      0|  0|   2|           1|           1|
    |xor_ln785_3_fu_661_p2             |    xor   |      0|  0|   2|           1|           2|
    |xor_ln785_4_fu_895_p2             |    xor   |      0|  0|   2|           1|           2|
    |xor_ln785_5_fu_907_p2             |    xor   |      0|  0|   2|           1|           2|
    |xor_ln785_fu_428_p2               |    xor   |      0|  0|   2|           1|           2|
    |xor_ln786_2_fu_679_p2             |    xor   |      0|  0|   2|           2|           1|
    |xor_ln786_3_fu_925_p2             |    xor   |      0|  0|   2|           2|           1|
    |xor_ln786_fu_435_p2               |    xor   |      0|  0|   2|           1|           2|
    +----------------------------------+----------+-------+---+----+------------+------------+
    |Total                             |          |      2|  0| 577|         296|         405|
    +----------------------------------+----------+-------+---+----+------------+------------+

    * Multiplexer: 
    +-----------------------------------------+----+-----------+-----+-----------+
    |                   Name                  | LUT| Input Size| Bits| Total Bits|
    +-----------------------------------------+----+-----------+-----+-----------+
    |ap_NS_fsm                                |  21|          4|    1|          4|
    |ap_enable_reg_pp0_iter2                  |   9|          2|    1|          2|
    |ap_phi_mux_deleted_ones_2_phi_fu_296_p4  |  15|          3|    1|          3|
    |ap_phi_mux_deleted_ones_phi_fu_268_p4    |  15|          3|    1|          3|
    |ap_phi_mux_neg_src_4_phi_fu_305_p4       |  15|          3|    1|          3|
    |ap_phi_mux_neg_src_phi_fu_277_p4         |  15|          3|    1|          3|
    |ap_phi_mux_overflow_phi_fu_216_p4        |  15|          3|    1|          3|
    |ap_phi_mux_p_0751_1_phi_fu_206_p4        |   9|          2|   32|         64|
    |ap_phi_mux_p_Val2_34_phi_fu_196_p4       |   9|          2|   32|         64|
    |ap_phi_mux_sum_V_phi_fu_226_p4           |  15|          3|   32|         96|
    |ap_phi_mux_tmp_out_V_phi_fu_315_p4       |  15|          3|   16|         48|
    |ap_phi_reg_pp0_iter2_sum_V_1_reg_284     |  15|          3|   32|         96|
    |ctrl_acf_blk_n                           |   9|          2|    1|          2|
    |din_0_blk_n                              |   9|          2|    1|          2|
    |din_1_blk_n                              |   9|          2|    1|          2|
    |din_2_blk_n                              |   9|          2|    1|          2|
    |dout_0_blk_n                             |   9|          2|    1|          2|
    |dout_0_din                               |  15|          3|   16|         48|
    |dout_1_blk_n                             |   9|          2|    1|          2|
    |dout_1_din                               |  15|          3|    1|          3|
    |dout_2_blk_n                             |   9|          2|    1|          2|
    |dout_2_din                               |  15|          3|    2|          6|
    |p_0751_0_reg_180                         |   9|          2|   32|         64|
    |p_0751_1_reg_203                         |   9|          2|   32|         64|
    |p_0751_3_reg_249                         |  15|          3|   32|         96|
    |p_0792_4_reg_233                         |  21|          4|   32|        128|
    |p_Val2_34_reg_192                        |   9|          2|   32|         64|
    |sum_V_reg_223                            |  15|          3|   32|         96|
    +-----------------------------------------+----+-----------+-----+-----------+
    |Total                                    | 354|         73|  369|        972|
    +-----------------------------------------+----+-----------+-----+-----------+

    * Register: 
    +--------------------------------------+----+----+-----+-----------+
    |                 Name                 | FF | LUT| Bits| Const Bits|
    +--------------------------------------+----+----+-----+-----------+
    |ap_CS_fsm                             |   4|   0|    4|          0|
    |ap_enable_reg_pp0_iter0               |   1|   0|    1|          0|
    |ap_enable_reg_pp0_iter1               |   1|   0|    1|          0|
    |ap_enable_reg_pp0_iter2               |   1|   0|    1|          0|
    |ap_phi_reg_pp0_iter1_sum_V_1_reg_284  |  32|   0|   32|          0|
    |ap_phi_reg_pp0_iter2_sum_V_1_reg_284  |  32|   0|   32|          0|
    |icmp_ln58_reg_993                     |   1|   0|    1|          0|
    |icmp_ln58_reg_993_pp0_iter1_reg       |   1|   0|    1|          0|
    |icmp_ln99_reg_1005                    |   1|   0|    1|          0|
    |p_0751_0_reg_180                      |  32|   0|   32|          0|
    |p_0751_1_reg_203                      |  32|   0|   32|          0|
    |p_0751_3_reg_249                      |  32|   0|   32|          0|
    |p_0792_4_reg_233                      |  32|   0|   32|          0|
    |p_Val2_34_reg_192                     |  32|   0|   32|          0|
    |sum_V_reg_223                         |  32|   0|   32|          0|
    |val_tlast_V_reg_989                   |   1|   0|    1|          0|
    |val_tlast_V_reg_989_pp0_iter1_reg     |   1|   0|    1|          0|
    |xor_ln69_reg_984                      |   1|   0|    1|          0|
    |zext_ln791_reg_979                    |  15|   0|   47|         32|
    +--------------------------------------+----+----+-----+-----------+
    |Total                                 | 284|   0|  316|         32|
    +--------------------------------------+----+----+-----+-----------+



================================================================
== Interface
================================================================
* Summary: 
+------------------+-----+-----+------------+-------------------------------------+--------------+
|     RTL Ports    | Dir | Bits|  Protocol  |            Source Object            |    C Type    |
+------------------+-----+-----+------------+-------------------------------------+--------------+
|ap_clk            |  in |    1| ap_ctrl_hs | Summer<32, 4, 16, 2>::PE_sum_thread | return value |
|ap_rst            |  in |    1| ap_ctrl_hs | Summer<32, 4, 16, 2>::PE_sum_thread | return value |
|din_0_dout        |  in |   32|   ap_fifo  |                din_0                |    pointer   |
|din_0_empty_n     |  in |    1|   ap_fifo  |                din_0                |    pointer   |
|din_0_read        | out |    1|   ap_fifo  |                din_0                |    pointer   |
|din_1_dout        |  in |    1|   ap_fifo  |                din_1                |    pointer   |
|din_1_empty_n     |  in |    1|   ap_fifo  |                din_1                |    pointer   |
|din_1_read        | out |    1|   ap_fifo  |                din_1                |    pointer   |
|din_2_dout        |  in |    4|   ap_fifo  |                din_2                |    pointer   |
|din_2_empty_n     |  in |    1|   ap_fifo  |                din_2                |    pointer   |
|din_2_read        | out |    1|   ap_fifo  |                din_2                |    pointer   |
|dout_0_din        | out |   16|   ap_fifo  |                dout_0               |    pointer   |
|dout_0_full_n     |  in |    1|   ap_fifo  |                dout_0               |    pointer   |
|dout_0_write      | out |    1|   ap_fifo  |                dout_0               |    pointer   |
|dout_1_din        | out |    1|   ap_fifo  |                dout_1               |    pointer   |
|dout_1_full_n     |  in |    1|   ap_fifo  |                dout_1               |    pointer   |
|dout_1_write      | out |    1|   ap_fifo  |                dout_1               |    pointer   |
|dout_2_din        | out |    2|   ap_fifo  |                dout_2               |    pointer   |
|dout_2_full_n     |  in |    1|   ap_fifo  |                dout_2               |    pointer   |
|dout_2_write      | out |    1|   ap_fifo  |                dout_2               |    pointer   |
|ctrl_acf_dout     |  in |   16|   ap_fifo  |               ctrl_acf              |    pointer   |
|ctrl_acf_empty_n  |  in |    1|   ap_fifo  |               ctrl_acf              |    pointer   |
|ctrl_acf_read     | out |    1|   ap_fifo  |               ctrl_acf              |    pointer   |
|count_out         | out |   32|   ap_vld   |              count_out              |    pointer   |
|count_out_ap_vld  | out |    1|   ap_vld   |              count_out              |    pointer   |
+------------------+-----+-----+------------+-------------------------------------+--------------+

