make: Entering directory '/home/jonathan/git/CNNAccel/src'
export LD_LIBRARY_PATH=/usr/local/systemc-2.3.3/lib-linux64/:;cd build/1809963562324/src/hwcore/tb/cnn/; /home/jonathan/git/CNNAccel/src/build/1809963562324/src/hwcore/tb/cnn/main_cnn.cpp.run > /home/jonathan/git/CNNAccel/src/build/1809963562324/src/hwcore/tb/cnn/main_cnn.cpp.run.log; RET=$?;if [ $RET -eq 0 ]; then tail -n10 /home/jonathan/git/CNNAccel/src/build/1809963562324/src/hwcore/tb/cnn/main_cnn.cpp.run.log; echo "[FINISH - OK] build/1809963562324/src/hwcore/tb/cnn/main_cnn.cpp.ok"; else tail -n100 /home/jonathan/git/CNNAccel/src/build/1809963562324/src/hwcore/tb/cnn/main_cnn.cpp.run.log; echo "[FINISH - ERROR] build/1809963562324/src/hwcore/tb/cnn/main_cnn.cpp.ok"; fi; echo "See full log at: build/1809963562324/src/hwcore/tb/cnn/main_cnn.cpp.run.log" ;sleep 0.01;return $RET

        SystemC 2.3.3-Accellera --- Sep 29 2019 13:59:20
        Copyright (c) 1996-2018 by all Contributors,
        ALL RIGHTS RESERVED
Segmentation fault (core dumped)
DMA data(200670, 200704): 0011001011110001101010011111101111000010000111001010110000001000
401342:-.754000000655651092529296875
401343:.015999999828636646270751953125
DMA data(200671, 200704): 0000000100000110001001001101110111001111101111100111011011001000
401344:.27899999916553497314453125
401345:-.13700000010430812835693359375
DMA data(200672, 200704): 1111011100111011011001000101101000010001110110110010001011010000
401346:.076999999582767486572265625
401347:-.703000000678002834320068359375
DMA data(200673, 200704): 1101001100000010000011000100100100000100111011011001000101101000
401348:.446999999694526195526123046875
401349:.7699999995529651641845703125
DMA data(200674, 200704): 0011000101000111101011100001010000011100100110111010010111100011
401350:.96199999935925006866455078125
401351:-.09300000034272670745849609375
DMA data(200675, 200704): 1111101000001100010010011011101000111101100100010110100001110010
401352:-.59600000083446502685546875
401353:.3729999996721744537353515625
DMA data(200676, 200704): 0001011111011111001110110110010011011001110110110010001011010000
401354:-.669000000692903995513916015625
401355:.095999999903142452239990234375
DMA data(200677, 200704): 0000011000100100110111010010111111010101001011110001101010011111
401356:-.349000000394880771636962890625
401357:.245999999344348907470703125
DMA data(200678, 200704): 0000111110111110011101101100100011101001101010011111101111100111
401358:.7039999999105930328369140625
401359:-.49000000022351741790771484375
DMA data(200679, 200704): 1110000010100011110101110000101000101101000011100101011000000100
401360:-.908000000752508640289306640625
401361:.69099999964237213134765625
DMA data(200680, 200704): 0010110000111001010110000001000011000101111000110101001111110111
401362:.94099999964237213134765625
401363:-.232000000774860382080078125
DMA data(200681, 200704): 1111000100100110111010010111100000111100001110010101100000010000
401364:-.699000000022351741790771484375
401365:.88299999944865703582763671875
DMA data(200682, 200704): 0011100010000011000100100110111011010011010000111001010110000001
401366:.78199999965727329254150390625
401367:.510999999940395355224609375
DMA data(200683, 200704): 0010000010110100001110010101100000110010000011000100100110111010
401368:-.055000000633299350738525390625
401369:.29499999992549419403076171875
DMA data(200684, 200704): 0001001011100001010001111010111011111100011110101110000101000111
401370:-.090000000782310962677001953125
401371:-.021000000648200511932373046875
DMA data(200685, 200704): 1111111010100111111011111001110111111010001111010111000010100011
401372:.4429999999701976776123046875
401373:.50799999944865703582763671875
DMA data(200686, 200704): 0010000010000011000100100110111000011100010110100001110010101100
401374:-.6530000008642673492431640625
401375:-.27700000070035457611083984375
DMA data(200687, 200704): 1110111001000101101000011100101011010110001101010011111101111100
401376:-.62800000049173831939697265625
401377:.424999999813735485076904296875
DMA data(200688, 200704): 0001101100110011001100110011001111010111110011101101100100010110
401378:.37199999950826168060302734375
401379:-.829000000841915607452392578125
DMA data(200689, 200704): 1100101011110001101010011111101100010111110011101101100100010110
401380:.546999999321997165679931640625
401381:.334999999962747097015380859375
DMA data(200690, 200704): 0001010101110000101000111101011100100011000000100000110001001001
401382:.07799999974668025970458984375
401383:-.6970000006258487701416015625
DMA data(200691, 200704): 1101001101100100010110100001110000000100111111011111001110110110
401384:.059999999590218067169189453125
401385:.409999999217689037322998046875
DMA data(200692, 200704): 0001101000111101011100001010001100000011110101110000101000111101
401386:.398999999277293682098388671875
401387:.71199999935925006866455078125
DMA data(200693, 200704): 0010110110010001011010000111001000011001100010010011011101001011
401388:.00799999944865703582763671875
401389:.455999999307096004486083984375
DMA data(200694, 200704): 0001110100101111000110101001111100000000100000110001001001101110
401390:-.42600000090897083282470703125
401391:.451999999582767486572265625
DMA data(200695, 200704): 0001110011101101100100010110100011100100101111000110101001111110
401392:.14699999988079071044921875
401393:-.484000000171363353729248046875
DMA data(200696, 200704): 1110000100000110001001001101110100001001011010000111001010110000
401394:-.780000000260770320892333984375
401395:.799999999813735485076904296875
DMA data(200697, 200704): 0011001100110011001100110011001111001110000101000111101011100001
401396:-.601000000722706317901611328125
401397:-.646000000648200511932373046875
DMA data(200698, 200704): 1101011010100111111011111001110111011001100010010011011101001011
401398:.662999999709427356719970703125
401399:.696999999694526195526123046875
DMA data(200699, 200704): 0010110010011011101001011110001100101010011011101001011110001101
401400:-.998000000603497028350830078125
401401:-.42600000090897083282470703125
DMA data(200700, 200704): 1110010010111100011010100111111011000000001000001100010010011011
401402:.027999999932944774627685546875
401403:.444999999366700649261474609375
DMA data(200701, 200704): 0001110001111010111000010100011100000001110010101100000010000011
401404:-.918000000528991222381591796875
401405:.375
DMA data(200702, 200704): 0001100000000000000000000000000011000101001111110111110011101101
401406:-.4800000004470348358154296875
401407:-.19400000013411045074462890625
DMA data(200703, 200704): 1111001110010101100000010000011011100001010001111010111000010100
[FINISH - ERROR] build/1809963562324/src/hwcore/tb/cnn/main_cnn.cpp.ok
See full log at: build/1809963562324/src/hwcore/tb/cnn/main_cnn.cpp.run.log
Makefile:167: recipe for target 'build/1809963562324/src/hwcore/tb/cnn/main_cnn.cpp.ok' failed
make: *** [build/1809963562324/src/hwcore/tb/cnn/main_cnn.cpp.ok] Error 139
make: Leaving directory '/home/jonathan/git/CNNAccel/src'
