

================================================================
== Vivado HLS Report for 'p_sc_stream_stitchinginst_1_thread'
================================================================
* Date:           Sat Feb 29 20:00:40 2020

* Version:        2019.1 (Build 2552052 on Fri May 24 15:28:33 MDT 2019)
* Project:        CNNAccel
* Solution:       default
* Product family: zynquplus
* Target device:  xczu3eg-sbva484-1-e


================================================================
== Performance Estimates
================================================================
+ Timing (ns): 
    * Summary: 
    +--------+-------+----------+------------+
    |  Clock | Target| Estimated| Uncertainty|
    +--------+-------+----------+------------+
    |ap_clk  |   5.00|     2.922|        0.62|
    +--------+-------+----------+------------+

+ Latency (clock cycles): 
    * Summary: 
    +-----+-----+-----+-----+---------+
    |  Latency  |  Interval | Pipeline|
    | min | max | min | max |   Type  |
    +-----+-----+-----+-----+---------+
    |    ?|    ?|    ?|    ?|   none  |
    +-----+-----+-----+-----+---------+

    + Detail: 
        * Instance: 
        N/A

        * Loop: 
        +-------------+-----+-----+----------+-----------+-----------+------+----------+
        |             |  Latency  | Iteration|  Initiation Interval  | Trip |          |
        |  Loop Name  | min | max |  Latency |  achieved |   target  | Count| Pipelined|
        +-------------+-----+-----+----------+-----------+-----------+------+----------+
        |- Loop 1     |    ?|    ?|         ?|          -|          -|  inf |    no    |
        | + Loop 1.1  |    ?|    ?|         2|          1|          1|     ?|    yes   |
        +-------------+-----+-----+----------+-----------+-----------+------+----------+



================================================================
== Utilization Estimates
================================================================
* Summary: 
+-----------------+---------+-------+--------+-------+-----+
|       Name      | BRAM_18K| DSP48E|   FF   |  LUT  | URAM|
+-----------------+---------+-------+--------+-------+-----+
|DSP              |        -|      -|       -|      -|    -|
|Expression       |        -|      -|       0|    114|    -|
|FIFO             |        -|      -|       -|      -|    -|
|Instance         |        -|      -|       -|      -|    -|
|Memory           |        -|      -|       -|      -|    -|
|Multiplexer      |        -|      -|       -|    240|    -|
|Register         |        -|      -|     217|      -|    -|
+-----------------+---------+-------+--------+-------+-----+
|Total            |        0|      0|     217|    354|    0|
+-----------------+---------+-------+--------+-------+-----+
|Available        |      432|    360|  141120|  70560|    0|
+-----------------+---------+-------+--------+-------+-----+
|Utilization (%)  |        0|      0|   ~0   |   ~0  |    0|
+-----------------+---------+-------+--------+-------+-----+

+ Detail: 
    * Instance: 
    N/A

    * DSP48E: 
    N/A

    * Memory: 
    N/A

    * FIFO: 
    N/A

    * Expression: 
    +----------------------------------+----------+-------+---+----+------------+------------+
    |           Variable Name          | Operation| DSP48E| FF| LUT| Bitwidth P0| Bitwidth P1|
    +----------------------------------+----------+-------+---+----+------------+------------+
    |add_ln215_fu_242_p2               |     +    |      0|  0|  23|          16|           1|
    |ret_V_fu_231_p2                   |     +    |      0|  0|  24|          17|           1|
    |ap_condition_155                  |    and   |      0|  0|   2|           1|           1|
    |ap_condition_70                   |    and   |      0|  0|   2|           1|           1|
    |io_acc_block_signal_op42          |    and   |      0|  0|   2|           1|           1|
    |io_acc_block_signal_op47          |    and   |      0|  0|   2|           1|           1|
    |io_acc_block_signal_op62          |    and   |      0|  0|   2|           1|           1|
    |icmp_ln887_fu_201_p2              |   icmp   |      0|  0|  13|          16|          16|
    |icmp_ln891_fu_237_p2              |   icmp   |      0|  0|  20|          17|          17|
    |ap_block_pp0_stage0_01001         |    or    |      0|  0|   2|           1|           1|
    |ap_block_state2                   |    or    |      0|  0|   2|           1|           1|
    |ap_block_state3_pp0_stage0_iter0  |    or    |      0|  0|   2|           1|           1|
    |ptr_V_fu_248_p3                   |  select  |      0|  0|  16|           1|          16|
    |ap_enable_pp0                     |    xor   |      0|  0|   2|           1|           2|
    +----------------------------------+----------+-------+---+----+------------+------------+
    |Total                             |          |      0|  0| 114|          76|          61|
    +----------------------------------+----------+-------+---+----+------------+------------+

    * Multiplexer: 
    +------------------------------------------+----+-----------+-----+-----------+
    |                   Name                   | LUT| Input Size| Bits| Total Bits|
    +------------------------------------------+----+-----------+-----+-----------+
    |ap_NS_fsm                                 |  21|          4|    1|          4|
    |ap_enable_reg_pp0_iter1                   |   9|          2|    1|          2|
    |ap_phi_mux_last_0_phi_fu_146_p4           |   9|          2|    1|          2|
    |ap_phi_mux_last_1_phi_fu_157_p4           |  15|          3|    1|          3|
    |ap_phi_mux_p_0101_0_phi_fu_135_p4         |   9|          2|   16|         32|
    |ap_phi_reg_pp0_iter1_tmp_data_V_reg_187   |  15|          3|  128|        384|
    |ap_phi_reg_pp0_iter1_tmp_tkeep_V_reg_165  |  15|          3|   16|         48|
    |ap_phi_reg_pp0_iter1_tmp_tlast_V_reg_175  |  15|          3|    1|          3|
    |ctrl_buf_depth_blk_n                      |   9|          2|    1|          2|
    |ctrl_depth_blk_n                          |   9|          2|    1|          2|
    |din_0_blk_n                               |   9|          2|    1|          2|
    |din_1_blk_n                               |   9|          2|    1|          2|
    |din_2_blk_n                               |   9|          2|    1|          2|
    |din_buf_0_blk_n                           |   9|          2|    1|          2|
    |din_buf_1_blk_n                           |   9|          2|    1|          2|
    |din_buf_2_blk_n                           |   9|          2|    1|          2|
    |dout_0_blk_n                              |   9|          2|    1|          2|
    |dout_1_blk_n                              |   9|          2|    1|          2|
    |dout_2_blk_n                              |   9|          2|    1|          2|
    |last_0_reg_142                            |   9|          2|    1|          2|
    |last_1_reg_153                            |  15|          3|    1|          3|
    |p_0101_0_reg_131                          |   9|          2|   16|         32|
    +------------------------------------------+----+-----------+-----+-----------+
    |Total                                     | 240|         51|  194|        537|
    +------------------------------------------+----+-----------+-----+-----------+

    * Register: 
    +------------------------------------------+-----+----+-----+-----------+
    |                   Name                   |  FF | LUT| Bits| Const Bits|
    +------------------------------------------+-----+----+-----+-----------+
    |ap_CS_fsm                                 |    4|   0|    4|          0|
    |ap_enable_reg_pp0_iter0                   |    1|   0|    1|          0|
    |ap_enable_reg_pp0_iter1                   |    1|   0|    1|          0|
    |ap_phi_reg_pp0_iter1_tmp_data_V_reg_187   |  128|   0|  128|          0|
    |ap_phi_reg_pp0_iter1_tmp_tkeep_V_reg_165  |   16|   0|   16|          0|
    |ap_phi_reg_pp0_iter1_tmp_tlast_V_reg_175  |    1|   0|    1|          0|
    |last_0_reg_142                            |    1|   0|    1|          0|
    |last_1_reg_153                            |    1|   0|    1|          0|
    |p_0101_0_reg_131                          |   16|   0|   16|          0|
    |ptr_V_reg_295                             |   16|   0|   16|          0|
    |val_V_1_reg_256                           |   16|   0|   16|          0|
    |zext_ln44_reg_261                         |   16|   0|   17|          1|
    +------------------------------------------+-----+----+-----+-----------+
    |Total                                     |  217|   0|  218|          1|
    +------------------------------------------+-----+----+-----+-----------+



================================================================
== Interface
================================================================
* Summary: 
+------------------------+-----+-----+------------+-----------------------------------------+--------------+
|        RTL Ports       | Dir | Bits|  Protocol  |              Source Object              |    C Type    |
+------------------------+-----+-----+------------+-----------------------------------------+--------------+
|ap_clk                  |  in |    1| ap_ctrl_hs | _sc_stream_stitchinginst_1<128>::thread | return value |
|ap_rst                  |  in |    1| ap_ctrl_hs | _sc_stream_stitchinginst_1<128>::thread | return value |
|din_buf_0_dout          |  in |  128|   ap_fifo  |                din_buf_0                |    pointer   |
|din_buf_0_empty_n       |  in |    1|   ap_fifo  |                din_buf_0                |    pointer   |
|din_buf_0_read          | out |    1|   ap_fifo  |                din_buf_0                |    pointer   |
|din_buf_1_dout          |  in |    1|   ap_fifo  |                din_buf_1                |    pointer   |
|din_buf_1_empty_n       |  in |    1|   ap_fifo  |                din_buf_1                |    pointer   |
|din_buf_1_read          | out |    1|   ap_fifo  |                din_buf_1                |    pointer   |
|din_buf_2_dout          |  in |   16|   ap_fifo  |                din_buf_2                |    pointer   |
|din_buf_2_empty_n       |  in |    1|   ap_fifo  |                din_buf_2                |    pointer   |
|din_buf_2_read          | out |    1|   ap_fifo  |                din_buf_2                |    pointer   |
|din_0_dout              |  in |  128|   ap_fifo  |                  din_0                  |    pointer   |
|din_0_empty_n           |  in |    1|   ap_fifo  |                  din_0                  |    pointer   |
|din_0_read              | out |    1|   ap_fifo  |                  din_0                  |    pointer   |
|din_1_dout              |  in |    1|   ap_fifo  |                  din_1                  |    pointer   |
|din_1_empty_n           |  in |    1|   ap_fifo  |                  din_1                  |    pointer   |
|din_1_read              | out |    1|   ap_fifo  |                  din_1                  |    pointer   |
|din_2_dout              |  in |   16|   ap_fifo  |                  din_2                  |    pointer   |
|din_2_empty_n           |  in |    1|   ap_fifo  |                  din_2                  |    pointer   |
|din_2_read              | out |    1|   ap_fifo  |                  din_2                  |    pointer   |
|dout_0_din              | out |  128|   ap_fifo  |                  dout_0                 |    pointer   |
|dout_0_full_n           |  in |    1|   ap_fifo  |                  dout_0                 |    pointer   |
|dout_0_write            | out |    1|   ap_fifo  |                  dout_0                 |    pointer   |
|dout_1_din              | out |    1|   ap_fifo  |                  dout_1                 |    pointer   |
|dout_1_full_n           |  in |    1|   ap_fifo  |                  dout_1                 |    pointer   |
|dout_1_write            | out |    1|   ap_fifo  |                  dout_1                 |    pointer   |
|dout_2_din              | out |   16|   ap_fifo  |                  dout_2                 |    pointer   |
|dout_2_full_n           |  in |    1|   ap_fifo  |                  dout_2                 |    pointer   |
|dout_2_write            | out |    1|   ap_fifo  |                  dout_2                 |    pointer   |
|ctrl_depth_dout         |  in |   16|   ap_fifo  |                ctrl_depth               |    pointer   |
|ctrl_depth_empty_n      |  in |    1|   ap_fifo  |                ctrl_depth               |    pointer   |
|ctrl_depth_read         | out |    1|   ap_fifo  |                ctrl_depth               |    pointer   |
|ctrl_buf_depth_dout     |  in |   16|   ap_fifo  |              ctrl_buf_depth             |    pointer   |
|ctrl_buf_depth_empty_n  |  in |    1|   ap_fifo  |              ctrl_buf_depth             |    pointer   |
|ctrl_buf_depth_read     | out |    1|   ap_fifo  |              ctrl_buf_depth             |    pointer   |
+------------------------+-----+-----+------------+-----------------------------------------+--------------+

