

================================================================
== Vivado HLS Report for 'p_sc_stream_splitter_cloneinst_3_thread_sc_stream_splitter_clone'
================================================================
* Date:           Mon Feb 17 22:36:57 2020

* Version:        2019.1 (Build 2552052 on Fri May 24 15:28:33 MDT 2019)
* Project:        CNNAccel
* Solution:       default
* Product family: zynquplus
* Target device:  xczu3eg-sbva484-1-e


================================================================
== Performance Estimates
================================================================
+ Timing (ns): 
    * Summary: 
    +--------+-------+----------+------------+
    |  Clock | Target| Estimated| Uncertainty|
    +--------+-------+----------+------------+
    |ap_clk  |   5.00|     4.334|        0.62|
    +--------+-------+----------+------------+

+ Latency (clock cycles): 
    * Summary: 
    +-----+-----+-----+-----+---------+
    |  Latency  |  Interval | Pipeline|
    | min | max | min | max |   Type  |
    +-----+-----+-----+-----+---------+
    |    2|    2|    2|    2|   none  |
    +-----+-----+-----+-----+---------+

    + Detail: 
        * Instance: 
        N/A

        * Loop: 
        +----------+-----+-----+----------+-----------+-----------+------+----------+
        |          |  Latency  | Iteration|  Initiation Interval  | Trip |          |
        | Loop Name| min | max |  Latency |  achieved |   target  | Count| Pipelined|
        +----------+-----+-----+----------+-----------+-----------+------+----------+
        |- Loop 1  |    1|    1|         1|          -|          -|  inf |    no    |
        +----------+-----+-----+----------+-----------+-----------+------+----------+



================================================================
== Utilization Estimates
================================================================
* Summary: 
+-----------------+---------+-------+--------+-------+-----+
|       Name      | BRAM_18K| DSP48E|   FF   |  LUT  | URAM|
+-----------------+---------+-------+--------+-------+-----+
|DSP              |        -|      -|       -|      -|    -|
|Expression       |        -|      -|       0|      2|    -|
|FIFO             |        -|      -|       -|      -|    -|
|Instance         |        -|      -|       -|      -|    -|
|Memory           |        -|      -|       -|      -|    -|
|Multiplexer      |        -|      -|       -|     90|    -|
|Register         |        -|      -|       2|      -|    -|
+-----------------+---------+-------+--------+-------+-----+
|Total            |        0|      0|       2|     92|    0|
+-----------------+---------+-------+--------+-------+-----+
|Available        |      432|    360|  141120|  70560|    0|
+-----------------+---------+-------+--------+-------+-----+
|Utilization (%)  |        0|      0|   ~0   |   ~0  |    0|
+-----------------+---------+-------+--------+-------+-----+

+ Detail: 
    * Instance: 
    N/A

    * DSP48E: 
    N/A

    * Memory: 
    N/A

    * FIFO: 
    N/A

    * Expression: 
    +-----------------+----------+-------+---+----+------------+------------+
    |  Variable Name  | Operation| DSP48E| FF| LUT| Bitwidth P0| Bitwidth P1|
    +-----------------+----------+-------+---+----+------------+------------+
    |ap_block_state2  |    or    |      0|  0|   2|           1|           1|
    +-----------------+----------+-------+---+----+------------+------------+
    |Total            |          |      0|  0|   2|           1|           1|
    +-----------------+----------+-------+---+----+------------+------------+

    * Multiplexer: 
    +--------------+----+-----------+-----+-----------+
    |     Name     | LUT| Input Size| Bits| Total Bits|
    +--------------+----+-----------+-----+-----------+
    |ap_NS_fsm     |   9|          2|    1|          2|
    |din_blk_n     |   9|          2|    1|          2|
    |dout_0_blk_n  |   9|          2|    1|          2|
    |dout_1_blk_n  |   9|          2|    1|          2|
    |dout_2_blk_n  |   9|          2|    1|          2|
    |dout_3_blk_n  |   9|          2|    1|          2|
    |dout_4_blk_n  |   9|          2|    1|          2|
    |dout_5_blk_n  |   9|          2|    1|          2|
    |dout_6_blk_n  |   9|          2|    1|          2|
    |dout_7_blk_n  |   9|          2|    1|          2|
    +--------------+----+-----------+-----+-----------+
    |Total         |  90|         20|   10|         20|
    +--------------+----+-----------+-----+-----------+

    * Register: 
    +-----------+---+----+-----+-----------+
    |    Name   | FF| LUT| Bits| Const Bits|
    +-----------+---+----+-----+-----------+
    |ap_CS_fsm  |  2|   0|    2|          0|
    +-----------+---+----+-----+-----------+
    |Total      |  2|   0|    2|          0|
    +-----------+---+----+-----+-----------+



================================================================
== Interface
================================================================
* Summary: 
+---------------+-----+-----+------------+--------------------------------------------------------------------------------------------------+--------------+
|   RTL Ports   | Dir | Bits|  Protocol  |                                           Source Object                                          |    C Type    |
+---------------+-----+-----+------------+--------------------------------------------------------------------------------------------------+--------------+
|ap_clk         |  in |    1| ap_ctrl_hs | _sc_stream_splitter_cloneinst_3<_ap_sc_::sc_dt::sc_uint<16>, 8>::thread_sc_stream_splitter_clone | return value |
|ap_rst         |  in |    1| ap_ctrl_hs | _sc_stream_splitter_cloneinst_3<_ap_sc_::sc_dt::sc_uint<16>, 8>::thread_sc_stream_splitter_clone | return value |
|din_dout       |  in |   16|   ap_fifo  |                                                din                                               |    pointer   |
|din_empty_n    |  in |    1|   ap_fifo  |                                                din                                               |    pointer   |
|din_read       | out |    1|   ap_fifo  |                                                din                                               |    pointer   |
|dout_0_din     | out |   16|   ap_fifo  |                                              dout_0                                              |    pointer   |
|dout_0_full_n  |  in |    1|   ap_fifo  |                                              dout_0                                              |    pointer   |
|dout_0_write   | out |    1|   ap_fifo  |                                              dout_0                                              |    pointer   |
|dout_1_din     | out |   16|   ap_fifo  |                                              dout_1                                              |    pointer   |
|dout_1_full_n  |  in |    1|   ap_fifo  |                                              dout_1                                              |    pointer   |
|dout_1_write   | out |    1|   ap_fifo  |                                              dout_1                                              |    pointer   |
|dout_2_din     | out |   16|   ap_fifo  |                                              dout_2                                              |    pointer   |
|dout_2_full_n  |  in |    1|   ap_fifo  |                                              dout_2                                              |    pointer   |
|dout_2_write   | out |    1|   ap_fifo  |                                              dout_2                                              |    pointer   |
|dout_3_din     | out |   16|   ap_fifo  |                                              dout_3                                              |    pointer   |
|dout_3_full_n  |  in |    1|   ap_fifo  |                                              dout_3                                              |    pointer   |
|dout_3_write   | out |    1|   ap_fifo  |                                              dout_3                                              |    pointer   |
|dout_4_din     | out |   16|   ap_fifo  |                                              dout_4                                              |    pointer   |
|dout_4_full_n  |  in |    1|   ap_fifo  |                                              dout_4                                              |    pointer   |
|dout_4_write   | out |    1|   ap_fifo  |                                              dout_4                                              |    pointer   |
|dout_5_din     | out |   16|   ap_fifo  |                                              dout_5                                              |    pointer   |
|dout_5_full_n  |  in |    1|   ap_fifo  |                                              dout_5                                              |    pointer   |
|dout_5_write   | out |    1|   ap_fifo  |                                              dout_5                                              |    pointer   |
|dout_6_din     | out |   16|   ap_fifo  |                                              dout_6                                              |    pointer   |
|dout_6_full_n  |  in |    1|   ap_fifo  |                                              dout_6                                              |    pointer   |
|dout_6_write   | out |    1|   ap_fifo  |                                              dout_6                                              |    pointer   |
|dout_7_din     | out |   16|   ap_fifo  |                                              dout_7                                              |    pointer   |
|dout_7_full_n  |  in |    1|   ap_fifo  |                                              dout_7                                              |    pointer   |
|dout_7_write   | out |    1|   ap_fifo  |                                              dout_7                                              |    pointer   |
+---------------+-----+-----+------------+--------------------------------------------------------------------------------------------------+--------------+

