

================================================================
== Vivado HLS Report for 'p_sc_stream_circularlinebuffer_shift'
================================================================
* Date:           Mon Feb 17 22:26:34 2020

* Version:        2019.1 (Build 2552052 on Fri May 24 15:28:33 MDT 2019)
* Project:        CNNAccel
* Solution:       default
* Product family: zynquplus
* Target device:  xczu3eg-sbva484-1-e


================================================================
== Performance Estimates
================================================================
+ Timing (ns): 
    * Summary: 
    +--------+-------+----------+------------+
    |  Clock | Target| Estimated| Uncertainty|
    +--------+-------+----------+------------+
    |ap_clk  |   5.00|     4.274|        0.62|
    +--------+-------+----------+------------+

+ Latency (clock cycles): 
    * Summary: 
    +-----+-----+-----+-----+---------+
    |  Latency  |  Interval | Pipeline|
    | min | max | min | max |   Type  |
    +-----+-----+-----+-----+---------+
    |    ?|    ?|    ?|    ?|   none  |
    +-----+-----+-----+-----+---------+

    + Detail: 
        * Instance: 
        +--------------------------------------------------------------+---------------------------------------------------+-----+-----+-----+-----+---------+
        |                                                              |                                                   |  Latency  |  Interval | Pipeline|
        |                           Instance                           |                       Module                      | min | max | min | max |   Type  |
        +--------------------------------------------------------------+---------------------------------------------------+-----+-----+-----+-----+---------+
        |grp_p_sc_stream_circularlinebuffer_shift_thread_shift_fu_106  |p_sc_stream_circularlinebuffer_shift_thread_shift  |    ?|    ?|    ?|    ?|   none  |
        +--------------------------------------------------------------+---------------------------------------------------+-----+-----+-----+-----+---------+

        * Loop: 
        N/A



================================================================
== Utilization Estimates
================================================================
* Summary: 
+-----------------+---------+-------+--------+-------+-----+
|       Name      | BRAM_18K| DSP48E|   FF   |  LUT  | URAM|
+-----------------+---------+-------+--------+-------+-----+
|DSP              |        -|      -|       -|      -|    -|
|Expression       |        -|      -|       -|      -|    -|
|FIFO             |        -|      -|       -|      -|    -|
|Instance         |       12|      -|    3504|   2541|    0|
|Memory           |        -|      -|       -|      -|    -|
|Multiplexer      |        -|      -|       -|      -|    -|
|Register         |        -|      -|       -|      -|    -|
+-----------------+---------+-------+--------+-------+-----+
|Total            |       12|      0|    3504|   2541|    0|
+-----------------+---------+-------+--------+-------+-----+
|Available        |      432|    360|  141120|  70560|    0|
+-----------------+---------+-------+--------+-------+-----+
|Utilization (%)  |        2|      0|       2|      3|    0|
+-----------------+---------+-------+--------+-------+-----+

+ Detail: 
    * Instance: 
    +--------------------------------------------------------------+---------------------------------------------------+---------+-------+------+------+-----+
    |                           Instance                           |                       Module                      | BRAM_18K| DSP48E|  FF  |  LUT | URAM|
    +--------------------------------------------------------------+---------------------------------------------------+---------+-------+------+------+-----+
    |grp_p_sc_stream_circularlinebuffer_shift_thread_shift_fu_106  |p_sc_stream_circularlinebuffer_shift_thread_shift  |       12|      0|  3504|  2541|    0|
    +--------------------------------------------------------------+---------------------------------------------------+---------+-------+------+------+-----+
    |Total                                                         |                                                   |       12|      0|  3504|  2541|    0|
    +--------------------------------------------------------------+---------------------------------------------------+---------+-------+------+------+-----+

    * DSP48E: 
    N/A

    * Memory: 
    N/A

    * FIFO: 
    N/A

    * Expression: 
    N/A

    * Multiplexer: 
    N/A

    * Register: 
    N/A



================================================================
== Interface
================================================================
* Summary: 
+----------------+-----+-----+------------+-----------------------------------------------------------------------------------------------+--------------+
|    RTL Ports   | Dir | Bits|  Protocol  |                                         Source Object                                         |    C Type    |
+----------------+-----+-----+------------+-----------------------------------------------------------------------------------------------+--------------+
|clk             |  in |    1| ap_ctrl_hs | _sc_stream_circularlinebuffer_shift<128, 3, 4096, 192>::_sc_stream_circularlinebuffer_shift.1 | return value |
|reset           |  in |    1| ap_ctrl_hs | _sc_stream_circularlinebuffer_shift<128, 3, 4096, 192>::_sc_stream_circularlinebuffer_shift.1 | return value |
|din_0_dout      |  in |  128|   ap_fifo  |                                             din_0                                             |    pointer   |
|din_0_empty_n   |  in |    1|   ap_fifo  |                                             din_0                                             |    pointer   |
|din_0_read      | out |    1|   ap_fifo  |                                             din_0                                             |    pointer   |
|din_1_dout      |  in |  128|   ap_fifo  |                                             din_1                                             |    pointer   |
|din_1_empty_n   |  in |    1|   ap_fifo  |                                             din_1                                             |    pointer   |
|din_1_read      | out |    1|   ap_fifo  |                                             din_1                                             |    pointer   |
|din_2_dout      |  in |  128|   ap_fifo  |                                             din_2                                             |    pointer   |
|din_2_empty_n   |  in |    1|   ap_fifo  |                                             din_2                                             |    pointer   |
|din_2_read      | out |    1|   ap_fifo  |                                             din_2                                             |    pointer   |
|din_3_dout      |  in |    1|   ap_fifo  |                                             din_3                                             |    pointer   |
|din_3_empty_n   |  in |    1|   ap_fifo  |                                             din_3                                             |    pointer   |
|din_3_read      | out |    1|   ap_fifo  |                                             din_3                                             |    pointer   |
|din_4_dout      |  in |    1|   ap_fifo  |                                             din_4                                             |    pointer   |
|din_4_empty_n   |  in |    1|   ap_fifo  |                                             din_4                                             |    pointer   |
|din_4_read      | out |    1|   ap_fifo  |                                             din_4                                             |    pointer   |
|din_5_dout      |  in |    1|   ap_fifo  |                                             din_5                                             |    pointer   |
|din_5_empty_n   |  in |    1|   ap_fifo  |                                             din_5                                             |    pointer   |
|din_5_read      | out |    1|   ap_fifo  |                                             din_5                                             |    pointer   |
|din_6_dout      |  in |    1|   ap_fifo  |                                             din_6                                             |    pointer   |
|din_6_empty_n   |  in |    1|   ap_fifo  |                                             din_6                                             |    pointer   |
|din_6_read      | out |    1|   ap_fifo  |                                             din_6                                             |    pointer   |
|din_7_dout      |  in |    1|   ap_fifo  |                                             din_7                                             |    pointer   |
|din_7_empty_n   |  in |    1|   ap_fifo  |                                             din_7                                             |    pointer   |
|din_7_read      | out |    1|   ap_fifo  |                                             din_7                                             |    pointer   |
|din_8_dout      |  in |   32|   ap_fifo  |                                             din_8                                             |    pointer   |
|din_8_empty_n   |  in |    1|   ap_fifo  |                                             din_8                                             |    pointer   |
|din_8_read      | out |    1|   ap_fifo  |                                             din_8                                             |    pointer   |
|din_9_dout      |  in |   32|   ap_fifo  |                                             din_9                                             |    pointer   |
|din_9_empty_n   |  in |    1|   ap_fifo  |                                             din_9                                             |    pointer   |
|din_9_read      | out |    1|   ap_fifo  |                                             din_9                                             |    pointer   |
|dout_0_din      | out |  384|   ap_fifo  |                                             dout_0                                            |    pointer   |
|dout_0_full_n   |  in |    1|   ap_fifo  |                                             dout_0                                            |    pointer   |
|dout_0_write    | out |    1|   ap_fifo  |                                             dout_0                                            |    pointer   |
|dout_1_din      | out |    1|   ap_fifo  |                                             dout_1                                            |    pointer   |
|dout_1_full_n   |  in |    1|   ap_fifo  |                                             dout_1                                            |    pointer   |
|dout_1_write    | out |    1|   ap_fifo  |                                             dout_1                                            |    pointer   |
|dout_2_din      | out |   48|   ap_fifo  |                                             dout_2                                            |    pointer   |
|dout_2_full_n   |  in |    1|   ap_fifo  |                                             dout_2                                            |    pointer   |
|dout_2_write    | out |    1|   ap_fifo  |                                             dout_2                                            |    pointer   |
|ctrl_0_dout     |  in |   32|   ap_fifo  |                                             ctrl_0                                            |    pointer   |
|ctrl_0_empty_n  |  in |    1|   ap_fifo  |                                             ctrl_0                                            |    pointer   |
|ctrl_0_read     | out |    1|   ap_fifo  |                                             ctrl_0                                            |    pointer   |
|ctrl_1_dout     |  in |   32|   ap_fifo  |                                             ctrl_1                                            |    pointer   |
|ctrl_1_empty_n  |  in |    1|   ap_fifo  |                                             ctrl_1                                            |    pointer   |
|ctrl_1_read     | out |    1|   ap_fifo  |                                             ctrl_1                                            |    pointer   |
|ctrl_2_dout     |  in |   32|   ap_fifo  |                                             ctrl_2                                            |    pointer   |
|ctrl_2_empty_n  |  in |    1|   ap_fifo  |                                             ctrl_2                                            |    pointer   |
|ctrl_2_read     | out |    1|   ap_fifo  |                                             ctrl_2                                            |    pointer   |
|ctrl_3_dout     |  in |   32|   ap_fifo  |                                             ctrl_3                                            |    pointer   |
|ctrl_3_empty_n  |  in |    1|   ap_fifo  |                                             ctrl_3                                            |    pointer   |
|ctrl_3_read     | out |    1|   ap_fifo  |                                             ctrl_3                                            |    pointer   |
|ctrl_4_dout     |  in |   32|   ap_fifo  |                                             ctrl_4                                            |    pointer   |
|ctrl_4_empty_n  |  in |    1|   ap_fifo  |                                             ctrl_4                                            |    pointer   |
|ctrl_4_read     | out |    1|   ap_fifo  |                                             ctrl_4                                            |    pointer   |
|ctrl_5_dout     |  in |   32|   ap_fifo  |                                             ctrl_5                                            |    pointer   |
|ctrl_5_empty_n  |  in |    1|   ap_fifo  |                                             ctrl_5                                            |    pointer   |
|ctrl_5_read     | out |    1|   ap_fifo  |                                             ctrl_5                                            |    pointer   |
|ctrl_6_dout     |  in |   32|   ap_fifo  |                                             ctrl_6                                            |    pointer   |
|ctrl_6_empty_n  |  in |    1|   ap_fifo  |                                             ctrl_6                                            |    pointer   |
|ctrl_6_read     | out |    1|   ap_fifo  |                                             ctrl_6                                            |    pointer   |
|ctrl_7_dout     |  in |    1|   ap_fifo  |                                             ctrl_7                                            |    pointer   |
|ctrl_7_empty_n  |  in |    1|   ap_fifo  |                                             ctrl_7                                            |    pointer   |
|ctrl_7_read     | out |    1|   ap_fifo  |                                             ctrl_7                                            |    pointer   |
|count_out       | out |   32|   ap_vld   |                                           count_out                                           |    pointer   |
+----------------+-----+-----+------------+-----------------------------------------------------------------------------------------------+--------------+

