

================================================================
== Vivado HLS Report for 'p_sc_stream_resize_up_inst_2_thread_sc_stream_resize'
================================================================
* Date:           Mon Feb 24 01:20:48 2020

* Version:        2019.1 (Build 2552052 on Fri May 24 15:28:33 MDT 2019)
* Project:        CNNAccel
* Solution:       default
* Product family: zynquplus
* Target device:  xczu3eg-sbva484-1-e


================================================================
== Performance Estimates
================================================================
+ Timing (ns): 
    * Summary: 
    +--------+-------+----------+------------+
    |  Clock | Target| Estimated| Uncertainty|
    +--------+-------+----------+------------+
    |ap_clk  |   5.00|     3.885|        0.62|
    +--------+-------+----------+------------+

+ Latency (clock cycles): 
    * Summary: 
    +-----+-----+-----+-----+---------+
    |  Latency  |  Interval | Pipeline|
    | min | max | min | max |   Type  |
    +-----+-----+-----+-----+---------+
    |    4|    4|    4|    4|   none  |
    +-----+-----+-----+-----+---------+

    + Detail: 
        * Instance: 
        N/A

        * Loop: 
        +----------+-----+-----+----------+-----------+-----------+------+----------+
        |          |  Latency  | Iteration|  Initiation Interval  | Trip |          |
        | Loop Name| min | max |  Latency |  achieved |   target  | Count| Pipelined|
        +----------+-----+-----+----------+-----------+-----------+------+----------+
        |- Loop 1  |    2|    2|         2|          1|          1|  inf |    yes   |
        +----------+-----+-----+----------+-----------+-----------+------+----------+



================================================================
== Utilization Estimates
================================================================
* Summary: 
+-----------------+---------+-------+--------+-------+-----+
|       Name      | BRAM_18K| DSP48E|   FF   |  LUT  | URAM|
+-----------------+---------+-------+--------+-------+-----+
|DSP              |        -|      -|       -|      -|    -|
|Expression       |        -|      -|       0|   1460|    -|
|FIFO             |        -|      -|       -|      -|    -|
|Instance         |        -|      -|       -|      -|    -|
|Memory           |        -|      -|       -|      -|    -|
|Multiplexer      |        -|      -|       -|    174|    -|
|Register         |        -|      -|     262|      -|    -|
+-----------------+---------+-------+--------+-------+-----+
|Total            |        0|      0|     262|   1634|    0|
+-----------------+---------+-------+--------+-------+-----+
|Available        |      432|    360|  141120|  70560|    0|
+-----------------+---------+-------+--------+-------+-----+
|Utilization (%)  |        0|      0|   ~0   |      2|    0|
+-----------------+---------+-------+--------+-------+-----+

+ Detail: 
    * Instance: 
    N/A

    * DSP48E: 
    N/A

    * Memory: 
    N/A

    * FIFO: 
    N/A

    * Expression: 
    +----------------------------------+----------+-------+---+-----+------------+------------+
    |           Variable Name          | Operation| DSP48E| FF| LUT | Bitwidth P0| Bitwidth P1|
    +----------------------------------+----------+-------+---+-----+------------+------------+
    |idx_fu_255_p2                     |     +    |      0|  0|   39|          32|           1|
    |and_ln414_2_fu_340_p2             |    and   |      0|  0|   16|          16|          16|
    |and_ln414_fu_295_p2               |    and   |      0|  0|  128|         128|         128|
    |ap_block_pp0_stage0_01001         |    and   |      0|  0|    2|           1|           1|
    |ap_condition_148                  |    and   |      0|  0|    2|           1|           1|
    |ap_condition_231                  |    and   |      0|  0|    2|           1|           1|
    |ap_predicate_op89_write_state4    |    and   |      0|  0|    2|           1|           1|
    |io_acc_block_signal_op85          |    and   |      0|  0|    2|           1|           1|
    |p_emptyn_nbread_fu_110_p4_0       |    and   |      0|  0|    2|           1|           1|
    |icmp_ln133_fu_229_p2              |   icmp   |      0|  0|   11|           8|           1|
    |icmp_ln134_fu_266_p2              |   icmp   |      0|  0|   20|          32|           1|
    |icmp_ln145_fu_243_p2              |   icmp   |      0|  0|   20|          32|           1|
    |ap_block_state4_pp0_stage0_iter1  |    or    |      0|  0|    2|           1|           1|
    |ap_condition_194                  |    or    |      0|  0|    2|           1|           1|
    |ap_predicate_op85_write_state4    |    or    |      0|  0|    2|           1|           1|
    |or_ln145_fu_249_p2                |    or    |      0|  0|    2|           1|           1|
    |p_Result_2_fu_355_p2              |    or    |      0|  0|   16|          16|          16|
    |p_Result_s_fu_310_p2              |    or    |      0|  0|  128|         128|         128|
    |shl_ln414_4_fu_304_p2             |    shl   |      0|  0|  423|         128|         128|
    |shl_ln414_5_fu_328_p2             |    shl   |      0|  0|   35|           8|          16|
    |shl_ln414_6_fu_349_p2             |    shl   |      0|  0|   35|          16|          16|
    |shl_ln414_fu_283_p2               |    shl   |      0|  0|  423|          64|         128|
    |ap_enable_pp0                     |    xor   |      0|  0|    2|           1|           2|
    |xor_ln414_2_fu_334_p2             |    xor   |      0|  0|   16|          16|           2|
    |xor_ln414_fu_289_p2               |    xor   |      0|  0|  128|         128|           2|
    +----------------------------------+----------+-------+---+-----+------------+------------+
    |Total                             |          |      0|  0| 1460|         763|         596|
    +----------------------------------+----------+-------+---+-----+------------+------------+

    * Multiplexer: 
    +--------------------------------+----+-----------+-----+-----------+
    |              Name              | LUT| Input Size| Bits| Total Bits|
    +--------------------------------+----+-----------+-----+-----------+
    |EOP_0_reg_136                   |   9|          2|    1|          2|
    |EOP_3_reg_148                   |  15|          3|    1|          3|
    |ap_NS_fsm                       |  21|          4|    1|          4|
    |ap_enable_reg_pp0_iter1         |   9|          2|    1|          2|
    |ap_phi_mux_EOP_0_phi_fu_140_p4  |   9|          2|    1|          2|
    |dout_0_blk_n                    |   9|          2|    1|          2|
    |dout_0_din                      |  21|          4|  128|        512|
    |dout_1_blk_n                    |   9|          2|    1|          2|
    |dout_1_din                      |  15|          3|    1|          3|
    |dout_2_blk_n                    |   9|          2|    1|          2|
    |dout_2_din                      |  21|          4|   16|         64|
    |index_assign_fu_98              |   9|          2|   32|         64|
    |p_Val2_3_fu_106                 |   9|          2|   16|         32|
    |p_Val2_s_fu_102                 |   9|          2|  128|        256|
    +--------------------------------+----+-----------+-----+-----------+
    |Total                           | 174|         36|  329|        950|
    +--------------------------------+----+-----------+-----+-----------+

    * Register: 
    +-------------------------+-----+----+-----+-----------+
    |           Name          |  FF | LUT| Bits| Const Bits|
    +-------------------------+-----+----+-----+-----------+
    |EOP_0_reg_136            |    1|   0|    1|          0|
    |EOP_3_reg_148            |    1|   0|    1|          0|
    |ap_CS_fsm                |    3|   0|    3|          0|
    |ap_enable_reg_pp0_iter0  |    1|   0|    1|          0|
    |ap_enable_reg_pp0_iter1  |    1|   0|    1|          0|
    |icmp_ln133_reg_417       |    1|   0|    1|          0|
    |icmp_ln134_reg_435       |    1|   0|    1|          0|
    |index_assign_fu_98       |   32|   0|   32|          0|
    |or_ln145_reg_431         |    1|   0|    1|          0|
    |p_Val2_3_fu_106          |   16|   0|   16|          0|
    |p_Val2_s_fu_102          |  128|   0|  128|          0|
    |p_emptyn_2_reg_398       |    1|   0|    1|          0|
    |tmpV_data_V_reg_402      |   64|   0|   64|          0|
    |tmpV_tkeep_V_reg_412     |    8|   0|    8|          0|
    |tmpV_tlast_V_reg_407     |    1|   0|    1|          0|
    |trunc_ln414_2_reg_426    |    1|   0|    1|          0|
    |trunc_ln414_reg_421      |    1|   0|    1|          0|
    +-------------------------+-----+----+-----+-----------+
    |Total                    |  262|   0|  262|          0|
    +-------------------------+-----+----+-----+-----------+



================================================================
== Interface
================================================================
* Summary: 
+---------------+-----+-----+------------+---------------------------------------------------------------+--------------+
|   RTL Ports   | Dir | Bits|  Protocol  |                         Source Object                         |    C Type    |
+---------------+-----+-----+------------+---------------------------------------------------------------+--------------+
|ap_clk         |  in |    1| ap_ctrl_hs | _sc_stream_resize_up_inst_2<64, 128>::thread_sc_stream_resize | return value |
|ap_rst         |  in |    1| ap_ctrl_hs | _sc_stream_resize_up_inst_2<64, 128>::thread_sc_stream_resize | return value |
|din_0_dout     |  in |   64|   ap_fifo  |                             din_0                             |    pointer   |
|din_0_empty_n  |  in |    1|   ap_fifo  |                             din_0                             |    pointer   |
|din_0_read     | out |    1|   ap_fifo  |                             din_0                             |    pointer   |
|din_1_dout     |  in |    1|   ap_fifo  |                             din_1                             |    pointer   |
|din_1_empty_n  |  in |    1|   ap_fifo  |                             din_1                             |    pointer   |
|din_1_read     | out |    1|   ap_fifo  |                             din_1                             |    pointer   |
|din_2_dout     |  in |    8|   ap_fifo  |                             din_2                             |    pointer   |
|din_2_empty_n  |  in |    1|   ap_fifo  |                             din_2                             |    pointer   |
|din_2_read     | out |    1|   ap_fifo  |                             din_2                             |    pointer   |
|dout_0_din     | out |  128|   ap_fifo  |                             dout_0                            |    pointer   |
|dout_0_full_n  |  in |    1|   ap_fifo  |                             dout_0                            |    pointer   |
|dout_0_write   | out |    1|   ap_fifo  |                             dout_0                            |    pointer   |
|dout_1_din     | out |    1|   ap_fifo  |                             dout_1                            |    pointer   |
|dout_1_full_n  |  in |    1|   ap_fifo  |                             dout_1                            |    pointer   |
|dout_1_write   | out |    1|   ap_fifo  |                             dout_1                            |    pointer   |
|dout_2_din     | out |   16|   ap_fifo  |                             dout_2                            |    pointer   |
|dout_2_full_n  |  in |    1|   ap_fifo  |                             dout_2                            |    pointer   |
|dout_2_write   | out |    1|   ap_fifo  |                             dout_2                            |    pointer   |
+---------------+-----+-----+------------+---------------------------------------------------------------+--------------+

