

================================================================
== Vivado HLS Report for 'p_sc_stream_circularlinebuffer_v2'
================================================================
* Date:           Mon Feb 24 01:11:41 2020

* Version:        2019.1 (Build 2552052 on Fri May 24 15:28:33 MDT 2019)
* Project:        CNNAccel
* Solution:       default
* Product family: zynquplus
* Target device:  xczu3eg-sbva484-1-e


================================================================
== Performance Estimates
================================================================
+ Timing (ns): 
    * Summary: 
    +--------+-------+----------+------------+
    |  Clock | Target| Estimated| Uncertainty|
    +--------+-------+----------+------------+
    |ap_clk  |   5.00|     4.274|        0.62|
    +--------+-------+----------+------------+

+ Latency (clock cycles): 
    * Summary: 
    +-----+-----+-----+-----+---------+
    |  Latency  |  Interval | Pipeline|
    | min | max | min | max |   Type  |
    +-----+-----+-----+-----+---------+
    |    ?|    ?|    ?|    ?|   none  |
    +-----+-----+-----+-----+---------+

    + Detail: 
        * Instance: 
        +---------------------------------------------------------+----------------------------------------------+-----+-----+-----+-----+---------+
        |                                                         |                                              |  Latency  |  Interval | Pipeline|
        |                         Instance                        |                    Module                    | min | max | min | max |   Type  |
        +---------------------------------------------------------+----------------------------------------------+-----+-----+-----+-----+---------+
        |grp_p_sc_stream_circularlinebuffer_shift_fu_196          |p_sc_stream_circularlinebuffer_shift          |    ?|    ?|    ?|    ?|   none  |
        |grp_p_sc_stream_circularlinebuffer_v2_thread_clb_fu_250  |p_sc_stream_circularlinebuffer_v2_thread_clb  |    ?|    ?|    ?|    ?|   none  |
        +---------------------------------------------------------+----------------------------------------------+-----+-----+-----+-----+---------+

        * Loop: 
        N/A



================================================================
== Utilization Estimates
================================================================
* Summary: 
+-----------------+---------+-------+--------+-------+-----+
|       Name      | BRAM_18K| DSP48E|   FF   |  LUT  | URAM|
+-----------------+---------+-------+--------+-------+-----+
|DSP              |        -|      -|       -|      -|    -|
|Expression       |        -|      -|       -|      -|    -|
|FIFO             |        0|      -|      90|    912|    -|
|Instance         |       42|      5|   12615|   6114|    0|
|Memory           |        -|      -|       -|      -|    -|
|Multiplexer      |        -|      -|       -|      -|    -|
|Register         |        -|      -|      32|      -|    -|
+-----------------+---------+-------+--------+-------+-----+
|Total            |       42|      5|   12737|   7026|    0|
+-----------------+---------+-------+--------+-------+-----+
|Available        |      432|    360|  141120|  70560|    0|
+-----------------+---------+-------+--------+-------+-----+
|Utilization (%)  |        9|      1|       9|      9|    0|
+-----------------+---------+-------+--------+-------+-----+

+ Detail: 
    * Instance: 
    +---------------------------------------------------------+----------------------------------------------+---------+-------+------+------+-----+
    |                         Instance                        |                    Module                    | BRAM_18K| DSP48E|  FF  |  LUT | URAM|
    +---------------------------------------------------------+----------------------------------------------+---------+-------+------+------+-----+
    |grp_p_sc_stream_circularlinebuffer_shift_fu_196          |p_sc_stream_circularlinebuffer_shift          |       12|      0|  3504|  2538|    0|
    |grp_p_sc_stream_circularlinebuffer_v2_thread_clb_fu_250  |p_sc_stream_circularlinebuffer_v2_thread_clb  |       30|      5|  9111|  3576|    0|
    +---------------------------------------------------------+----------------------------------------------+---------+-------+------+------+-----+
    |Total                                                    |                                              |       42|      5| 12615|  6114|    0|
    +---------------------------------------------------------+----------------------------------------------+---------+-------+------+------+-----+

    * DSP48E: 
    N/A

    * Memory: 
    N/A

    * FIFO: 
    +-------------------------+---------+---+----+-----+------+-----+---------+
    |           Name          | BRAM_18K| FF| LUT| URAM| Depth| Bits| Size:D*B|
    +-------------------------+---------+---+----+-----+------+-----+---------+
    |sc_fifo_chn_109_fifo_U   |        0|  5|   0|    -|     1|   32|       32|
    |sc_fifo_chn_10_fifo_U    |        0|  5|   0|    -|     4|  128|      512|
    |sc_fifo_chn_1110_fifo_U  |        0|  5|   0|    -|     1|   32|       32|
    |sc_fifo_chn_11_fifo_U    |        0|  5|   0|    -|     4|  128|      512|
    |sc_fifo_chn_1211_fifo_U  |        0|  5|   0|    -|     1|   32|       32|
    |sc_fifo_chn_12_fifo_U    |        0|  5|   0|    -|     4|  128|      512|
    |sc_fifo_chn_1312_fifo_U  |        0|  5|   0|    -|     1|   32|       32|
    |sc_fifo_chn_13_fifo_U    |        0|  5|   0|    -|     4|    1|        4|
    |sc_fifo_chn_1413_fifo_U  |        0|  5|   0|    -|     1|   32|       32|
    |sc_fifo_chn_14_fifo_U    |        0|  5|   0|    -|     4|    1|        4|
    |sc_fifo_chn_1514_fifo_U  |        0|  5|   0|    -|     1|    1|        1|
    |sc_fifo_chn_15_fifo_U    |        0|  5|   0|    -|     4|    1|        4|
    |sc_fifo_chn_16_fifo_U    |        0|  5|   0|    -|     4|    1|        4|
    |sc_fifo_chn_17_fifo_U    |        0|  5|   0|    -|     4|    1|        4|
    |sc_fifo_chn_18_fifo_U    |        0|  5|   0|    -|     4|   32|      128|
    |sc_fifo_chn_19_fifo_U    |        0|  5|   0|    -|     4|   32|      128|
    |sc_fifo_chn_8_fifo_U     |        0|  5|   0|    -|     1|   32|       32|
    |sc_fifo_chn_9_fifo_U     |        0|  5|   0|    -|     1|   32|       32|
    +-------------------------+---------+---+----+-----+------+-----+---------+
    |Total                    |        0| 90|   0|    0|    48|  678|     2037|
    +-------------------------+---------+---+----+-----+------+-----+---------+

    * Expression: 
    N/A

    * Multiplexer: 
    N/A

    * Register: 
    +----------+----+----+-----+-----------+
    |   Name   | FF | LUT| Bits| Const Bits|
    +----------+----+----+-----+-----------+
    |count_in  |  32|   0|   32|          0|
    +----------+----+----+-----+-----------+
    |Total     |  32|   0|   32|          0|
    +----------+----+----+-----+-----------+



================================================================
== Interface
================================================================
* Summary: 
+---------------------------+-----+-----+------------+----------------------------------------------------------------------------------------+--------------+
|         RTL Ports         | Dir | Bits|  Protocol  |                                      Source Object                                     |    C Type    |
+---------------------------+-----+-----+------------+----------------------------------------------------------------------------------------+--------------+
|clk                        |  in |    1| ap_ctrl_hs | _sc_stream_circularlinebuffer_v2<128, 3, 2048, 96>::_sc_stream_circularlinebuffer_v2.1 | return value |
|reset                      |  in |    1| ap_ctrl_hs | _sc_stream_circularlinebuffer_v2<128, 3, 2048, 96>::_sc_stream_circularlinebuffer_v2.1 | return value |
|din_0_dout                 |  in |  128|   ap_fifo  |                                          din_0                                         |    pointer   |
|din_0_empty_n              |  in |    1|   ap_fifo  |                                          din_0                                         |    pointer   |
|din_0_read                 | out |    1|   ap_fifo  |                                          din_0                                         |    pointer   |
|din_1_dout                 |  in |    1|   ap_fifo  |                                          din_1                                         |    pointer   |
|din_1_empty_n              |  in |    1|   ap_fifo  |                                          din_1                                         |    pointer   |
|din_1_read                 | out |    1|   ap_fifo  |                                          din_1                                         |    pointer   |
|din_2_dout                 |  in |   16|   ap_fifo  |                                          din_2                                         |    pointer   |
|din_2_empty_n              |  in |    1|   ap_fifo  |                                          din_2                                         |    pointer   |
|din_2_read                 | out |    1|   ap_fifo  |                                          din_2                                         |    pointer   |
|dout_0_din                 | out |  384|   ap_fifo  |                                         dout_0                                         |    pointer   |
|dout_0_full_n              |  in |    1|   ap_fifo  |                                         dout_0                                         |    pointer   |
|dout_0_write               | out |    1|   ap_fifo  |                                         dout_0                                         |    pointer   |
|dout_1_din                 | out |    1|   ap_fifo  |                                         dout_1                                         |    pointer   |
|dout_1_full_n              |  in |    1|   ap_fifo  |                                         dout_1                                         |    pointer   |
|dout_1_write               | out |    1|   ap_fifo  |                                         dout_1                                         |    pointer   |
|dout_2_din                 | out |   48|   ap_fifo  |                                         dout_2                                         |    pointer   |
|dout_2_full_n              |  in |    1|   ap_fifo  |                                         dout_2                                         |    pointer   |
|dout_2_write               | out |    1|   ap_fifo  |                                         dout_2                                         |    pointer   |
|ctrl_row_size_pkg_dout     |  in |   16|   ap_fifo  |                                    ctrl_row_size_pkg                                   |    pointer   |
|ctrl_row_size_pkg_empty_n  |  in |    1|   ap_fifo  |                                    ctrl_row_size_pkg                                   |    pointer   |
|ctrl_row_size_pkg_read     | out |    1|   ap_fifo  |                                    ctrl_row_size_pkg                                   |    pointer   |
|ctrl_window_size_dout      |  in |   16|   ap_fifo  |                                    ctrl_window_size                                    |    pointer   |
|ctrl_window_size_empty_n   |  in |    1|   ap_fifo  |                                    ctrl_window_size                                    |    pointer   |
|ctrl_window_size_read      | out |    1|   ap_fifo  |                                    ctrl_window_size                                    |    pointer   |
|ctrl_depth_dout            |  in |   16|   ap_fifo  |                                       ctrl_depth                                       |    pointer   |
|ctrl_depth_empty_n         |  in |    1|   ap_fifo  |                                       ctrl_depth                                       |    pointer   |
|ctrl_depth_read            | out |    1|   ap_fifo  |                                       ctrl_depth                                       |    pointer   |
|ctrl_stride_dout           |  in |   16|   ap_fifo  |                                       ctrl_stride                                      |    pointer   |
|ctrl_stride_empty_n        |  in |    1|   ap_fifo  |                                       ctrl_stride                                      |    pointer   |
|ctrl_stride_read           | out |    1|   ap_fifo  |                                       ctrl_stride                                      |    pointer   |
|ctrl_replay_dout           |  in |   16|   ap_fifo  |                                       ctrl_replay                                      |    pointer   |
|ctrl_replay_empty_n        |  in |    1|   ap_fifo  |                                       ctrl_replay                                      |    pointer   |
|ctrl_replay_read           | out |    1|   ap_fifo  |                                       ctrl_replay                                      |    pointer   |
|ctrl_zeropad_dout          |  in |   16|   ap_fifo  |                                      ctrl_zeropad                                      |    pointer   |
|ctrl_zeropad_empty_n       |  in |    1|   ap_fifo  |                                      ctrl_zeropad                                      |    pointer   |
|ctrl_zeropad_read          | out |    1|   ap_fifo  |                                      ctrl_zeropad                                      |    pointer   |
|count_in                   | out |   32|   ap_vld   |                                        count_in                                        |    pointer   |
|count_out                  | out |   32|   ap_vld   |                                        count_out                                       |    pointer   |
+---------------------------+-----+-----+------------+----------------------------------------------------------------------------------------+--------------+

