

================================================================
== Vivado HLS Report for 'p_sc_stream_splitter_cloneinst_3'
================================================================
* Date:           Sun Feb 23 21:53:06 2020

* Version:        2019.1 (Build 2552052 on Fri May 24 15:28:33 MDT 2019)
* Project:        CNNAccel
* Solution:       default
* Product family: zynquplus
* Target device:  xczu3eg-sbva484-1-e


================================================================
== Performance Estimates
================================================================
+ Timing (ns): 
    * Summary: 
    +--------+-------+----------+------------+
    |  Clock | Target| Estimated| Uncertainty|
    +--------+-------+----------+------------+
    |ap_clk  |   5.00|     4.334|        0.62|
    +--------+-------+----------+------------+

+ Latency (clock cycles): 
    * Summary: 
    +-----+-----+-----+-----+---------+
    |  Latency  |  Interval | Pipeline|
    | min | max | min | max |   Type  |
    +-----+-----+-----+-----+---------+
    |    0|    3|    0|    3|   none  |
    +-----+-----+-----+-----+---------+

    + Detail: 
        * Instance: 
        +----------------------------------------------------------------------------+------------------------------------------------------------------+-----+-----+-----+-----+---------+
        |                                                                            |                                                                  |  Latency  |  Interval | Pipeline|
        |                                  Instance                                  |                              Module                              | min | max | min | max |   Type  |
        +----------------------------------------------------------------------------+------------------------------------------------------------------+-----+-----+-----+-----+---------+
        |grp_p_sc_stream_splitter_cloneinst_3_thread_sc_stream_splitter_clone_fu_86  |p_sc_stream_splitter_cloneinst_3_thread_sc_stream_splitter_clone  |    2|    2|    2|    2|   none  |
        +----------------------------------------------------------------------------+------------------------------------------------------------------+-----+-----+-----+-----+---------+

        * Loop: 
        N/A



================================================================
== Utilization Estimates
================================================================
* Summary: 
+-----------------+---------+-------+--------+-------+-----+
|       Name      | BRAM_18K| DSP48E|   FF   |  LUT  | URAM|
+-----------------+---------+-------+--------+-------+-----+
|DSP              |        -|      -|       -|      -|    -|
|Expression       |        -|      -|       -|      -|    -|
|FIFO             |        -|      -|       -|      -|    -|
|Instance         |        -|      -|       2|    164|    -|
|Memory           |        -|      -|       -|      -|    -|
|Multiplexer      |        -|      -|       -|      -|    -|
|Register         |        -|      -|       -|      -|    -|
+-----------------+---------+-------+--------+-------+-----+
|Total            |        0|      0|       2|    164|    0|
+-----------------+---------+-------+--------+-------+-----+
|Available        |      432|    360|  141120|  70560|    0|
+-----------------+---------+-------+--------+-------+-----+
|Utilization (%)  |        0|      0|   ~0   |   ~0  |    0|
+-----------------+---------+-------+--------+-------+-----+

+ Detail: 
    * Instance: 
    +----------------------------------------------------------------------------+------------------------------------------------------------------+---------+-------+---+-----+-----+
    |                                  Instance                                  |                              Module                              | BRAM_18K| DSP48E| FF| LUT | URAM|
    +----------------------------------------------------------------------------+------------------------------------------------------------------+---------+-------+---+-----+-----+
    |grp_p_sc_stream_splitter_cloneinst_3_thread_sc_stream_splitter_clone_fu_86  |p_sc_stream_splitter_cloneinst_3_thread_sc_stream_splitter_clone  |        0|      0|  2|  164|    0|
    +----------------------------------------------------------------------------+------------------------------------------------------------------+---------+-------+---+-----+-----+
    |Total                                                                       |                                                                  |        0|      0|  2|  164|    0|
    +----------------------------------------------------------------------------+------------------------------------------------------------------+---------+-------+---+-----+-----+

    * DSP48E: 
    N/A

    * Memory: 
    N/A

    * FIFO: 
    N/A

    * Expression: 
    N/A

    * Multiplexer: 
    N/A

    * Register: 
    N/A



================================================================
== Interface
================================================================
* Summary: 
+----------------+-----+-----+------------+-----------------------------------------------------------------------------------------------------+--------------+
|    RTL Ports   | Dir | Bits|  Protocol  |                                            Source Object                                            |    C Type    |
+----------------+-----+-----+------------+-----------------------------------------------------------------------------------------------------+--------------+
|clk             |  in |    1| ap_ctrl_hs | _sc_stream_splitter_cloneinst_3<_ap_sc_::sc_dt::sc_uint<16>, 16>::_sc_stream_splitter_cloneinst_3.1 | return value |
|reset           |  in |    1| ap_ctrl_hs | _sc_stream_splitter_cloneinst_3<_ap_sc_::sc_dt::sc_uint<16>, 16>::_sc_stream_splitter_cloneinst_3.1 | return value |
|din_dout        |  in |   16|   ap_fifo  |                                                 din                                                 |    pointer   |
|din_empty_n     |  in |    1|   ap_fifo  |                                                 din                                                 |    pointer   |
|din_read        | out |    1|   ap_fifo  |                                                 din                                                 |    pointer   |
|dout_0_din      | out |   16|   ap_fifo  |                                                dout_0                                               |    pointer   |
|dout_0_full_n   |  in |    1|   ap_fifo  |                                                dout_0                                               |    pointer   |
|dout_0_write    | out |    1|   ap_fifo  |                                                dout_0                                               |    pointer   |
|dout_1_din      | out |   16|   ap_fifo  |                                                dout_1                                               |    pointer   |
|dout_1_full_n   |  in |    1|   ap_fifo  |                                                dout_1                                               |    pointer   |
|dout_1_write    | out |    1|   ap_fifo  |                                                dout_1                                               |    pointer   |
|dout_2_din      | out |   16|   ap_fifo  |                                                dout_2                                               |    pointer   |
|dout_2_full_n   |  in |    1|   ap_fifo  |                                                dout_2                                               |    pointer   |
|dout_2_write    | out |    1|   ap_fifo  |                                                dout_2                                               |    pointer   |
|dout_3_din      | out |   16|   ap_fifo  |                                                dout_3                                               |    pointer   |
|dout_3_full_n   |  in |    1|   ap_fifo  |                                                dout_3                                               |    pointer   |
|dout_3_write    | out |    1|   ap_fifo  |                                                dout_3                                               |    pointer   |
|dout_4_din      | out |   16|   ap_fifo  |                                                dout_4                                               |    pointer   |
|dout_4_full_n   |  in |    1|   ap_fifo  |                                                dout_4                                               |    pointer   |
|dout_4_write    | out |    1|   ap_fifo  |                                                dout_4                                               |    pointer   |
|dout_5_din      | out |   16|   ap_fifo  |                                                dout_5                                               |    pointer   |
|dout_5_full_n   |  in |    1|   ap_fifo  |                                                dout_5                                               |    pointer   |
|dout_5_write    | out |    1|   ap_fifo  |                                                dout_5                                               |    pointer   |
|dout_6_din      | out |   16|   ap_fifo  |                                                dout_6                                               |    pointer   |
|dout_6_full_n   |  in |    1|   ap_fifo  |                                                dout_6                                               |    pointer   |
|dout_6_write    | out |    1|   ap_fifo  |                                                dout_6                                               |    pointer   |
|dout_7_din      | out |   16|   ap_fifo  |                                                dout_7                                               |    pointer   |
|dout_7_full_n   |  in |    1|   ap_fifo  |                                                dout_7                                               |    pointer   |
|dout_7_write    | out |    1|   ap_fifo  |                                                dout_7                                               |    pointer   |
|dout_8_din      | out |   16|   ap_fifo  |                                                dout_8                                               |    pointer   |
|dout_8_full_n   |  in |    1|   ap_fifo  |                                                dout_8                                               |    pointer   |
|dout_8_write    | out |    1|   ap_fifo  |                                                dout_8                                               |    pointer   |
|dout_9_din      | out |   16|   ap_fifo  |                                                dout_9                                               |    pointer   |
|dout_9_full_n   |  in |    1|   ap_fifo  |                                                dout_9                                               |    pointer   |
|dout_9_write    | out |    1|   ap_fifo  |                                                dout_9                                               |    pointer   |
|dout_10_din     | out |   16|   ap_fifo  |                                               dout_10                                               |    pointer   |
|dout_10_full_n  |  in |    1|   ap_fifo  |                                               dout_10                                               |    pointer   |
|dout_10_write   | out |    1|   ap_fifo  |                                               dout_10                                               |    pointer   |
|dout_11_din     | out |   16|   ap_fifo  |                                               dout_11                                               |    pointer   |
|dout_11_full_n  |  in |    1|   ap_fifo  |                                               dout_11                                               |    pointer   |
|dout_11_write   | out |    1|   ap_fifo  |                                               dout_11                                               |    pointer   |
|dout_12_din     | out |   16|   ap_fifo  |                                               dout_12                                               |    pointer   |
|dout_12_full_n  |  in |    1|   ap_fifo  |                                               dout_12                                               |    pointer   |
|dout_12_write   | out |    1|   ap_fifo  |                                               dout_12                                               |    pointer   |
|dout_13_din     | out |   16|   ap_fifo  |                                               dout_13                                               |    pointer   |
|dout_13_full_n  |  in |    1|   ap_fifo  |                                               dout_13                                               |    pointer   |
|dout_13_write   | out |    1|   ap_fifo  |                                               dout_13                                               |    pointer   |
|dout_14_din     | out |   16|   ap_fifo  |                                               dout_14                                               |    pointer   |
|dout_14_full_n  |  in |    1|   ap_fifo  |                                               dout_14                                               |    pointer   |
|dout_14_write   | out |    1|   ap_fifo  |                                               dout_14                                               |    pointer   |
|dout_15_din     | out |   16|   ap_fifo  |                                               dout_15                                               |    pointer   |
|dout_15_full_n  |  in |    1|   ap_fifo  |                                               dout_15                                               |    pointer   |
|dout_15_write   | out |    1|   ap_fifo  |                                               dout_15                                               |    pointer   |
+----------------+-----+-----+------------+-----------------------------------------------------------------------------------------------------+--------------+

