

================================================================
== Vivado HLS Report for 'p_sc_stream_merge_raw_thread_sc_stream_merge_raw'
================================================================
* Date:           Sun Feb 23 21:50:07 2020

* Version:        2019.1 (Build 2552052 on Fri May 24 15:28:33 MDT 2019)
* Project:        CNNAccel
* Solution:       default
* Product family: zynquplus
* Target device:  xczu3eg-sbva484-1-e


================================================================
== Performance Estimates
================================================================
+ Timing (ns): 
    * Summary: 
    +--------+-------+----------+------------+
    |  Clock | Target| Estimated| Uncertainty|
    +--------+-------+----------+------------+
    |ap_clk  |   5.00|     3.352|        0.62|
    +--------+-------+----------+------------+

+ Latency (clock cycles): 
    * Summary: 
    +-----+-----+-----+-----+---------+
    |  Latency  |  Interval | Pipeline|
    | min | max | min | max |   Type  |
    +-----+-----+-----+-----+---------+
    |   18|   18|   18|   18|   none  |
    +-----+-----+-----+-----+---------+

    + Detail: 
        * Instance: 
        N/A

        * Loop: 
        +----------+-----+-----+----------+-----------+-----------+------+----------+
        |          |  Latency  | Iteration|  Initiation Interval  | Trip |          |
        | Loop Name| min | max |  Latency |  achieved |   target  | Count| Pipelined|
        +----------+-----+-----+----------+-----------+-----------+------+----------+
        |- Loop 1  |   17|   17|        17|          -|          -|  inf |    no    |
        +----------+-----+-----+----------+-----------+-----------+------+----------+



================================================================
== Utilization Estimates
================================================================
* Summary: 
+-----------------+---------+-------+--------+-------+-----+
|       Name      | BRAM_18K| DSP48E|   FF   |  LUT  | URAM|
+-----------------+---------+-------+--------+-------+-----+
|DSP              |        -|      -|       -|      -|    -|
|Expression       |        -|      -|       0|     67|    -|
|FIFO             |        -|      -|       -|      -|    -|
|Instance         |        -|      -|       -|      -|    -|
|Memory           |        -|      -|       -|      -|    -|
|Multiplexer      |        -|      -|       -|    869|    -|
|Register         |        -|      -|    3012|      -|    -|
+-----------------+---------+-------+--------+-------+-----+
|Total            |        0|      0|    3012|    936|    0|
+-----------------+---------+-------+--------+-------+-----+
|Available        |      432|    360|  141120|  70560|    0|
+-----------------+---------+-------+--------+-------+-----+
|Utilization (%)  |        0|      0|       2|      1|    0|
+-----------------+---------+-------+--------+-------+-----+

+ Detail: 
    * Instance: 
    N/A

    * DSP48E: 
    N/A

    * Memory: 
    N/A

    * FIFO: 
    N/A

    * Expression: 
    +--------------------------------+----------+-------+---+----+------------+------------+
    |          Variable Name         | Operation| DSP48E| FF| LUT| Bitwidth P0| Bitwidth P1|
    +--------------------------------+----------+-------+---+----+------------+------------+
    |ap_block_state18                |    and   |      0|  0|   2|           1|           1|
    |io_acc_block_signal_op402       |    and   |      0|  0|   2|           1|           1|
    |p_emptyn_0_nbread_fu_254_p4_0   |    and   |      0|  0|   2|           1|           1|
    |p_emptyn_10_nbread_fu_354_p4_0  |    and   |      0|  0|   2|           1|           1|
    |p_emptyn_11_nbread_fu_364_p4_0  |    and   |      0|  0|   2|           1|           1|
    |p_emptyn_12_nbread_fu_374_p4_0  |    and   |      0|  0|   2|           1|           1|
    |p_emptyn_13_nbread_fu_384_p4_0  |    and   |      0|  0|   2|           1|           1|
    |p_emptyn_14_nbread_fu_394_p4_0  |    and   |      0|  0|   2|           1|           1|
    |p_emptyn_15_nbread_fu_404_p4_0  |    and   |      0|  0|   2|           1|           1|
    |p_emptyn_1_nbread_fu_264_p4_0   |    and   |      0|  0|   2|           1|           1|
    |p_emptyn_2_nbread_fu_274_p4_0   |    and   |      0|  0|   2|           1|           1|
    |p_emptyn_3_nbread_fu_284_p4_0   |    and   |      0|  0|   2|           1|           1|
    |p_emptyn_4_nbread_fu_294_p4_0   |    and   |      0|  0|   2|           1|           1|
    |p_emptyn_5_nbread_fu_304_p4_0   |    and   |      0|  0|   2|           1|           1|
    |p_emptyn_6_nbread_fu_314_p4_0   |    and   |      0|  0|   2|           1|           1|
    |p_emptyn_7_nbread_fu_324_p4_0   |    and   |      0|  0|   2|           1|           1|
    |p_emptyn_8_nbread_fu_334_p4_0   |    and   |      0|  0|   2|           1|           1|
    |p_emptyn_9_nbread_fu_344_p4_0   |    and   |      0|  0|   2|           1|           1|
    |icmp_ln883_fu_3039_p2           |   icmp   |      0|  0|  13|          16|           2|
    |or_ln57_fu_1913_p2              |    or    |      0|  0|   2|           1|           1|
    |p_Val2_s_fu_3045_p3             |  select  |      0|  0|  16|           1|           1|
    +--------------------------------+----------+-------+---+----+------------+------------+
    |Total                           |          |      0|  0|  67|          36|          22|
    +--------------------------------+----------+-------+---+----+------------+------------+

    * Multiplexer: 
    +--------------------------------------+----+-----------+-----+-----------+
    |                 Name                 | LUT| Input Size| Bits| Total Bits|
    +--------------------------------------+----+-----------+-----+-----------+
    |ap_NS_fsm                             |  89|         18|    1|         18|
    |ap_phi_mux_p_085_1_be_phi_fu_1580_p4  |  15|          3|   16|         48|
    |ap_phi_mux_p_095_1_be_phi_fu_1567_p4  |  15|          3|   16|         48|
    |ap_phi_mux_tlast_0_be_phi_fu_1592_p4  |  15|          3|    1|          3|
    |dout_0_blk_n                          |   9|          2|    1|          2|
    |dout_1_blk_n                          |   9|          2|    1|          2|
    |dout_2_blk_n                          |   9|          2|    1|          2|
    |p_085_1_reg_463                       |   9|          2|   16|         32|
    |p_085_5_0_reg_536                     |   9|          2|   16|         32|
    |p_085_5_10_reg_1214                   |   9|          2|   16|         32|
    |p_085_5_11_reg_1280                   |   9|          2|   16|         32|
    |p_085_5_12_reg_1346                   |   9|          2|   16|         32|
    |p_085_5_13_reg_1412                   |   9|          2|   16|         32|
    |p_085_5_14_reg_1478                   |   9|          2|   16|         32|
    |p_085_5_15_reg_1547                   |   9|          2|   16|         32|
    |p_085_5_1_reg_620                     |   9|          2|   16|         32|
    |p_085_5_2_reg_686                     |   9|          2|   16|         32|
    |p_085_5_3_reg_752                     |   9|          2|   16|         32|
    |p_085_5_4_reg_818                     |   9|          2|   16|         32|
    |p_085_5_5_reg_884                     |   9|          2|   16|         32|
    |p_085_5_6_reg_950                     |   9|          2|   16|         32|
    |p_085_5_7_reg_1016                    |   9|          2|   16|         32|
    |p_085_5_8_reg_1082                    |   9|          2|   16|         32|
    |p_085_5_9_reg_1148                    |   9|          2|   16|         32|
    |p_095_1_reg_451                       |   9|          2|   16|         32|
    |p_095_5_0_reg_520                     |   9|          2|   16|         32|
    |p_095_5_10_reg_1198                   |   9|          2|   16|         32|
    |p_095_5_11_reg_1264                   |   9|          2|   16|         32|
    |p_095_5_12_reg_1330                   |   9|          2|   16|         32|
    |p_095_5_13_reg_1396                   |   9|          2|   16|         32|
    |p_095_5_14_reg_1462                   |   9|          2|   16|         32|
    |p_095_5_15_reg_1532                   |   9|          2|   16|         32|
    |p_095_5_1_reg_604                     |   9|          2|   16|         32|
    |p_095_5_2_reg_670                     |   9|          2|   16|         32|
    |p_095_5_3_reg_736                     |   9|          2|   16|         32|
    |p_095_5_4_reg_802                     |   9|          2|   16|         32|
    |p_095_5_5_reg_868                     |   9|          2|   16|         32|
    |p_095_5_6_reg_934                     |   9|          2|   16|         32|
    |p_095_5_7_reg_1000                    |   9|          2|   16|         32|
    |p_095_5_8_reg_1066                    |   9|          2|   16|         32|
    |p_095_5_9_reg_1132                    |   9|          2|   16|         32|
    |tlast_0_reg_475                       |   9|          2|    1|          2|
    |tmp_data_V_reg_1513                   |   9|          2|  128|        256|
    |tmp_out_0_2_0_reg_503                 |   9|          2|  128|        256|
    |tmp_out_0_2_10_reg_1181               |   9|          2|  128|        256|
    |tmp_out_0_2_11_reg_1247               |   9|          2|  128|        256|
    |tmp_out_0_2_12_reg_1313               |   9|          2|  128|        256|
    |tmp_out_0_2_13_reg_1379               |   9|          2|  128|        256|
    |tmp_out_0_2_14_reg_1445               |   9|          2|  128|        256|
    |tmp_out_0_2_1_reg_587                 |   9|          2|  128|        256|
    |tmp_out_0_2_2_reg_653                 |   9|          2|  128|        256|
    |tmp_out_0_2_3_reg_719                 |   9|          2|  128|        256|
    |tmp_out_0_2_4_reg_785                 |   9|          2|  128|        256|
    |tmp_out_0_2_5_reg_851                 |   9|          2|  128|        256|
    |tmp_out_0_2_6_reg_917                 |   9|          2|  128|        256|
    |tmp_out_0_2_7_reg_983                 |   9|          2|  128|        256|
    |tmp_out_0_2_8_reg_1049                |   9|          2|  128|        256|
    |tmp_out_0_2_9_reg_1115                |   9|          2|  128|        256|
    |tmp_out_2_2_0_reg_487                 |  15|          3|   16|         48|
    |tmp_out_2_2_10_reg_1165               |  15|          3|   16|         48|
    |tmp_out_2_2_11_reg_1231               |  15|          3|   16|         48|
    |tmp_out_2_2_12_reg_1297               |  15|          3|   16|         48|
    |tmp_out_2_2_13_reg_1363               |  15|          3|   16|         48|
    |tmp_out_2_2_14_reg_1429               |  15|          3|   16|         48|
    |tmp_out_2_2_1_reg_571                 |  15|          3|   16|         48|
    |tmp_out_2_2_2_reg_637                 |  15|          3|   16|         48|
    |tmp_out_2_2_3_reg_703                 |  15|          3|   16|         48|
    |tmp_out_2_2_4_reg_769                 |  15|          3|   16|         48|
    |tmp_out_2_2_5_reg_835                 |  15|          3|   16|         48|
    |tmp_out_2_2_6_reg_901                 |  15|          3|   16|         48|
    |tmp_out_2_2_7_reg_967                 |  15|          3|   16|         48|
    |tmp_out_2_2_8_reg_1033                |  15|          3|   16|         48|
    |tmp_out_2_2_9_reg_1099                |  15|          3|   16|         48|
    |tmp_tkeep_V_reg_1495                  |  15|          3|   16|         48|
    |tmp_tlast_V_reg_553                   |   9|          2|    1|          2|
    +--------------------------------------+----+-----------+-----+-----------+
    |Total                                 | 869|        185| 2887|       6079|
    +--------------------------------------+----+-----------+-----+-----------+

    * Register: 
    +-------------------------+-----+----+-----+-----------+
    |           Name          |  FF | LUT| Bits| Const Bits|
    +-------------------------+-----+----+-----+-----------+
    |ap_CS_fsm                |   18|   0|   18|          0|
    |p_085_1_reg_463          |   16|   0|   16|          0|
    |p_085_5_0_reg_536        |   16|   0|   16|          0|
    |p_085_5_10_reg_1214      |   16|   0|   16|          0|
    |p_085_5_11_reg_1280      |   16|   0|   16|          0|
    |p_085_5_12_reg_1346      |   16|   0|   16|          0|
    |p_085_5_13_reg_1412      |   16|   0|   16|          0|
    |p_085_5_14_reg_1478      |   16|   0|   16|          0|
    |p_085_5_15_reg_1547      |   16|   0|   16|          0|
    |p_085_5_1_reg_620        |   16|   0|   16|          0|
    |p_085_5_2_reg_686        |   16|   0|   16|          0|
    |p_085_5_3_reg_752        |   16|   0|   16|          0|
    |p_085_5_4_reg_818        |   16|   0|   16|          0|
    |p_085_5_5_reg_884        |   16|   0|   16|          0|
    |p_085_5_6_reg_950        |   16|   0|   16|          0|
    |p_085_5_7_reg_1016       |   16|   0|   16|          0|
    |p_085_5_8_reg_1082       |   16|   0|   16|          0|
    |p_085_5_9_reg_1148       |   16|   0|   16|          0|
    |p_095_1_reg_451          |   16|   0|   16|          0|
    |p_095_5_0_reg_520        |   16|   0|   16|          0|
    |p_095_5_10_reg_1198      |   16|   0|   16|          0|
    |p_095_5_11_reg_1264      |   16|   0|   16|          0|
    |p_095_5_12_reg_1330      |   16|   0|   16|          0|
    |p_095_5_13_reg_1396      |   16|   0|   16|          0|
    |p_095_5_14_reg_1462      |   16|   0|   16|          0|
    |p_095_5_15_reg_1532      |   16|   0|   16|          0|
    |p_095_5_1_reg_604        |   16|   0|   16|          0|
    |p_095_5_2_reg_670        |   16|   0|   16|          0|
    |p_095_5_3_reg_736        |   16|   0|   16|          0|
    |p_095_5_4_reg_802        |   16|   0|   16|          0|
    |p_095_5_5_reg_868        |   16|   0|   16|          0|
    |p_095_5_6_reg_934        |   16|   0|   16|          0|
    |p_095_5_7_reg_1000       |   16|   0|   16|          0|
    |p_095_5_8_reg_1066       |   16|   0|   16|          0|
    |p_095_5_9_reg_1132       |   16|   0|   16|          0|
    |tlast_0_reg_475          |    1|   0|    1|          0|
    |tmp_data_V_reg_1513      |  128|   0|  128|          0|
    |tmp_out_0_07_reg_439     |  128|   0|  128|          0|
    |tmp_out_0_2_0_reg_503    |  128|   0|  128|          0|
    |tmp_out_0_2_10_reg_1181  |  128|   0|  128|          0|
    |tmp_out_0_2_11_reg_1247  |  128|   0|  128|          0|
    |tmp_out_0_2_12_reg_1313  |  128|   0|  128|          0|
    |tmp_out_0_2_13_reg_1379  |  128|   0|  128|          0|
    |tmp_out_0_2_14_reg_1445  |  128|   0|  128|          0|
    |tmp_out_0_2_1_reg_587    |  128|   0|  128|          0|
    |tmp_out_0_2_2_reg_653    |  128|   0|  128|          0|
    |tmp_out_0_2_3_reg_719    |  128|   0|  128|          0|
    |tmp_out_0_2_4_reg_785    |  128|   0|  128|          0|
    |tmp_out_0_2_5_reg_851    |  128|   0|  128|          0|
    |tmp_out_0_2_6_reg_917    |  128|   0|  128|          0|
    |tmp_out_0_2_7_reg_983    |  128|   0|  128|          0|
    |tmp_out_0_2_8_reg_1049   |  128|   0|  128|          0|
    |tmp_out_0_2_9_reg_1115   |  128|   0|  128|          0|
    |tmp_out_2_0_reg_427      |   16|   0|   16|          0|
    |tmp_out_2_2_0_reg_487    |   16|   0|   16|          0|
    |tmp_out_2_2_10_reg_1165  |   16|   0|   16|          0|
    |tmp_out_2_2_11_reg_1231  |   16|   0|   16|          0|
    |tmp_out_2_2_12_reg_1297  |   16|   0|   16|          0|
    |tmp_out_2_2_13_reg_1363  |   16|   0|   16|          0|
    |tmp_out_2_2_14_reg_1429  |   16|   0|   16|          0|
    |tmp_out_2_2_1_reg_571    |   16|   0|   16|          0|
    |tmp_out_2_2_2_reg_637    |   16|   0|   16|          0|
    |tmp_out_2_2_3_reg_703    |   16|   0|   16|          0|
    |tmp_out_2_2_4_reg_769    |   16|   0|   16|          0|
    |tmp_out_2_2_5_reg_835    |   16|   0|   16|          0|
    |tmp_out_2_2_6_reg_901    |   16|   0|   16|          0|
    |tmp_out_2_2_7_reg_967    |   16|   0|   16|          0|
    |tmp_out_2_2_8_reg_1033   |   16|   0|   16|          0|
    |tmp_out_2_2_9_reg_1099   |   16|   0|   16|          0|
    |tmp_tkeep_V_reg_1495     |   16|   0|   16|          0|
    |tmp_tlast_V_reg_553      |    1|   0|    1|          0|
    +-------------------------+-----+----+-----+-----------+
    |Total                    | 3012|   0| 3012|          0|
    +-------------------------+-----+----+-----+-----------+



================================================================
== Interface
================================================================
* Summary: 
+----------------+-----+-----+------------+---------------------------------------------------------+--------------+
|    RTL Ports   | Dir | Bits|  Protocol  |                      Source Object                      |    C Type    |
+----------------+-----+-----+------------+---------------------------------------------------------+--------------+
|ap_clk          |  in |    1| ap_ctrl_hs | _sc_stream_merge_raw<8, 16>::thread_sc_stream_merge_raw | return value |
|ap_rst          |  in |    1| ap_ctrl_hs | _sc_stream_merge_raw<8, 16>::thread_sc_stream_merge_raw | return value |
|din_0_dout      |  in |    8|   ap_fifo  |                          din_0                          |    pointer   |
|din_0_empty_n   |  in |    1|   ap_fifo  |                          din_0                          |    pointer   |
|din_0_read      | out |    1|   ap_fifo  |                          din_0                          |    pointer   |
|din_1_dout      |  in |    8|   ap_fifo  |                          din_1                          |    pointer   |
|din_1_empty_n   |  in |    1|   ap_fifo  |                          din_1                          |    pointer   |
|din_1_read      | out |    1|   ap_fifo  |                          din_1                          |    pointer   |
|din_2_dout      |  in |    8|   ap_fifo  |                          din_2                          |    pointer   |
|din_2_empty_n   |  in |    1|   ap_fifo  |                          din_2                          |    pointer   |
|din_2_read      | out |    1|   ap_fifo  |                          din_2                          |    pointer   |
|din_3_dout      |  in |    8|   ap_fifo  |                          din_3                          |    pointer   |
|din_3_empty_n   |  in |    1|   ap_fifo  |                          din_3                          |    pointer   |
|din_3_read      | out |    1|   ap_fifo  |                          din_3                          |    pointer   |
|din_4_dout      |  in |    8|   ap_fifo  |                          din_4                          |    pointer   |
|din_4_empty_n   |  in |    1|   ap_fifo  |                          din_4                          |    pointer   |
|din_4_read      | out |    1|   ap_fifo  |                          din_4                          |    pointer   |
|din_5_dout      |  in |    8|   ap_fifo  |                          din_5                          |    pointer   |
|din_5_empty_n   |  in |    1|   ap_fifo  |                          din_5                          |    pointer   |
|din_5_read      | out |    1|   ap_fifo  |                          din_5                          |    pointer   |
|din_6_dout      |  in |    8|   ap_fifo  |                          din_6                          |    pointer   |
|din_6_empty_n   |  in |    1|   ap_fifo  |                          din_6                          |    pointer   |
|din_6_read      | out |    1|   ap_fifo  |                          din_6                          |    pointer   |
|din_7_dout      |  in |    8|   ap_fifo  |                          din_7                          |    pointer   |
|din_7_empty_n   |  in |    1|   ap_fifo  |                          din_7                          |    pointer   |
|din_7_read      | out |    1|   ap_fifo  |                          din_7                          |    pointer   |
|din_8_dout      |  in |    8|   ap_fifo  |                          din_8                          |    pointer   |
|din_8_empty_n   |  in |    1|   ap_fifo  |                          din_8                          |    pointer   |
|din_8_read      | out |    1|   ap_fifo  |                          din_8                          |    pointer   |
|din_9_dout      |  in |    8|   ap_fifo  |                          din_9                          |    pointer   |
|din_9_empty_n   |  in |    1|   ap_fifo  |                          din_9                          |    pointer   |
|din_9_read      | out |    1|   ap_fifo  |                          din_9                          |    pointer   |
|din_10_dout     |  in |    8|   ap_fifo  |                          din_10                         |    pointer   |
|din_10_empty_n  |  in |    1|   ap_fifo  |                          din_10                         |    pointer   |
|din_10_read     | out |    1|   ap_fifo  |                          din_10                         |    pointer   |
|din_11_dout     |  in |    8|   ap_fifo  |                          din_11                         |    pointer   |
|din_11_empty_n  |  in |    1|   ap_fifo  |                          din_11                         |    pointer   |
|din_11_read     | out |    1|   ap_fifo  |                          din_11                         |    pointer   |
|din_12_dout     |  in |    8|   ap_fifo  |                          din_12                         |    pointer   |
|din_12_empty_n  |  in |    1|   ap_fifo  |                          din_12                         |    pointer   |
|din_12_read     | out |    1|   ap_fifo  |                          din_12                         |    pointer   |
|din_13_dout     |  in |    8|   ap_fifo  |                          din_13                         |    pointer   |
|din_13_empty_n  |  in |    1|   ap_fifo  |                          din_13                         |    pointer   |
|din_13_read     | out |    1|   ap_fifo  |                          din_13                         |    pointer   |
|din_14_dout     |  in |    8|   ap_fifo  |                          din_14                         |    pointer   |
|din_14_empty_n  |  in |    1|   ap_fifo  |                          din_14                         |    pointer   |
|din_14_read     | out |    1|   ap_fifo  |                          din_14                         |    pointer   |
|din_15_dout     |  in |    8|   ap_fifo  |                          din_15                         |    pointer   |
|din_15_empty_n  |  in |    1|   ap_fifo  |                          din_15                         |    pointer   |
|din_15_read     | out |    1|   ap_fifo  |                          din_15                         |    pointer   |
|din_16_dout     |  in |    1|   ap_fifo  |                          din_16                         |    pointer   |
|din_16_empty_n  |  in |    1|   ap_fifo  |                          din_16                         |    pointer   |
|din_16_read     | out |    1|   ap_fifo  |                          din_16                         |    pointer   |
|din_17_dout     |  in |    1|   ap_fifo  |                          din_17                         |    pointer   |
|din_17_empty_n  |  in |    1|   ap_fifo  |                          din_17                         |    pointer   |
|din_17_read     | out |    1|   ap_fifo  |                          din_17                         |    pointer   |
|din_18_dout     |  in |    1|   ap_fifo  |                          din_18                         |    pointer   |
|din_18_empty_n  |  in |    1|   ap_fifo  |                          din_18                         |    pointer   |
|din_18_read     | out |    1|   ap_fifo  |                          din_18                         |    pointer   |
|din_19_dout     |  in |    1|   ap_fifo  |                          din_19                         |    pointer   |
|din_19_empty_n  |  in |    1|   ap_fifo  |                          din_19                         |    pointer   |
|din_19_read     | out |    1|   ap_fifo  |                          din_19                         |    pointer   |
|din_20_dout     |  in |    1|   ap_fifo  |                          din_20                         |    pointer   |
|din_20_empty_n  |  in |    1|   ap_fifo  |                          din_20                         |    pointer   |
|din_20_read     | out |    1|   ap_fifo  |                          din_20                         |    pointer   |
|din_21_dout     |  in |    1|   ap_fifo  |                          din_21                         |    pointer   |
|din_21_empty_n  |  in |    1|   ap_fifo  |                          din_21                         |    pointer   |
|din_21_read     | out |    1|   ap_fifo  |                          din_21                         |    pointer   |
|din_22_dout     |  in |    1|   ap_fifo  |                          din_22                         |    pointer   |
|din_22_empty_n  |  in |    1|   ap_fifo  |                          din_22                         |    pointer   |
|din_22_read     | out |    1|   ap_fifo  |                          din_22                         |    pointer   |
|din_23_dout     |  in |    1|   ap_fifo  |                          din_23                         |    pointer   |
|din_23_empty_n  |  in |    1|   ap_fifo  |                          din_23                         |    pointer   |
|din_23_read     | out |    1|   ap_fifo  |                          din_23                         |    pointer   |
|din_24_dout     |  in |    1|   ap_fifo  |                          din_24                         |    pointer   |
|din_24_empty_n  |  in |    1|   ap_fifo  |                          din_24                         |    pointer   |
|din_24_read     | out |    1|   ap_fifo  |                          din_24                         |    pointer   |
|din_25_dout     |  in |    1|   ap_fifo  |                          din_25                         |    pointer   |
|din_25_empty_n  |  in |    1|   ap_fifo  |                          din_25                         |    pointer   |
|din_25_read     | out |    1|   ap_fifo  |                          din_25                         |    pointer   |
|din_26_dout     |  in |    1|   ap_fifo  |                          din_26                         |    pointer   |
|din_26_empty_n  |  in |    1|   ap_fifo  |                          din_26                         |    pointer   |
|din_26_read     | out |    1|   ap_fifo  |                          din_26                         |    pointer   |
|din_27_dout     |  in |    1|   ap_fifo  |                          din_27                         |    pointer   |
|din_27_empty_n  |  in |    1|   ap_fifo  |                          din_27                         |    pointer   |
|din_27_read     | out |    1|   ap_fifo  |                          din_27                         |    pointer   |
|din_28_dout     |  in |    1|   ap_fifo  |                          din_28                         |    pointer   |
|din_28_empty_n  |  in |    1|   ap_fifo  |                          din_28                         |    pointer   |
|din_28_read     | out |    1|   ap_fifo  |                          din_28                         |    pointer   |
|din_29_dout     |  in |    1|   ap_fifo  |                          din_29                         |    pointer   |
|din_29_empty_n  |  in |    1|   ap_fifo  |                          din_29                         |    pointer   |
|din_29_read     | out |    1|   ap_fifo  |                          din_29                         |    pointer   |
|din_30_dout     |  in |    1|   ap_fifo  |                          din_30                         |    pointer   |
|din_30_empty_n  |  in |    1|   ap_fifo  |                          din_30                         |    pointer   |
|din_30_read     | out |    1|   ap_fifo  |                          din_30                         |    pointer   |
|din_31_dout     |  in |    1|   ap_fifo  |                          din_31                         |    pointer   |
|din_31_empty_n  |  in |    1|   ap_fifo  |                          din_31                         |    pointer   |
|din_31_read     | out |    1|   ap_fifo  |                          din_31                         |    pointer   |
|din_32_dout     |  in |    1|   ap_fifo  |                          din_32                         |    pointer   |
|din_32_empty_n  |  in |    1|   ap_fifo  |                          din_32                         |    pointer   |
|din_32_read     | out |    1|   ap_fifo  |                          din_32                         |    pointer   |
|din_33_dout     |  in |    1|   ap_fifo  |                          din_33                         |    pointer   |
|din_33_empty_n  |  in |    1|   ap_fifo  |                          din_33                         |    pointer   |
|din_33_read     | out |    1|   ap_fifo  |                          din_33                         |    pointer   |
|din_34_dout     |  in |    1|   ap_fifo  |                          din_34                         |    pointer   |
|din_34_empty_n  |  in |    1|   ap_fifo  |                          din_34                         |    pointer   |
|din_34_read     | out |    1|   ap_fifo  |                          din_34                         |    pointer   |
|din_35_dout     |  in |    1|   ap_fifo  |                          din_35                         |    pointer   |
|din_35_empty_n  |  in |    1|   ap_fifo  |                          din_35                         |    pointer   |
|din_35_read     | out |    1|   ap_fifo  |                          din_35                         |    pointer   |
|din_36_dout     |  in |    1|   ap_fifo  |                          din_36                         |    pointer   |
|din_36_empty_n  |  in |    1|   ap_fifo  |                          din_36                         |    pointer   |
|din_36_read     | out |    1|   ap_fifo  |                          din_36                         |    pointer   |
|din_37_dout     |  in |    1|   ap_fifo  |                          din_37                         |    pointer   |
|din_37_empty_n  |  in |    1|   ap_fifo  |                          din_37                         |    pointer   |
|din_37_read     | out |    1|   ap_fifo  |                          din_37                         |    pointer   |
|din_38_dout     |  in |    1|   ap_fifo  |                          din_38                         |    pointer   |
|din_38_empty_n  |  in |    1|   ap_fifo  |                          din_38                         |    pointer   |
|din_38_read     | out |    1|   ap_fifo  |                          din_38                         |    pointer   |
|din_39_dout     |  in |    1|   ap_fifo  |                          din_39                         |    pointer   |
|din_39_empty_n  |  in |    1|   ap_fifo  |                          din_39                         |    pointer   |
|din_39_read     | out |    1|   ap_fifo  |                          din_39                         |    pointer   |
|din_40_dout     |  in |    1|   ap_fifo  |                          din_40                         |    pointer   |
|din_40_empty_n  |  in |    1|   ap_fifo  |                          din_40                         |    pointer   |
|din_40_read     | out |    1|   ap_fifo  |                          din_40                         |    pointer   |
|din_41_dout     |  in |    1|   ap_fifo  |                          din_41                         |    pointer   |
|din_41_empty_n  |  in |    1|   ap_fifo  |                          din_41                         |    pointer   |
|din_41_read     | out |    1|   ap_fifo  |                          din_41                         |    pointer   |
|din_42_dout     |  in |    1|   ap_fifo  |                          din_42                         |    pointer   |
|din_42_empty_n  |  in |    1|   ap_fifo  |                          din_42                         |    pointer   |
|din_42_read     | out |    1|   ap_fifo  |                          din_42                         |    pointer   |
|din_43_dout     |  in |    1|   ap_fifo  |                          din_43                         |    pointer   |
|din_43_empty_n  |  in |    1|   ap_fifo  |                          din_43                         |    pointer   |
|din_43_read     | out |    1|   ap_fifo  |                          din_43                         |    pointer   |
|din_44_dout     |  in |    1|   ap_fifo  |                          din_44                         |    pointer   |
|din_44_empty_n  |  in |    1|   ap_fifo  |                          din_44                         |    pointer   |
|din_44_read     | out |    1|   ap_fifo  |                          din_44                         |    pointer   |
|din_45_dout     |  in |    1|   ap_fifo  |                          din_45                         |    pointer   |
|din_45_empty_n  |  in |    1|   ap_fifo  |                          din_45                         |    pointer   |
|din_45_read     | out |    1|   ap_fifo  |                          din_45                         |    pointer   |
|din_46_dout     |  in |    1|   ap_fifo  |                          din_46                         |    pointer   |
|din_46_empty_n  |  in |    1|   ap_fifo  |                          din_46                         |    pointer   |
|din_46_read     | out |    1|   ap_fifo  |                          din_46                         |    pointer   |
|din_47_dout     |  in |    1|   ap_fifo  |                          din_47                         |    pointer   |
|din_47_empty_n  |  in |    1|   ap_fifo  |                          din_47                         |    pointer   |
|din_47_read     | out |    1|   ap_fifo  |                          din_47                         |    pointer   |
|dout_0_din      | out |  128|   ap_fifo  |                          dout_0                         |    pointer   |
|dout_0_full_n   |  in |    1|   ap_fifo  |                          dout_0                         |    pointer   |
|dout_0_write    | out |    1|   ap_fifo  |                          dout_0                         |    pointer   |
|dout_1_din      | out |    1|   ap_fifo  |                          dout_1                         |    pointer   |
|dout_1_full_n   |  in |    1|   ap_fifo  |                          dout_1                         |    pointer   |
|dout_1_write    | out |    1|   ap_fifo  |                          dout_1                         |    pointer   |
|dout_2_din      | out |   16|   ap_fifo  |                          dout_2                         |    pointer   |
|dout_2_full_n   |  in |    1|   ap_fifo  |                          dout_2                         |    pointer   |
|dout_2_write    | out |    1|   ap_fifo  |                          dout_2                         |    pointer   |
+----------------+-----+-----+------------+---------------------------------------------------------+--------------+

