

================================================================
== Vivado HLS Report for 'p_sc_stream_buffer_not_stream_while_write_thread_sc_stream_buffer_not_stream_while_write'
================================================================
* Date:           Sun Feb 23 21:47:57 2020

* Version:        2019.1 (Build 2552052 on Fri May 24 15:28:33 MDT 2019)
* Project:        CNNAccel
* Solution:       default
* Product family: zynquplus
* Target device:  xczu3eg-sbva484-1-e


================================================================
== Performance Estimates
================================================================
+ Timing (ns): 
    * Summary: 
    +--------+-------+----------+------------+
    |  Clock | Target| Estimated| Uncertainty|
    +--------+-------+----------+------------+
    |ap_clk  |   5.00|     4.218|        0.62|
    +--------+-------+----------+------------+

+ Latency (clock cycles): 
    * Summary: 
    +-----+-----+-----+-----+---------+
    |  Latency  |  Interval | Pipeline|
    | min | max | min | max |   Type  |
    +-----+-----+-----+-----+---------+
    |    ?|    ?|    ?|    ?|   none  |
    +-----+-----+-----+-----+---------+

    + Detail: 
        * Instance: 
        N/A

        * Loop: 
        +-----------------+-----+-----+----------+-----------+-----------+------+----------+
        |                 |  Latency  | Iteration|  Initiation Interval  | Trip |          |
        |    Loop Name    | min | max |  Latency |  achieved |   target  | Count| Pipelined|
        +-----------------+-----+-----+----------+-----------+-----------+------+----------+
        |- Loop 1         |    ?|    ?|         ?|          -|          -|  inf |    no    |
        | + Loop 1.1      |    ?|    ?|         3|          2|          2|     ?|    yes   |
        | + Loop 1.2      |    ?|    ?|         2|          1|          1|     ?|    yes   |
        | + Loop 1.3      |    ?|    ?|         ?|          -|          -|     ?|    no    |
        |  ++ Loop 1.3.1  |    ?|    ?|         2|          1|          1|     ?|    yes   |
        +-----------------+-----+-----+----------+-----------+-----------+------+----------+



================================================================
== Utilization Estimates
================================================================
* Summary: 
+-----------------+---------+-------+--------+-------+-----+
|       Name      | BRAM_18K| DSP48E|   FF   |  LUT  | URAM|
+-----------------+---------+-------+--------+-------+-----+
|DSP              |        -|      -|       -|      -|    -|
|Expression       |        -|      -|       0|    347|    -|
|FIFO             |        -|      -|       -|      -|    -|
|Instance         |        -|      -|       -|      -|    -|
|Memory           |        9|      -|       0|      0|    0|
|Multiplexer      |        -|      -|       -|    473|    -|
|Register         |        -|      -|     747|      -|    -|
+-----------------+---------+-------+--------+-------+-----+
|Total            |        9|      0|     747|    820|    0|
+-----------------+---------+-------+--------+-------+-----+
|Available        |      432|    360|  141120|  70560|    0|
+-----------------+---------+-------+--------+-------+-----+
|Utilization (%)  |        2|      0|   ~0   |      1|    0|
+-----------------+---------+-------+--------+-------+-----+

+ Detail: 
    * Instance: 
    N/A

    * DSP48E: 
    N/A

    * Memory: 
    +---------+----------------------------------------------------------------------------------+---------+---+----+-----+------+-----+------+-------------+
    |  Memory |                                      Module                                      | BRAM_18K| FF| LUT| URAM| Words| Bits| Banks| W*Bits*Banks|
    +---------+----------------------------------------------------------------------------------+---------+---+----+-----+------+-----+------+-------------+
    |buf_V_U  |p_sc_stream_buffer_not_stream_while_write_thread_sc_stream_buffer_not_stream_bkb  |        9|  0|   0|    0|   798|  145|     1|       115710|
    +---------+----------------------------------------------------------------------------------+---------+---+----+-----+------+-----+------+-------------+
    |Total    |                                                                                  |        9|  0|   0|    0|   798|  145|     1|       115710|
    +---------+----------------------------------------------------------------------------------+---------+---+----+-----+------+-----+------+-------------+

    * FIFO: 
    N/A

    * Expression: 
    +-----------------------------------+----------+-------+---+----+------------+------------+
    |           Variable Name           | Operation| DSP48E| FF| LUT| Bitwidth P0| Bitwidth P1|
    +-----------------------------------+----------+-------+---+----+------------+------------+
    |cur_addr_V_fu_973_p2               |     +    |      0|  0|  17|           1|          10|
    |high_addr_V_fu_939_p2              |     +    |      0|  0|  17|          10|           1|
    |i_V_4_fu_864_p2                    |     +    |      0|  0|  17|           1|          10|
    |last_counter_V_fu_954_p2           |     +    |      0|  0|  21|          14|           1|
    |re_V_fu_844_p2                     |     +    |      0|  0|  27|          20|           1|
    |ret_V_fu_806_p2                    |     +    |      0|  0|  18|          11|           2|
    |and_ln255_fu_4023_p2               |    and   |      0|  0|   2|           1|           1|
    |ap_block_pp0_stage0_01001          |    and   |      0|  0|   2|           1|           1|
    |ap_block_state11                   |    and   |      0|  0|   2|           1|           1|
    |ap_block_state4                    |    and   |      0|  0|   2|           1|           1|
    |ap_block_state6_pp0_stage0_iter1   |    and   |      0|  0|   2|           1|           1|
    |ap_condition_382                   |    and   |      0|  0|   2|           1|           1|
    |ap_condition_403                   |    and   |      0|  0|   2|           1|           1|
    |ap_condition_406                   |    and   |      0|  0|   2|           1|           1|
    |ap_condition_418                   |    and   |      0|  0|   2|           1|           1|
    |ap_condition_465                   |    and   |      0|  0|   2|           1|           1|
    |ap_predicate_tran10to11_state9     |    and   |      0|  0|   2|           1|           1|
    |ap_predicate_tran13to11_state12    |    and   |      0|  0|   2|           1|           1|
    |io_acc_block_signal_op604          |    and   |      0|  0|   2|           1|           1|
    |io_acc_block_signal_op607          |    and   |      0|  0|   2|           1|           1|
    |empty_1357_fu_4050_p2              |   icmp   |      0|  0|  13|          16|           1|
    |icmp_ln193_fu_830_p2               |   icmp   |      0|  0|  13|          16|           1|
    |icmp_ln236_fu_924_p2               |   icmp   |      0|  0|  13|          16|           1|
    |icmp_ln261_fu_839_p2               |   icmp   |      0|  0|  20|          20|          20|
    |icmp_ln879_9_fu_949_p2             |   icmp   |      0|  0|  13|          15|          15|
    |icmp_ln879_fu_796_p2               |   icmp   |      0|  0|  20|          20|           1|
    |icmp_ln887_3_fu_853_p2             |   icmp   |      0|  0|  13|          10|          10|
    |icmp_ln887_fu_875_p2               |   icmp   |      0|  0|  13|          10|          10|
    |overwrite_last_fu_782_p2           |   icmp   |      0|  0|  13|          10|           1|
    |tlast_V_fu_934_p2                  |   icmp   |      0|  0|  13|          15|          15|
    |tmp_tlast_V_fu_4089_p2             |   icmp   |      0|  0|  13|          16|           1|
    |ap_block_pp2_stage0_01001          |    or    |      0|  0|   2|           1|           1|
    |ap_block_state13_pp2_stage0_iter1  |    or    |      0|  0|   2|           1|           1|
    |ap_block_state3                    |    or    |      0|  0|   2|           1|           1|
    |ap_condition_262                   |    or    |      0|  0|   2|           1|           1|
    |ap_condition_266                   |    or    |      0|  0|   2|           1|           1|
    |ap_condition_410                   |    or    |      0|  0|   2|           1|           1|
    |ap_condition_474                   |    or    |      0|  0|   2|           1|           1|
    |last_counter_V_1_fu_960_p3         |  select  |      0|  0|  14|           1|           1|
    |select_ln227_fu_979_p3             |  select  |      0|  0|   9|           1|          10|
    |ap_enable_pp0                      |    xor   |      0|  0|   2|           1|           2|
    |ap_enable_pp1                      |    xor   |      0|  0|   2|           1|           2|
    |ap_enable_pp2                      |    xor   |      0|  0|   2|           1|           2|
    |ap_enable_reg_pp0_iter1            |    xor   |      0|  0|   2|           2|           1|
    +-----------------------------------+----------+-------+---+----+------------+------------+
    |Total                              |          |      0|  0| 347|         249|         140|
    +-----------------------------------+----------+-------+---+----+------------+------------+

    * Multiplexer: 
    +-----------------------------------------------+----+-----------+-----+-----------+
    |                      Name                     | LUT| Input Size| Bits| Total Bits|
    +-----------------------------------------------+----+-----------+-----+-----------+
    |ap_NS_fsm                                      |  50|         11|    1|         11|
    |ap_enable_reg_pp0_iter1                        |  15|          3|    1|          3|
    |ap_enable_reg_pp1_iter1                        |   9|          2|    1|          2|
    |ap_enable_reg_pp2_iter1                        |   9|          2|    1|          2|
    |ap_phi_mux_p_0417_3_phi_fu_677_p4              |   9|          2|   10|         20|
    |ap_phi_mux_t_V_6_phi_fu_572_p4                 |   9|          2|   10|         20|
    |ap_phi_mux_t_V_7_phi_fu_596_p4                 |   9|          2|   14|         28|
    |ap_phi_mux_t_V_phi_fu_584_p4                   |   9|          2|   10|         20|
    |ap_phi_mux_tmp_in_1_2_phi_fu_561_p4            |   9|          2|    1|          2|
    |ap_phi_mux_tmp_in_2_2_phi_fu_551_p4            |   9|          2|   16|         32|
    |ap_phi_reg_pp1_iter0_p_0317_3_reg_658          |   9|          2|   14|         28|
    |ap_phi_reg_pp1_iter0_p_0413_3_reg_643          |   9|          2|   10|         20|
    |ap_phi_reg_pp1_iter0_p_Val2_15_reg_613         |   9|          2|   16|         32|
    |ap_phi_reg_pp1_iter0_p_Val2_i_i_0_0_i_reg_604  |   9|          2|    1|          2|
    |ap_phi_reg_pp1_iter0_tmp_in_1_3_reg_627        |  15|          3|    1|          3|
    |ap_phi_reg_pp1_iter1_p_0417_3_reg_673          |   9|          2|   10|         20|
    |buf_V_address0                                 |  21|          4|   10|         40|
    |ctrls_in_blk_n                                 |   9|          2|    1|          2|
    |din_0_blk_n                                    |   9|          2|    1|          2|
    |din_1_blk_n                                    |   9|          2|    1|          2|
    |din_2_blk_n                                    |   9|          2|    1|          2|
    |dout_0_blk_n                                   |   9|          2|    1|          2|
    |dout_0_din                                     |  27|          5|  128|        640|
    |dout_1_blk_n                                   |   9|          2|    1|          2|
    |dout_1_din                                     |  27|          5|    1|          5|
    |dout_2_blk_n                                   |   9|          2|    1|          2|
    |dout_2_din                                     |  21|          4|   16|         64|
    |high_addr_V_1_fu_438                           |   9|          2|   10|         20|
    |i_V_fu_434                                     |   9|          2|   10|         20|
    |p_0417_3_reg_673                               |   9|          2|   10|         20|
    |t_V_4_reg_539                                  |   9|          2|   10|         20|
    |t_V_5_reg_528                                  |   9|          2|   20|         40|
    |t_V_6_reg_568                                  |   9|          2|   10|         20|
    |t_V_7_reg_592                                  |   9|          2|   14|         28|
    |t_V_reg_580                                    |   9|          2|   10|         20|
    |tmp_data_V_reg_695                             |   9|          2|  128|        256|
    |tmp_in_1_2_reg_558                             |   9|          2|    1|          2|
    |tmp_in_2_2_reg_548                             |   9|          2|   16|         32|
    |tmp_tkeep_V_reg_685                            |   9|          2|   16|         32|
    |val_tkeep_V_fu_430                             |   9|          2|   16|         32|
    +-----------------------------------------------+----+-----------+-----+-----------+
    |Total                                          | 473|        101|  550|       1550|
    +-----------------------------------------------+----+-----------+-----+-----------+

    * Register: 
    +-----------------------------------------------+-----+----+-----+-----------+
    |                      Name                     |  FF | LUT| Bits| Const Bits|
    +-----------------------------------------------+-----+----+-----+-----------+
    |and_ln255_reg_4399                             |    1|   0|    1|          0|
    |ap_CS_fsm                                      |   10|   0|   10|          0|
    |ap_enable_reg_pp0_iter0                        |    1|   0|    1|          0|
    |ap_enable_reg_pp0_iter1                        |    1|   0|    1|          0|
    |ap_enable_reg_pp1_iter0                        |    1|   0|    1|          0|
    |ap_enable_reg_pp1_iter1                        |    1|   0|    1|          0|
    |ap_enable_reg_pp2_iter0                        |    1|   0|    1|          0|
    |ap_enable_reg_pp2_iter1                        |    1|   0|    1|          0|
    |ap_phi_reg_pp1_iter0_p_0317_3_reg_658          |   14|   0|   14|          0|
    |ap_phi_reg_pp1_iter0_p_0413_3_reg_643          |   10|   0|   10|          0|
    |ap_phi_reg_pp1_iter0_p_Val2_15_reg_613         |   16|   0|   16|          0|
    |ap_phi_reg_pp1_iter0_p_Val2_i_i_0_0_i_reg_604  |    1|   0|    1|          0|
    |ap_phi_reg_pp1_iter0_tmp_in_1_3_reg_627        |    1|   0|    1|          0|
    |ap_phi_reg_pp1_iter1_p_0417_3_reg_673          |   10|   0|   10|          0|
    |ctrls_tmp_V_reg_4132                           |   20|   0|   20|          0|
    |empty_1357_reg_4403                            |    1|   0|    1|          0|
    |forward_reg_4141                               |    1|   0|    1|          0|
    |high_addr_V_1_fu_438                           |   10|   0|   10|          0|
    |i_V_fu_434                                     |   10|   0|   10|          0|
    |icmp_ln193_reg_4169                            |    1|   0|    1|          0|
    |icmp_ln236_reg_4375                            |    1|   0|    1|          0|
    |icmp_ln879_reg_4145                            |    1|   0|    1|          0|
    |icmp_ln887_3_reg_4187                          |    1|   0|    1|          0|
    |icmp_ln887_reg_4201                            |    1|   0|    1|          0|
    |new_data_2_reg_4210                            |    1|   0|    1|          0|
    |overwrite_last_reg_4137                        |    1|   0|    1|          0|
    |p_0317_3_reg_658                               |   14|   0|   14|          0|
    |p_0413_3_reg_643                               |   10|   0|   10|          0|
    |p_0417_3_reg_673                               |   10|   0|   10|          0|
    |p_Val2_15_reg_613                              |   16|   0|   16|          0|
    |re_V_reg_4182                                  |   20|   0|   20|          0|
    |select_ln227_reg_4394                          |   10|   0|   10|          0|
    |sext_ln1354_reg_4149                           |   15|   0|   15|          0|
    |t_V_4_reg_539                                  |   10|   0|   10|          0|
    |t_V_5_reg_528                                  |   20|   0|   20|          0|
    |t_V_6_reg_568                                  |   10|   0|   10|          0|
    |t_V_7_reg_592                                  |   14|   0|   14|          0|
    |t_V_reg_580                                    |   10|   0|   10|          0|
    |tmpV_data_V_reg_4215                           |  128|   0|  128|          0|
    |tmpV_tkeep_V_reg_4353                          |   16|   0|   16|          0|
    |tmpV_tlast_V_reg_4347                          |    1|   0|    1|          0|
    |tmp_data_V_reg_695                             |  128|   0|  128|          0|
    |tmp_in_1_2_reg_558                             |    1|   0|    1|          0|
    |tmp_in_1_3_reg_627                             |    1|   0|    1|          0|
    |tmp_in_2_2_reg_548                             |   16|   0|   16|          0|
    |tmp_tkeep_V_reg_685                            |   16|   0|   16|          0|
    |tmp_tlast_V_reg_4422                           |    1|   0|    1|          0|
    |val_data_V_8_reg_4407                          |  128|   0|  128|          0|
    |val_tkeep_V_10_reg_4416                        |   16|   0|   16|          0|
    |val_tkeep_V_fu_430                             |   16|   0|   16|          0|
    |val_tlast_V_7_reg_4412                         |    1|   0|    1|          0|
    |val_tlast_V_reg_4160                           |    1|   0|    1|          0|
    +-----------------------------------------------+-----+----+-----+-----------+
    |Total                                          |  747|   0|  747|          0|
    +-----------------------------------------------+-----+----+-----+-----------+



================================================================
== Interface
================================================================
* Summary: 
+------------------+-----+-----+------------+----------------------------------------------------------------------------------------------------+--------------+
|     RTL Ports    | Dir | Bits|  Protocol  |                                            Source Object                                           |    C Type    |
+------------------+-----+-----+------------+----------------------------------------------------------------------------------------------------+--------------+
|ap_clk            |  in |    1| ap_ctrl_hs | _sc_stream_buffer_not_stream_while_write<128, 798>::thread_sc_stream_buffer_not_stream_while_write | return value |
|ap_rst            |  in |    1| ap_ctrl_hs | _sc_stream_buffer_not_stream_while_write<128, 798>::thread_sc_stream_buffer_not_stream_while_write | return value |
|din_0_dout        |  in |  128|   ap_fifo  |                                                din_0                                               |    pointer   |
|din_0_empty_n     |  in |    1|   ap_fifo  |                                                din_0                                               |    pointer   |
|din_0_read        | out |    1|   ap_fifo  |                                                din_0                                               |    pointer   |
|din_1_dout        |  in |    1|   ap_fifo  |                                                din_1                                               |    pointer   |
|din_1_empty_n     |  in |    1|   ap_fifo  |                                                din_1                                               |    pointer   |
|din_1_read        | out |    1|   ap_fifo  |                                                din_1                                               |    pointer   |
|din_2_dout        |  in |   16|   ap_fifo  |                                                din_2                                               |    pointer   |
|din_2_empty_n     |  in |    1|   ap_fifo  |                                                din_2                                               |    pointer   |
|din_2_read        | out |    1|   ap_fifo  |                                                din_2                                               |    pointer   |
|ctrls_in_dout     |  in |   31|   ap_fifo  |                                              ctrls_in                                              |    pointer   |
|ctrls_in_empty_n  |  in |    1|   ap_fifo  |                                              ctrls_in                                              |    pointer   |
|ctrls_in_read     | out |    1|   ap_fifo  |                                              ctrls_in                                              |    pointer   |
|dout_0_din        | out |  128|   ap_fifo  |                                               dout_0                                               |    pointer   |
|dout_0_full_n     |  in |    1|   ap_fifo  |                                               dout_0                                               |    pointer   |
|dout_0_write      | out |    1|   ap_fifo  |                                               dout_0                                               |    pointer   |
|dout_1_din        | out |    1|   ap_fifo  |                                               dout_1                                               |    pointer   |
|dout_1_full_n     |  in |    1|   ap_fifo  |                                               dout_1                                               |    pointer   |
|dout_1_write      | out |    1|   ap_fifo  |                                               dout_1                                               |    pointer   |
|dout_2_din        | out |   16|   ap_fifo  |                                               dout_2                                               |    pointer   |
|dout_2_full_n     |  in |    1|   ap_fifo  |                                               dout_2                                               |    pointer   |
|dout_2_write      | out |    1|   ap_fifo  |                                               dout_2                                               |    pointer   |
+------------------+-----+-----+------------+----------------------------------------------------------------------------------------------------+--------------+

