

================================================================
== Vivado HLS Report for 'p_sc_stream_merge_raw'
================================================================
* Date:           Sun Feb 23 21:50:41 2020

* Version:        2019.1 (Build 2552052 on Fri May 24 15:28:33 MDT 2019)
* Project:        CNNAccel
* Solution:       default
* Product family: zynquplus
* Target device:  xczu3eg-sbva484-1-e


================================================================
== Performance Estimates
================================================================
+ Timing (ns): 
    * Summary: 
    +--------+-------+----------+------------+
    |  Clock | Target| Estimated| Uncertainty|
    +--------+-------+----------+------------+
    |ap_clk  |   5.00|     3.352|        0.62|
    +--------+-------+----------+------------+

+ Latency (clock cycles): 
    * Summary: 
    +-----+-----+-----+-----+---------+
    |  Latency  |  Interval | Pipeline|
    | min | max | min | max |   Type  |
    +-----+-----+-----+-----+---------+
    |    0|   19|    0|   19|   none  |
    +-----+-----+-----+-----+---------+

    + Detail: 
        * Instance: 
        +-------------------------------------------------------------+--------------------------------------------------+-----+-----+-----+-----+---------+
        |                                                             |                                                  |  Latency  |  Interval | Pipeline|
        |                           Instance                          |                      Module                      | min | max | min | max |   Type  |
        +-------------------------------------------------------------+--------------------------------------------------+-----+-----+-----+-----+---------+
        |grp_p_sc_stream_merge_raw_thread_sc_stream_merge_raw_fu_156  |p_sc_stream_merge_raw_thread_sc_stream_merge_raw  |   18|   18|   18|   18|   none  |
        +-------------------------------------------------------------+--------------------------------------------------+-----+-----+-----+-----+---------+

        * Loop: 
        N/A



================================================================
== Utilization Estimates
================================================================
* Summary: 
+-----------------+---------+-------+--------+-------+-----+
|       Name      | BRAM_18K| DSP48E|   FF   |  LUT  | URAM|
+-----------------+---------+-------+--------+-------+-----+
|DSP              |        -|      -|       -|      -|    -|
|Expression       |        -|      -|       -|      -|    -|
|FIFO             |        -|      -|       -|      -|    -|
|Instance         |        -|      -|    3012|    936|    -|
|Memory           |        -|      -|       -|      -|    -|
|Multiplexer      |        -|      -|       -|      -|    -|
|Register         |        -|      -|       -|      -|    -|
+-----------------+---------+-------+--------+-------+-----+
|Total            |        0|      0|    3012|    936|    0|
+-----------------+---------+-------+--------+-------+-----+
|Available        |      432|    360|  141120|  70560|    0|
+-----------------+---------+-------+--------+-------+-----+
|Utilization (%)  |        0|      0|       2|      1|    0|
+-----------------+---------+-------+--------+-------+-----+

+ Detail: 
    * Instance: 
    +-------------------------------------------------------------+--------------------------------------------------+---------+-------+------+-----+-----+
    |                           Instance                          |                      Module                      | BRAM_18K| DSP48E|  FF  | LUT | URAM|
    +-------------------------------------------------------------+--------------------------------------------------+---------+-------+------+-----+-----+
    |grp_p_sc_stream_merge_raw_thread_sc_stream_merge_raw_fu_156  |p_sc_stream_merge_raw_thread_sc_stream_merge_raw  |        0|      0|  3012|  936|    0|
    +-------------------------------------------------------------+--------------------------------------------------+---------+-------+------+-----+-----+
    |Total                                                        |                                                  |        0|      0|  3012|  936|    0|
    +-------------------------------------------------------------+--------------------------------------------------+---------+-------+------+-----+-----+

    * DSP48E: 
    N/A

    * Memory: 
    N/A

    * FIFO: 
    N/A

    * Expression: 
    N/A

    * Multiplexer: 
    N/A

    * Register: 
    N/A



================================================================
== Interface
================================================================
* Summary: 
+----------------+-----+-----+------------+-----------------------------------------------------+--------------+
|    RTL Ports   | Dir | Bits|  Protocol  |                    Source Object                    |    C Type    |
+----------------+-----+-----+------------+-----------------------------------------------------+--------------+
|clk             |  in |    1| ap_ctrl_hs | _sc_stream_merge_raw<8, 16>::_sc_stream_merge_raw.1 | return value |
|reset           |  in |    1| ap_ctrl_hs | _sc_stream_merge_raw<8, 16>::_sc_stream_merge_raw.1 | return value |
|din_0_dout      |  in |    8|   ap_fifo  |                        din_0                        |    pointer   |
|din_0_empty_n   |  in |    1|   ap_fifo  |                        din_0                        |    pointer   |
|din_0_read      | out |    1|   ap_fifo  |                        din_0                        |    pointer   |
|din_1_dout      |  in |    8|   ap_fifo  |                        din_1                        |    pointer   |
|din_1_empty_n   |  in |    1|   ap_fifo  |                        din_1                        |    pointer   |
|din_1_read      | out |    1|   ap_fifo  |                        din_1                        |    pointer   |
|din_2_dout      |  in |    8|   ap_fifo  |                        din_2                        |    pointer   |
|din_2_empty_n   |  in |    1|   ap_fifo  |                        din_2                        |    pointer   |
|din_2_read      | out |    1|   ap_fifo  |                        din_2                        |    pointer   |
|din_3_dout      |  in |    8|   ap_fifo  |                        din_3                        |    pointer   |
|din_3_empty_n   |  in |    1|   ap_fifo  |                        din_3                        |    pointer   |
|din_3_read      | out |    1|   ap_fifo  |                        din_3                        |    pointer   |
|din_4_dout      |  in |    8|   ap_fifo  |                        din_4                        |    pointer   |
|din_4_empty_n   |  in |    1|   ap_fifo  |                        din_4                        |    pointer   |
|din_4_read      | out |    1|   ap_fifo  |                        din_4                        |    pointer   |
|din_5_dout      |  in |    8|   ap_fifo  |                        din_5                        |    pointer   |
|din_5_empty_n   |  in |    1|   ap_fifo  |                        din_5                        |    pointer   |
|din_5_read      | out |    1|   ap_fifo  |                        din_5                        |    pointer   |
|din_6_dout      |  in |    8|   ap_fifo  |                        din_6                        |    pointer   |
|din_6_empty_n   |  in |    1|   ap_fifo  |                        din_6                        |    pointer   |
|din_6_read      | out |    1|   ap_fifo  |                        din_6                        |    pointer   |
|din_7_dout      |  in |    8|   ap_fifo  |                        din_7                        |    pointer   |
|din_7_empty_n   |  in |    1|   ap_fifo  |                        din_7                        |    pointer   |
|din_7_read      | out |    1|   ap_fifo  |                        din_7                        |    pointer   |
|din_8_dout      |  in |    8|   ap_fifo  |                        din_8                        |    pointer   |
|din_8_empty_n   |  in |    1|   ap_fifo  |                        din_8                        |    pointer   |
|din_8_read      | out |    1|   ap_fifo  |                        din_8                        |    pointer   |
|din_9_dout      |  in |    8|   ap_fifo  |                        din_9                        |    pointer   |
|din_9_empty_n   |  in |    1|   ap_fifo  |                        din_9                        |    pointer   |
|din_9_read      | out |    1|   ap_fifo  |                        din_9                        |    pointer   |
|din_10_dout     |  in |    8|   ap_fifo  |                        din_10                       |    pointer   |
|din_10_empty_n  |  in |    1|   ap_fifo  |                        din_10                       |    pointer   |
|din_10_read     | out |    1|   ap_fifo  |                        din_10                       |    pointer   |
|din_11_dout     |  in |    8|   ap_fifo  |                        din_11                       |    pointer   |
|din_11_empty_n  |  in |    1|   ap_fifo  |                        din_11                       |    pointer   |
|din_11_read     | out |    1|   ap_fifo  |                        din_11                       |    pointer   |
|din_12_dout     |  in |    8|   ap_fifo  |                        din_12                       |    pointer   |
|din_12_empty_n  |  in |    1|   ap_fifo  |                        din_12                       |    pointer   |
|din_12_read     | out |    1|   ap_fifo  |                        din_12                       |    pointer   |
|din_13_dout     |  in |    8|   ap_fifo  |                        din_13                       |    pointer   |
|din_13_empty_n  |  in |    1|   ap_fifo  |                        din_13                       |    pointer   |
|din_13_read     | out |    1|   ap_fifo  |                        din_13                       |    pointer   |
|din_14_dout     |  in |    8|   ap_fifo  |                        din_14                       |    pointer   |
|din_14_empty_n  |  in |    1|   ap_fifo  |                        din_14                       |    pointer   |
|din_14_read     | out |    1|   ap_fifo  |                        din_14                       |    pointer   |
|din_15_dout     |  in |    8|   ap_fifo  |                        din_15                       |    pointer   |
|din_15_empty_n  |  in |    1|   ap_fifo  |                        din_15                       |    pointer   |
|din_15_read     | out |    1|   ap_fifo  |                        din_15                       |    pointer   |
|din_16_dout     |  in |    1|   ap_fifo  |                        din_16                       |    pointer   |
|din_16_empty_n  |  in |    1|   ap_fifo  |                        din_16                       |    pointer   |
|din_16_read     | out |    1|   ap_fifo  |                        din_16                       |    pointer   |
|din_17_dout     |  in |    1|   ap_fifo  |                        din_17                       |    pointer   |
|din_17_empty_n  |  in |    1|   ap_fifo  |                        din_17                       |    pointer   |
|din_17_read     | out |    1|   ap_fifo  |                        din_17                       |    pointer   |
|din_18_dout     |  in |    1|   ap_fifo  |                        din_18                       |    pointer   |
|din_18_empty_n  |  in |    1|   ap_fifo  |                        din_18                       |    pointer   |
|din_18_read     | out |    1|   ap_fifo  |                        din_18                       |    pointer   |
|din_19_dout     |  in |    1|   ap_fifo  |                        din_19                       |    pointer   |
|din_19_empty_n  |  in |    1|   ap_fifo  |                        din_19                       |    pointer   |
|din_19_read     | out |    1|   ap_fifo  |                        din_19                       |    pointer   |
|din_20_dout     |  in |    1|   ap_fifo  |                        din_20                       |    pointer   |
|din_20_empty_n  |  in |    1|   ap_fifo  |                        din_20                       |    pointer   |
|din_20_read     | out |    1|   ap_fifo  |                        din_20                       |    pointer   |
|din_21_dout     |  in |    1|   ap_fifo  |                        din_21                       |    pointer   |
|din_21_empty_n  |  in |    1|   ap_fifo  |                        din_21                       |    pointer   |
|din_21_read     | out |    1|   ap_fifo  |                        din_21                       |    pointer   |
|din_22_dout     |  in |    1|   ap_fifo  |                        din_22                       |    pointer   |
|din_22_empty_n  |  in |    1|   ap_fifo  |                        din_22                       |    pointer   |
|din_22_read     | out |    1|   ap_fifo  |                        din_22                       |    pointer   |
|din_23_dout     |  in |    1|   ap_fifo  |                        din_23                       |    pointer   |
|din_23_empty_n  |  in |    1|   ap_fifo  |                        din_23                       |    pointer   |
|din_23_read     | out |    1|   ap_fifo  |                        din_23                       |    pointer   |
|din_24_dout     |  in |    1|   ap_fifo  |                        din_24                       |    pointer   |
|din_24_empty_n  |  in |    1|   ap_fifo  |                        din_24                       |    pointer   |
|din_24_read     | out |    1|   ap_fifo  |                        din_24                       |    pointer   |
|din_25_dout     |  in |    1|   ap_fifo  |                        din_25                       |    pointer   |
|din_25_empty_n  |  in |    1|   ap_fifo  |                        din_25                       |    pointer   |
|din_25_read     | out |    1|   ap_fifo  |                        din_25                       |    pointer   |
|din_26_dout     |  in |    1|   ap_fifo  |                        din_26                       |    pointer   |
|din_26_empty_n  |  in |    1|   ap_fifo  |                        din_26                       |    pointer   |
|din_26_read     | out |    1|   ap_fifo  |                        din_26                       |    pointer   |
|din_27_dout     |  in |    1|   ap_fifo  |                        din_27                       |    pointer   |
|din_27_empty_n  |  in |    1|   ap_fifo  |                        din_27                       |    pointer   |
|din_27_read     | out |    1|   ap_fifo  |                        din_27                       |    pointer   |
|din_28_dout     |  in |    1|   ap_fifo  |                        din_28                       |    pointer   |
|din_28_empty_n  |  in |    1|   ap_fifo  |                        din_28                       |    pointer   |
|din_28_read     | out |    1|   ap_fifo  |                        din_28                       |    pointer   |
|din_29_dout     |  in |    1|   ap_fifo  |                        din_29                       |    pointer   |
|din_29_empty_n  |  in |    1|   ap_fifo  |                        din_29                       |    pointer   |
|din_29_read     | out |    1|   ap_fifo  |                        din_29                       |    pointer   |
|din_30_dout     |  in |    1|   ap_fifo  |                        din_30                       |    pointer   |
|din_30_empty_n  |  in |    1|   ap_fifo  |                        din_30                       |    pointer   |
|din_30_read     | out |    1|   ap_fifo  |                        din_30                       |    pointer   |
|din_31_dout     |  in |    1|   ap_fifo  |                        din_31                       |    pointer   |
|din_31_empty_n  |  in |    1|   ap_fifo  |                        din_31                       |    pointer   |
|din_31_read     | out |    1|   ap_fifo  |                        din_31                       |    pointer   |
|din_32_dout     |  in |    1|   ap_fifo  |                        din_32                       |    pointer   |
|din_32_empty_n  |  in |    1|   ap_fifo  |                        din_32                       |    pointer   |
|din_32_read     | out |    1|   ap_fifo  |                        din_32                       |    pointer   |
|din_33_dout     |  in |    1|   ap_fifo  |                        din_33                       |    pointer   |
|din_33_empty_n  |  in |    1|   ap_fifo  |                        din_33                       |    pointer   |
|din_33_read     | out |    1|   ap_fifo  |                        din_33                       |    pointer   |
|din_34_dout     |  in |    1|   ap_fifo  |                        din_34                       |    pointer   |
|din_34_empty_n  |  in |    1|   ap_fifo  |                        din_34                       |    pointer   |
|din_34_read     | out |    1|   ap_fifo  |                        din_34                       |    pointer   |
|din_35_dout     |  in |    1|   ap_fifo  |                        din_35                       |    pointer   |
|din_35_empty_n  |  in |    1|   ap_fifo  |                        din_35                       |    pointer   |
|din_35_read     | out |    1|   ap_fifo  |                        din_35                       |    pointer   |
|din_36_dout     |  in |    1|   ap_fifo  |                        din_36                       |    pointer   |
|din_36_empty_n  |  in |    1|   ap_fifo  |                        din_36                       |    pointer   |
|din_36_read     | out |    1|   ap_fifo  |                        din_36                       |    pointer   |
|din_37_dout     |  in |    1|   ap_fifo  |                        din_37                       |    pointer   |
|din_37_empty_n  |  in |    1|   ap_fifo  |                        din_37                       |    pointer   |
|din_37_read     | out |    1|   ap_fifo  |                        din_37                       |    pointer   |
|din_38_dout     |  in |    1|   ap_fifo  |                        din_38                       |    pointer   |
|din_38_empty_n  |  in |    1|   ap_fifo  |                        din_38                       |    pointer   |
|din_38_read     | out |    1|   ap_fifo  |                        din_38                       |    pointer   |
|din_39_dout     |  in |    1|   ap_fifo  |                        din_39                       |    pointer   |
|din_39_empty_n  |  in |    1|   ap_fifo  |                        din_39                       |    pointer   |
|din_39_read     | out |    1|   ap_fifo  |                        din_39                       |    pointer   |
|din_40_dout     |  in |    1|   ap_fifo  |                        din_40                       |    pointer   |
|din_40_empty_n  |  in |    1|   ap_fifo  |                        din_40                       |    pointer   |
|din_40_read     | out |    1|   ap_fifo  |                        din_40                       |    pointer   |
|din_41_dout     |  in |    1|   ap_fifo  |                        din_41                       |    pointer   |
|din_41_empty_n  |  in |    1|   ap_fifo  |                        din_41                       |    pointer   |
|din_41_read     | out |    1|   ap_fifo  |                        din_41                       |    pointer   |
|din_42_dout     |  in |    1|   ap_fifo  |                        din_42                       |    pointer   |
|din_42_empty_n  |  in |    1|   ap_fifo  |                        din_42                       |    pointer   |
|din_42_read     | out |    1|   ap_fifo  |                        din_42                       |    pointer   |
|din_43_dout     |  in |    1|   ap_fifo  |                        din_43                       |    pointer   |
|din_43_empty_n  |  in |    1|   ap_fifo  |                        din_43                       |    pointer   |
|din_43_read     | out |    1|   ap_fifo  |                        din_43                       |    pointer   |
|din_44_dout     |  in |    1|   ap_fifo  |                        din_44                       |    pointer   |
|din_44_empty_n  |  in |    1|   ap_fifo  |                        din_44                       |    pointer   |
|din_44_read     | out |    1|   ap_fifo  |                        din_44                       |    pointer   |
|din_45_dout     |  in |    1|   ap_fifo  |                        din_45                       |    pointer   |
|din_45_empty_n  |  in |    1|   ap_fifo  |                        din_45                       |    pointer   |
|din_45_read     | out |    1|   ap_fifo  |                        din_45                       |    pointer   |
|din_46_dout     |  in |    1|   ap_fifo  |                        din_46                       |    pointer   |
|din_46_empty_n  |  in |    1|   ap_fifo  |                        din_46                       |    pointer   |
|din_46_read     | out |    1|   ap_fifo  |                        din_46                       |    pointer   |
|din_47_dout     |  in |    1|   ap_fifo  |                        din_47                       |    pointer   |
|din_47_empty_n  |  in |    1|   ap_fifo  |                        din_47                       |    pointer   |
|din_47_read     | out |    1|   ap_fifo  |                        din_47                       |    pointer   |
|dout_0_din      | out |  128|   ap_fifo  |                        dout_0                       |    pointer   |
|dout_0_full_n   |  in |    1|   ap_fifo  |                        dout_0                       |    pointer   |
|dout_0_write    | out |    1|   ap_fifo  |                        dout_0                       |    pointer   |
|dout_1_din      | out |    1|   ap_fifo  |                        dout_1                       |    pointer   |
|dout_1_full_n   |  in |    1|   ap_fifo  |                        dout_1                       |    pointer   |
|dout_1_write    | out |    1|   ap_fifo  |                        dout_1                       |    pointer   |
|dout_2_din      | out |   16|   ap_fifo  |                        dout_2                       |    pointer   |
|dout_2_full_n   |  in |    1|   ap_fifo  |                        dout_2                       |    pointer   |
|dout_2_write    | out |    1|   ap_fifo  |                        dout_2                       |    pointer   |
+----------------+-----+-----+------------+-----------------------------------------------------+--------------+

