

================================================================
== Vivado HLS Report for 'p_sc_stream_splitter_fix'
================================================================
* Date:           Sun Feb 23 21:53:50 2020

* Version:        2019.1 (Build 2552052 on Fri May 24 15:28:33 MDT 2019)
* Project:        CNNAccel
* Solution:       default
* Product family: zynquplus
* Target device:  xczu3eg-sbva484-1-e


================================================================
== Performance Estimates
================================================================
+ Timing (ns): 
    * Summary: 
    +--------+-------+----------+------------+
    |  Clock | Target| Estimated| Uncertainty|
    +--------+-------+----------+------------+
    |ap_clk  |   5.00|     2.167|        0.62|
    +--------+-------+----------+------------+

+ Latency (clock cycles): 
    * Summary: 
    +-----+-----+-----+-----+---------+
    |  Latency  |  Interval | Pipeline|
    | min | max | min | max |   Type  |
    +-----+-----+-----+-----+---------+
    |    ?|    ?|    ?|    ?|   none  |
    +-----+-----+-----+-----+---------+

    + Detail: 
        * Instance: 
        +-------------------------------------------------------------------+--------------------------------------------------------+-----+-----+-----+-----+---------+
        |                                                                   |                                                        |  Latency  |  Interval | Pipeline|
        |                              Instance                             |                         Module                         | min | max | min | max |   Type  |
        +-------------------------------------------------------------------+--------------------------------------------------------+-----+-----+-----+-----+---------+
        |grp_p_sc_stream_splitter_fix_thread_sc_stream_splitter_fix_fu_154  |p_sc_stream_splitter_fix_thread_sc_stream_splitter_fix  |    ?|    ?|    ?|    ?|   none  |
        +-------------------------------------------------------------------+--------------------------------------------------------+-----+-----+-----+-----+---------+

        * Loop: 
        N/A



================================================================
== Utilization Estimates
================================================================
* Summary: 
+-----------------+---------+-------+--------+-------+-----+
|       Name      | BRAM_18K| DSP48E|   FF   |  LUT  | URAM|
+-----------------+---------+-------+--------+-------+-----+
|DSP              |        -|      -|       -|      -|    -|
|Expression       |        -|      -|       -|      -|    -|
|FIFO             |        -|      -|       -|      -|    -|
|Instance         |        -|      -|     160|   1518|    -|
|Memory           |        -|      -|       -|      -|    -|
|Multiplexer      |        -|      -|       -|      -|    -|
|Register         |        -|      -|       -|      -|    -|
+-----------------+---------+-------+--------+-------+-----+
|Total            |        0|      0|     160|   1518|    0|
+-----------------+---------+-------+--------+-------+-----+
|Available        |      432|    360|  141120|  70560|    0|
+-----------------+---------+-------+--------+-------+-----+
|Utilization (%)  |        0|      0|   ~0   |      2|    0|
+-----------------+---------+-------+--------+-------+-----+

+ Detail: 
    * Instance: 
    +-------------------------------------------------------------------+--------------------------------------------------------+---------+-------+-----+------+-----+
    |                              Instance                             |                         Module                         | BRAM_18K| DSP48E|  FF |  LUT | URAM|
    +-------------------------------------------------------------------+--------------------------------------------------------+---------+-------+-----+------+-----+
    |grp_p_sc_stream_splitter_fix_thread_sc_stream_splitter_fix_fu_154  |p_sc_stream_splitter_fix_thread_sc_stream_splitter_fix  |        0|      0|  160|  1518|    0|
    +-------------------------------------------------------------------+--------------------------------------------------------+---------+-------+-----+------+-----+
    |Total                                                              |                                                        |        0|      0|  160|  1518|    0|
    +-------------------------------------------------------------------+--------------------------------------------------------+---------+-------+-----+------+-----+

    * DSP48E: 
    N/A

    * Memory: 
    N/A

    * FIFO: 
    N/A

    * Expression: 
    N/A

    * Multiplexer: 
    N/A

    * Register: 
    N/A



================================================================
== Interface
================================================================
* Summary: 
+----------------+-----+-----+------------+-------------------------------------------------------------------------+--------------+
|    RTL Ports   | Dir | Bits|  Protocol  |                              Source Object                              |    C Type    |
+----------------+-----+-----+------------+-------------------------------------------------------------------------+--------------+
|clk             |  in |    1| ap_ctrl_hs | _sc_stream_splitter_fix<128, 16, true, true>::_sc_stream_splitter_fix.1 | return value |
|reset           |  in |    1| ap_ctrl_hs | _sc_stream_splitter_fix<128, 16, true, true>::_sc_stream_splitter_fix.1 | return value |
|din_0_dout      |  in |  128|   ap_fifo  |                                  din_0                                  |    pointer   |
|din_0_empty_n   |  in |    1|   ap_fifo  |                                  din_0                                  |    pointer   |
|din_0_read      | out |    1|   ap_fifo  |                                  din_0                                  |    pointer   |
|din_1_dout      |  in |    1|   ap_fifo  |                                  din_1                                  |    pointer   |
|din_1_empty_n   |  in |    1|   ap_fifo  |                                  din_1                                  |    pointer   |
|din_1_read      | out |    1|   ap_fifo  |                                  din_1                                  |    pointer   |
|din_2_dout      |  in |   16|   ap_fifo  |                                  din_2                                  |    pointer   |
|din_2_empty_n   |  in |    1|   ap_fifo  |                                  din_2                                  |    pointer   |
|din_2_read      | out |    1|   ap_fifo  |                                  din_2                                  |    pointer   |
|dout_0_din      | out |  128|   ap_fifo  |                                  dout_0                                 |    pointer   |
|dout_0_full_n   |  in |    1|   ap_fifo  |                                  dout_0                                 |    pointer   |
|dout_0_write    | out |    1|   ap_fifo  |                                  dout_0                                 |    pointer   |
|dout_1_din      | out |  128|   ap_fifo  |                                  dout_1                                 |    pointer   |
|dout_1_full_n   |  in |    1|   ap_fifo  |                                  dout_1                                 |    pointer   |
|dout_1_write    | out |    1|   ap_fifo  |                                  dout_1                                 |    pointer   |
|dout_2_din      | out |  128|   ap_fifo  |                                  dout_2                                 |    pointer   |
|dout_2_full_n   |  in |    1|   ap_fifo  |                                  dout_2                                 |    pointer   |
|dout_2_write    | out |    1|   ap_fifo  |                                  dout_2                                 |    pointer   |
|dout_3_din      | out |  128|   ap_fifo  |                                  dout_3                                 |    pointer   |
|dout_3_full_n   |  in |    1|   ap_fifo  |                                  dout_3                                 |    pointer   |
|dout_3_write    | out |    1|   ap_fifo  |                                  dout_3                                 |    pointer   |
|dout_4_din      | out |  128|   ap_fifo  |                                  dout_4                                 |    pointer   |
|dout_4_full_n   |  in |    1|   ap_fifo  |                                  dout_4                                 |    pointer   |
|dout_4_write    | out |    1|   ap_fifo  |                                  dout_4                                 |    pointer   |
|dout_5_din      | out |  128|   ap_fifo  |                                  dout_5                                 |    pointer   |
|dout_5_full_n   |  in |    1|   ap_fifo  |                                  dout_5                                 |    pointer   |
|dout_5_write    | out |    1|   ap_fifo  |                                  dout_5                                 |    pointer   |
|dout_6_din      | out |  128|   ap_fifo  |                                  dout_6                                 |    pointer   |
|dout_6_full_n   |  in |    1|   ap_fifo  |                                  dout_6                                 |    pointer   |
|dout_6_write    | out |    1|   ap_fifo  |                                  dout_6                                 |    pointer   |
|dout_7_din      | out |  128|   ap_fifo  |                                  dout_7                                 |    pointer   |
|dout_7_full_n   |  in |    1|   ap_fifo  |                                  dout_7                                 |    pointer   |
|dout_7_write    | out |    1|   ap_fifo  |                                  dout_7                                 |    pointer   |
|dout_8_din      | out |  128|   ap_fifo  |                                  dout_8                                 |    pointer   |
|dout_8_full_n   |  in |    1|   ap_fifo  |                                  dout_8                                 |    pointer   |
|dout_8_write    | out |    1|   ap_fifo  |                                  dout_8                                 |    pointer   |
|dout_9_din      | out |  128|   ap_fifo  |                                  dout_9                                 |    pointer   |
|dout_9_full_n   |  in |    1|   ap_fifo  |                                  dout_9                                 |    pointer   |
|dout_9_write    | out |    1|   ap_fifo  |                                  dout_9                                 |    pointer   |
|dout_10_din     | out |  128|   ap_fifo  |                                 dout_10                                 |    pointer   |
|dout_10_full_n  |  in |    1|   ap_fifo  |                                 dout_10                                 |    pointer   |
|dout_10_write   | out |    1|   ap_fifo  |                                 dout_10                                 |    pointer   |
|dout_11_din     | out |  128|   ap_fifo  |                                 dout_11                                 |    pointer   |
|dout_11_full_n  |  in |    1|   ap_fifo  |                                 dout_11                                 |    pointer   |
|dout_11_write   | out |    1|   ap_fifo  |                                 dout_11                                 |    pointer   |
|dout_12_din     | out |  128|   ap_fifo  |                                 dout_12                                 |    pointer   |
|dout_12_full_n  |  in |    1|   ap_fifo  |                                 dout_12                                 |    pointer   |
|dout_12_write   | out |    1|   ap_fifo  |                                 dout_12                                 |    pointer   |
|dout_13_din     | out |  128|   ap_fifo  |                                 dout_13                                 |    pointer   |
|dout_13_full_n  |  in |    1|   ap_fifo  |                                 dout_13                                 |    pointer   |
|dout_13_write   | out |    1|   ap_fifo  |                                 dout_13                                 |    pointer   |
|dout_14_din     | out |  128|   ap_fifo  |                                 dout_14                                 |    pointer   |
|dout_14_full_n  |  in |    1|   ap_fifo  |                                 dout_14                                 |    pointer   |
|dout_14_write   | out |    1|   ap_fifo  |                                 dout_14                                 |    pointer   |
|dout_15_din     | out |  128|   ap_fifo  |                                 dout_15                                 |    pointer   |
|dout_15_full_n  |  in |    1|   ap_fifo  |                                 dout_15                                 |    pointer   |
|dout_15_write   | out |    1|   ap_fifo  |                                 dout_15                                 |    pointer   |
|dout_16_din     | out |    1|   ap_fifo  |                                 dout_16                                 |    pointer   |
|dout_16_full_n  |  in |    1|   ap_fifo  |                                 dout_16                                 |    pointer   |
|dout_16_write   | out |    1|   ap_fifo  |                                 dout_16                                 |    pointer   |
|dout_17_din     | out |    1|   ap_fifo  |                                 dout_17                                 |    pointer   |
|dout_17_full_n  |  in |    1|   ap_fifo  |                                 dout_17                                 |    pointer   |
|dout_17_write   | out |    1|   ap_fifo  |                                 dout_17                                 |    pointer   |
|dout_18_din     | out |    1|   ap_fifo  |                                 dout_18                                 |    pointer   |
|dout_18_full_n  |  in |    1|   ap_fifo  |                                 dout_18                                 |    pointer   |
|dout_18_write   | out |    1|   ap_fifo  |                                 dout_18                                 |    pointer   |
|dout_19_din     | out |    1|   ap_fifo  |                                 dout_19                                 |    pointer   |
|dout_19_full_n  |  in |    1|   ap_fifo  |                                 dout_19                                 |    pointer   |
|dout_19_write   | out |    1|   ap_fifo  |                                 dout_19                                 |    pointer   |
|dout_20_din     | out |    1|   ap_fifo  |                                 dout_20                                 |    pointer   |
|dout_20_full_n  |  in |    1|   ap_fifo  |                                 dout_20                                 |    pointer   |
|dout_20_write   | out |    1|   ap_fifo  |                                 dout_20                                 |    pointer   |
|dout_21_din     | out |    1|   ap_fifo  |                                 dout_21                                 |    pointer   |
|dout_21_full_n  |  in |    1|   ap_fifo  |                                 dout_21                                 |    pointer   |
|dout_21_write   | out |    1|   ap_fifo  |                                 dout_21                                 |    pointer   |
|dout_22_din     | out |    1|   ap_fifo  |                                 dout_22                                 |    pointer   |
|dout_22_full_n  |  in |    1|   ap_fifo  |                                 dout_22                                 |    pointer   |
|dout_22_write   | out |    1|   ap_fifo  |                                 dout_22                                 |    pointer   |
|dout_23_din     | out |    1|   ap_fifo  |                                 dout_23                                 |    pointer   |
|dout_23_full_n  |  in |    1|   ap_fifo  |                                 dout_23                                 |    pointer   |
|dout_23_write   | out |    1|   ap_fifo  |                                 dout_23                                 |    pointer   |
|dout_24_din     | out |    1|   ap_fifo  |                                 dout_24                                 |    pointer   |
|dout_24_full_n  |  in |    1|   ap_fifo  |                                 dout_24                                 |    pointer   |
|dout_24_write   | out |    1|   ap_fifo  |                                 dout_24                                 |    pointer   |
|dout_25_din     | out |    1|   ap_fifo  |                                 dout_25                                 |    pointer   |
|dout_25_full_n  |  in |    1|   ap_fifo  |                                 dout_25                                 |    pointer   |
|dout_25_write   | out |    1|   ap_fifo  |                                 dout_25                                 |    pointer   |
|dout_26_din     | out |    1|   ap_fifo  |                                 dout_26                                 |    pointer   |
|dout_26_full_n  |  in |    1|   ap_fifo  |                                 dout_26                                 |    pointer   |
|dout_26_write   | out |    1|   ap_fifo  |                                 dout_26                                 |    pointer   |
|dout_27_din     | out |    1|   ap_fifo  |                                 dout_27                                 |    pointer   |
|dout_27_full_n  |  in |    1|   ap_fifo  |                                 dout_27                                 |    pointer   |
|dout_27_write   | out |    1|   ap_fifo  |                                 dout_27                                 |    pointer   |
|dout_28_din     | out |    1|   ap_fifo  |                                 dout_28                                 |    pointer   |
|dout_28_full_n  |  in |    1|   ap_fifo  |                                 dout_28                                 |    pointer   |
|dout_28_write   | out |    1|   ap_fifo  |                                 dout_28                                 |    pointer   |
|dout_29_din     | out |    1|   ap_fifo  |                                 dout_29                                 |    pointer   |
|dout_29_full_n  |  in |    1|   ap_fifo  |                                 dout_29                                 |    pointer   |
|dout_29_write   | out |    1|   ap_fifo  |                                 dout_29                                 |    pointer   |
|dout_30_din     | out |    1|   ap_fifo  |                                 dout_30                                 |    pointer   |
|dout_30_full_n  |  in |    1|   ap_fifo  |                                 dout_30                                 |    pointer   |
|dout_30_write   | out |    1|   ap_fifo  |                                 dout_30                                 |    pointer   |
|dout_31_din     | out |    1|   ap_fifo  |                                 dout_31                                 |    pointer   |
|dout_31_full_n  |  in |    1|   ap_fifo  |                                 dout_31                                 |    pointer   |
|dout_31_write   | out |    1|   ap_fifo  |                                 dout_31                                 |    pointer   |
|dout_32_din     | out |   16|   ap_fifo  |                                 dout_32                                 |    pointer   |
|dout_32_full_n  |  in |    1|   ap_fifo  |                                 dout_32                                 |    pointer   |
|dout_32_write   | out |    1|   ap_fifo  |                                 dout_32                                 |    pointer   |
|dout_33_din     | out |   16|   ap_fifo  |                                 dout_33                                 |    pointer   |
|dout_33_full_n  |  in |    1|   ap_fifo  |                                 dout_33                                 |    pointer   |
|dout_33_write   | out |    1|   ap_fifo  |                                 dout_33                                 |    pointer   |
|dout_34_din     | out |   16|   ap_fifo  |                                 dout_34                                 |    pointer   |
|dout_34_full_n  |  in |    1|   ap_fifo  |                                 dout_34                                 |    pointer   |
|dout_34_write   | out |    1|   ap_fifo  |                                 dout_34                                 |    pointer   |
|dout_35_din     | out |   16|   ap_fifo  |                                 dout_35                                 |    pointer   |
|dout_35_full_n  |  in |    1|   ap_fifo  |                                 dout_35                                 |    pointer   |
|dout_35_write   | out |    1|   ap_fifo  |                                 dout_35                                 |    pointer   |
|dout_36_din     | out |   16|   ap_fifo  |                                 dout_36                                 |    pointer   |
|dout_36_full_n  |  in |    1|   ap_fifo  |                                 dout_36                                 |    pointer   |
|dout_36_write   | out |    1|   ap_fifo  |                                 dout_36                                 |    pointer   |
|dout_37_din     | out |   16|   ap_fifo  |                                 dout_37                                 |    pointer   |
|dout_37_full_n  |  in |    1|   ap_fifo  |                                 dout_37                                 |    pointer   |
|dout_37_write   | out |    1|   ap_fifo  |                                 dout_37                                 |    pointer   |
|dout_38_din     | out |   16|   ap_fifo  |                                 dout_38                                 |    pointer   |
|dout_38_full_n  |  in |    1|   ap_fifo  |                                 dout_38                                 |    pointer   |
|dout_38_write   | out |    1|   ap_fifo  |                                 dout_38                                 |    pointer   |
|dout_39_din     | out |   16|   ap_fifo  |                                 dout_39                                 |    pointer   |
|dout_39_full_n  |  in |    1|   ap_fifo  |                                 dout_39                                 |    pointer   |
|dout_39_write   | out |    1|   ap_fifo  |                                 dout_39                                 |    pointer   |
|dout_40_din     | out |   16|   ap_fifo  |                                 dout_40                                 |    pointer   |
|dout_40_full_n  |  in |    1|   ap_fifo  |                                 dout_40                                 |    pointer   |
|dout_40_write   | out |    1|   ap_fifo  |                                 dout_40                                 |    pointer   |
|dout_41_din     | out |   16|   ap_fifo  |                                 dout_41                                 |    pointer   |
|dout_41_full_n  |  in |    1|   ap_fifo  |                                 dout_41                                 |    pointer   |
|dout_41_write   | out |    1|   ap_fifo  |                                 dout_41                                 |    pointer   |
|dout_42_din     | out |   16|   ap_fifo  |                                 dout_42                                 |    pointer   |
|dout_42_full_n  |  in |    1|   ap_fifo  |                                 dout_42                                 |    pointer   |
|dout_42_write   | out |    1|   ap_fifo  |                                 dout_42                                 |    pointer   |
|dout_43_din     | out |   16|   ap_fifo  |                                 dout_43                                 |    pointer   |
|dout_43_full_n  |  in |    1|   ap_fifo  |                                 dout_43                                 |    pointer   |
|dout_43_write   | out |    1|   ap_fifo  |                                 dout_43                                 |    pointer   |
|dout_44_din     | out |   16|   ap_fifo  |                                 dout_44                                 |    pointer   |
|dout_44_full_n  |  in |    1|   ap_fifo  |                                 dout_44                                 |    pointer   |
|dout_44_write   | out |    1|   ap_fifo  |                                 dout_44                                 |    pointer   |
|dout_45_din     | out |   16|   ap_fifo  |                                 dout_45                                 |    pointer   |
|dout_45_full_n  |  in |    1|   ap_fifo  |                                 dout_45                                 |    pointer   |
|dout_45_write   | out |    1|   ap_fifo  |                                 dout_45                                 |    pointer   |
|dout_46_din     | out |   16|   ap_fifo  |                                 dout_46                                 |    pointer   |
|dout_46_full_n  |  in |    1|   ap_fifo  |                                 dout_46                                 |    pointer   |
|dout_46_write   | out |    1|   ap_fifo  |                                 dout_46                                 |    pointer   |
|dout_47_din     | out |   16|   ap_fifo  |                                 dout_47                                 |    pointer   |
|dout_47_full_n  |  in |    1|   ap_fifo  |                                 dout_47                                 |    pointer   |
|dout_47_write   | out |    1|   ap_fifo  |                                 dout_47                                 |    pointer   |
+----------------+-----+-----+------------+-------------------------------------------------------------------------+--------------+

