

================================================================
== Vivado HLS Report for 'p_sc_stream_resize_down_fast_v2_inst_db_thread'
================================================================
* Date:           Sun Feb 23 21:39:50 2020

* Version:        2019.1 (Build 2552052 on Fri May 24 15:28:33 MDT 2019)
* Project:        CNNAccel
* Solution:       default
* Product family: zynquplus
* Target device:  xczu3eg-sbva484-1-e


================================================================
== Performance Estimates
================================================================
+ Timing (ns): 
    * Summary: 
    +--------+-------+----------+------------+
    |  Clock | Target| Estimated| Uncertainty|
    +--------+-------+----------+------------+
    |ap_clk  |   5.00|     8.898|        0.62|
    +--------+-------+----------+------------+

+ Latency (clock cycles): 
    * Summary: 
    +-----+-----+-----+-----+---------+
    |  Latency  |  Interval | Pipeline|
    | min | max | min | max |   Type  |
    +-----+-----+-----+-----+---------+
    |    4|    4|    4|    4|   none  |
    +-----+-----+-----+-----+---------+

    + Detail: 
        * Instance: 
        N/A

        * Loop: 
        +----------+-----+-----+----------+-----------+-----------+------+----------+
        |          |  Latency  | Iteration|  Initiation Interval  | Trip |          |
        | Loop Name| min | max |  Latency |  achieved |   target  | Count| Pipelined|
        +----------+-----+-----+----------+-----------+-----------+------+----------+
        |- Loop 1  |    2|    2|         2|          1|          1|  inf |    yes   |
        +----------+-----+-----+----------+-----------+-----------+------+----------+



================================================================
== Utilization Estimates
================================================================
* Summary: 
+-----------------+---------+-------+--------+-------+-----+
|       Name      | BRAM_18K| DSP48E|   FF   |  LUT  | URAM|
+-----------------+---------+-------+--------+-------+-----+
|DSP              |        -|      -|       -|      -|    -|
|Expression       |        -|      -|       0|   4785|    -|
|FIFO             |        -|      -|       -|      -|    -|
|Instance         |        -|      -|       -|      -|    -|
|Memory           |        -|      -|       -|      -|    -|
|Multiplexer      |        -|      -|       -|    144|    -|
|Register         |        -|      -|     446|      -|    -|
+-----------------+---------+-------+--------+-------+-----+
|Total            |        0|      0|     446|   4929|    0|
+-----------------+---------+-------+--------+-------+-----+
|Available        |      432|    360|  141120|  70560|    0|
+-----------------+---------+-------+--------+-------+-----+
|Utilization (%)  |        0|      0|   ~0   |      6|    0|
+-----------------+---------+-------+--------+-------+-----+

+ Detail: 
    * Instance: 
    N/A

    * DSP48E: 
    N/A

    * Memory: 
    N/A

    * FIFO: 
    N/A

    * Expression: 
    +-----------------------------+----------+-------+---+------+------------+------------+
    |        Variable Name        | Operation| DSP48E| FF|  LUT | Bitwidth P0| Bitwidth P1|
    +-----------------------------+----------+-------+---+------+------------+------------+
    |add_ln791_fu_577_p2          |     +    |      0|  0|    11|           1|           3|
    |i_V_fu_630_p2                |     +    |      0|  0|     9|           2|           1|
    |sub_ln647_1_fu_387_p2        |     -    |      0|  0|    16|           9|           9|
    |sub_ln647_2_fu_393_p2        |     -    |      0|  0|    16|           9|           9|
    |sub_ln647_3_fu_423_p2        |     -    |      0|  0|    16|           9|           9|
    |sub_ln647_4_fu_490_p2        |     -    |      0|  0|    15|           6|           6|
    |sub_ln647_5_fu_496_p2        |     -    |      0|  0|    15|           6|           6|
    |sub_ln647_6_fu_502_p2        |     -    |      0|  0|    15|           6|           6|
    |sub_ln647_7_fu_532_p2        |     -    |      0|  0|    15|           6|           6|
    |sub_ln647_fu_381_p2          |     -    |      0|  0|    16|           9|           9|
    |and_ln791_1_fu_618_p2        |    and   |      0|  0|     4|           4|           4|
    |and_ln791_fu_593_p2          |    and   |      0|  0|     4|           4|           4|
    |ap_condition_109             |    and   |      0|  0|     2|           1|           1|
    |ap_condition_198             |    and   |      0|  0|     2|           1|           1|
    |ap_condition_86              |    and   |      0|  0|     2|           1|           1|
    |grp_nbwrite_fu_146_p7        |    and   |      0|  0|     2|           1|           1|
    |p_Result_7_fu_449_p2         |    and   |      0|  0|   384|         384|         384|
    |p_Result_8_fu_558_p2         |    and   |      0|  0|    48|          48|          48|
    |p_emptyn_nbread_fu_136_p4_0  |    and   |      0|  0|     2|           1|           1|
    |tmp_out_tlast_V_fu_605_p2    |    and   |      0|  0|     2|           1|           1|
    |icmp_ln647_1_fu_474_p2       |   icmp   |      0|  0|    11|           6|           6|
    |icmp_ln647_fu_365_p2         |   icmp   |      0|  0|    13|           9|           9|
    |icmp_ln879_fu_215_p2         |   icmp   |      0|  0|     8|           2|           2|
    |icmp_ln887_fu_306_p2         |   icmp   |      0|  0|     8|           2|           2|
    |p_Result_5_fu_599_p2         |   icmp   |      0|  0|     9|           4|           1|
    |p_Result_6_fu_624_p2         |   icmp   |      0|  0|     9|           4|           1|
    |lshr_ln647_1_fu_443_p2       |   lshr   |      0|  0|  1659|           2|         384|
    |lshr_ln647_2_fu_546_p2       |   lshr   |      0|  0|   161|          48|          48|
    |lshr_ln647_3_fu_552_p2       |   lshr   |      0|  0|   161|           2|          48|
    |lshr_ln647_fu_437_p2         |   lshr   |      0|  0|  1659|         384|         384|
    |Hi_fu_468_p2                 |    or    |      0|  0|     6|           4|           6|
    |ap_condition_202             |    or    |      0|  0|     2|           1|           1|
    |or_ln231_fu_359_p2           |    or    |      0|  0|     9|           7|           9|
    |i_V_1_fu_636_p3              |  select  |      0|  0|     2|           1|           2|
    |select_ln170_fu_330_p3       |  select  |      0|  0|     2|           1|           2|
    |select_ln647_1_fu_407_p3     |  select  |      0|  0|   372|           1|         384|
    |select_ln647_2_fu_415_p3     |  select  |      0|  0|     9|           1|           9|
    |select_ln647_3_fu_508_p3     |  select  |      0|  0|     6|           1|           6|
    |select_ln647_4_fu_516_p3     |  select  |      0|  0|    48|           1|          48|
    |select_ln647_5_fu_524_p3     |  select  |      0|  0|     6|           1|           6|
    |select_ln647_fu_399_p3       |  select  |      0|  0|     9|           1|           9|
    |shl_ln791_1_fu_612_p2        |    shl   |      0|  0|     9|           1|           4|
    |shl_ln791_fu_587_p2          |    shl   |      0|  0|     9|           1|           4|
    |ap_enable_pp0                |    xor   |      0|  0|     2|           1|           2|
    +-----------------------------+----------+-------+---+------+------------+------------+
    |Total                        |          |      0|  0|  4785|         995|        1887|
    +-----------------------------+----------+-------+---+------+------------+------------+

    * Multiplexer: 
    +------------------------------------+----+-----------+-----+-----------+
    |                Name                | LUT| Input Size| Bits| Total Bits|
    +------------------------------------+----+-----------+-----+-----------+
    |ap_NS_fsm                           |  21|          4|    1|          4|
    |ap_enable_reg_pp0_iter1             |   9|          2|    1|          2|
    |ap_phi_mux_p_0263_0_phi_fu_166_p4   |   9|          2|    2|          4|
    |ap_phi_mux_p_0263_8_phi_fu_194_p10  |  21|          4|    2|          8|
    |ap_phi_reg_pp0_iter1_t_V_reg_174    |  21|          4|    2|          8|
    |dout_0_din                          |  15|          3|  128|        384|
    |dout_1_din                          |  15|          3|    1|          3|
    |dout_2_din                          |  15|          3|   16|         48|
    |p_0263_0_reg_162                    |   9|          2|    2|          4|
    |p_Val2_s_fu_120                     |   9|          2|    4|          8|
    +------------------------------------+----+-----------+-----+-----------+
    |Total                               | 144|         29|  159|        473|
    +------------------------------------+----+-----------+-----+-----------+

    * Register: 
    +----------------------------------+-----+----+-----+-----------+
    |               Name               |  FF | LUT| Bits| Const Bits|
    +----------------------------------+-----+----+-----+-----------+
    |ap_CS_fsm                         |    3|   0|    3|          0|
    |ap_enable_reg_pp0_iter0           |    1|   0|    1|          0|
    |ap_enable_reg_pp0_iter1           |    1|   0|    1|          0|
    |ap_phi_reg_pp0_iter1_t_V_reg_174  |    2|   0|    2|          0|
    |p_0263_0_reg_162                  |    2|   0|    2|          0|
    |p_Val2_1_fu_124                   |  384|   0|  384|          0|
    |p_Val2_2_fu_132                   |   48|   0|   48|          0|
    |p_Val2_s_fu_120                   |    4|   0|    4|          0|
    |tmpV_tlast_V_fu_128               |    1|   0|    1|          0|
    +----------------------------------+-----+----+-----+-----------+
    |Total                             |  446|   0|  446|          0|
    +----------------------------------+-----+----+-----+-----------+



================================================================
== Interface
================================================================
* Summary: 
+---------------+-----+-----+------------+-----------------------------------------------------------+--------------+
|   RTL Ports   | Dir | Bits|  Protocol  |                       Source Object                       |    C Type    |
+---------------+-----+-----+------------+-----------------------------------------------------------+--------------+
|ap_clk         |  in |    1| ap_ctrl_hs | _sc_stream_resize_down_fast_v2_inst_db<128, 3, 1>::thread | return value |
|ap_rst         |  in |    1| ap_ctrl_hs | _sc_stream_resize_down_fast_v2_inst_db<128, 3, 1>::thread | return value |
|din_0_dout     |  in |  384|   ap_fifo  |                           din_0                           |    pointer   |
|din_0_empty_n  |  in |    1|   ap_fifo  |                           din_0                           |    pointer   |
|din_0_read     | out |    1|   ap_fifo  |                           din_0                           |    pointer   |
|din_1_dout     |  in |    1|   ap_fifo  |                           din_1                           |    pointer   |
|din_1_empty_n  |  in |    1|   ap_fifo  |                           din_1                           |    pointer   |
|din_1_read     | out |    1|   ap_fifo  |                           din_1                           |    pointer   |
|din_2_dout     |  in |   48|   ap_fifo  |                           din_2                           |    pointer   |
|din_2_empty_n  |  in |    1|   ap_fifo  |                           din_2                           |    pointer   |
|din_2_read     | out |    1|   ap_fifo  |                           din_2                           |    pointer   |
|dout_0_din     | out |  128|   ap_fifo  |                           dout_0                          |    pointer   |
|dout_0_full_n  |  in |    1|   ap_fifo  |                           dout_0                          |    pointer   |
|dout_0_write   | out |    1|   ap_fifo  |                           dout_0                          |    pointer   |
|dout_1_din     | out |    1|   ap_fifo  |                           dout_1                          |    pointer   |
|dout_1_full_n  |  in |    1|   ap_fifo  |                           dout_1                          |    pointer   |
|dout_1_write   | out |    1|   ap_fifo  |                           dout_1                          |    pointer   |
|dout_2_din     | out |   16|   ap_fifo  |                           dout_2                          |    pointer   |
|dout_2_full_n  |  in |    1|   ap_fifo  |                           dout_2                          |    pointer   |
|dout_2_write   | out |    1|   ap_fifo  |                           dout_2                          |    pointer   |
+---------------+-----+-----+------------+-----------------------------------------------------------+--------------+

