

================================================================
== Vivado HLS Report for 'p_data_buffer_TWO_D'
================================================================
* Date:           Sun Mar  1 15:15:13 2020

* Version:        2019.1 (Build 2552052 on Fri May 24 15:28:33 MDT 2019)
* Project:        CNNAccel
* Solution:       default
* Product family: zynquplus
* Target device:  xczu3eg-sbva484-1-e


================================================================
== Performance Estimates
================================================================
+ Timing (ns): 
    * Summary: 
    +--------+-------+----------+------------+
    |  Clock | Target| Estimated| Uncertainty|
    +--------+-------+----------+------------+
    |ap_clk  |   5.00|     4.334|        0.62|
    +--------+-------+----------+------------+

+ Latency (clock cycles): 
    * Summary: 
    +-----+-----+-----+-----+---------+
    |  Latency  |  Interval | Pipeline|
    | min | max | min | max |   Type  |
    +-----+-----+-----+-----+---------+
    |    ?|    ?|    ?|    ?|   none  |
    +-----+-----+-----+-----+---------+

    + Detail: 
        * Instance: 
        +----------------------------------------------------+-----------------------------------------+-----+-----+-----+-----+---------+
        |                                                    |                                         |  Latency  |  Interval | Pipeline|
        |                      Instance                      |                  Module                 | min | max | min | max |   Type  |
        +----------------------------------------------------+-----------------------------------------+-----+-----+-----+-----+---------+
        |grp_p_sc_stream_imagedatafix_fu_424                 |p_sc_stream_imagedatafix                 |    ?|    ?|    ?|    ?|   none  |
        |grp_p_sc_stream_realign_v2inst_db_fu_516            |p_sc_stream_realign_v2inst_db            |    ?|    ?|    ?|    ?|   none  |
        |grp_p_sc_stream_circularlinebuffer_v2_fu_540        |p_sc_stream_circularlinebuffer_v2        |    ?|    ?|    ?|    ?|   none  |
        |grp_p_sc_stream_router_eop_fu_664                   |p_sc_stream_router_eop                   |    ?|    ?|    ?|    ?|   none  |
        |grp_p_sc_stream_resize_down_fast_v2_inst_db_fu_702  |p_sc_stream_resize_down_fast_v2_inst_db  |    0|    5|    0|    5|   none  |
        +----------------------------------------------------+-----------------------------------------+-----+-----+-----+-----+---------+

        * Loop: 
        N/A



================================================================
== Utilization Estimates
================================================================
* Summary: 
+-----------------+---------+-------+--------+-------+-----+
|       Name      | BRAM_18K| DSP48E|   FF   |  LUT  | URAM|
+-----------------+---------+-------+--------+-------+-----+
|DSP              |        -|      -|       -|      -|    -|
|Expression       |        -|      -|       -|      -|    -|
|FIFO             |        0|      -|      60|   1312|    -|
|Instance         |       70|      5|   14615|  10067|    0|
|Memory           |        -|      -|       -|      -|    -|
|Multiplexer      |        -|      -|       -|      -|    -|
|Register         |        -|      -|       -|      -|    -|
+-----------------+---------+-------+--------+-------+-----+
|Total            |       70|      5|   14675|  11379|    0|
+-----------------+---------+-------+--------+-------+-----+
|Available        |      432|    360|  141120|  70560|    0|
+-----------------+---------+-------+--------+-------+-----+
|Utilization (%)  |       16|      1|      10|     16|    0|
+-----------------+---------+-------+--------+-------+-----+

+ Detail: 
    * Instance: 
    +----------------------------------------------------+-----------------------------------------+---------+-------+-------+------+-----+
    |                      Instance                      |                  Module                 | BRAM_18K| DSP48E|   FF  |  LUT | URAM|
    +----------------------------------------------------+-----------------------------------------+---------+-------+-------+------+-----+
    |grp_p_sc_stream_circularlinebuffer_v2_fu_540        |p_sc_stream_circularlinebuffer_v2        |       70|      5|  12739|  7029|    0|
    |grp_p_sc_stream_imagedatafix_fu_424                 |p_sc_stream_imagedatafix                 |        0|      0|    728|  2124|    0|
    |grp_p_sc_stream_realign_v2inst_db_fu_516            |p_sc_stream_realign_v2inst_db            |        0|      0|    284|   388|    0|
    |grp_p_sc_stream_resize_down_fast_v2_inst_db_fu_702  |p_sc_stream_resize_down_fast_v2_inst_db  |        0|      0|    442|   165|    0|
    |grp_p_sc_stream_router_eop_fu_664                   |p_sc_stream_router_eop                   |        0|      0|    422|   361|    0|
    +----------------------------------------------------+-----------------------------------------+---------+-------+-------+------+-----+
    |Total                                               |                                         |       70|      5|  14615| 10067|    0|
    +----------------------------------------------------+-----------------------------------------+---------+-------+-------+------+-----+

    * DSP48E: 
    N/A

    * Memory: 
    N/A

    * FIFO: 
    +------------------------+---------+---+----+-----+------+-----+---------+
    |          Name          | BRAM_18K| FF| LUT| URAM| Depth| Bits| Size:D*B|
    +------------------------+---------+---+----+-----+------+-----+---------+
    |sc_fifo_chn_315_fifo_U  |        0|  5|   0|    -|     1|  128|      128|
    |sc_fifo_chn_318_fifo_U  |        0|  5|   0|    -|     1|  384|      384|
    |sc_fifo_chn_321_fifo_U  |        0|  5|   0|    -|     1|  384|      384|
    |sc_fifo_chn_3_fifo_U    |        0|  5|   0|    -|     1|  128|      128|
    |sc_fifo_chn_416_fifo_U  |        0|  5|   0|    -|     1|    1|        1|
    |sc_fifo_chn_419_fifo_U  |        0|  5|   0|    -|     1|    1|        1|
    |sc_fifo_chn_422_fifo_U  |        0|  5|   0|    -|     1|    1|        1|
    |sc_fifo_chn_4_fifo_U    |        0|  5|   0|    -|     1|    1|        1|
    |sc_fifo_chn_517_fifo_U  |        0|  5|   0|    -|     1|   16|       16|
    |sc_fifo_chn_520_fifo_U  |        0|  5|   0|    -|     1|   48|       48|
    |sc_fifo_chn_523_fifo_U  |        0|  5|   0|    -|     1|   48|       48|
    |sc_fifo_chn_5_fifo_U    |        0|  5|   0|    -|     1|   16|       16|
    +------------------------+---------+---+----+-----+------+-----+---------+
    |Total                   |        0| 60|   0|    0|    12| 1156|     1156|
    +------------------------+---------+---+----+-----+------+-----+---------+

    * Expression: 
    N/A

    * Multiplexer: 
    N/A

    * Register: 
    N/A



================================================================
== Interface
================================================================
* Summary: 
+---------------------------+-----+-----+------------+---------------------------------------------------------------------+--------------+
|         RTL Ports         | Dir | Bits|  Protocol  |                            Source Object                            |    C Type    |
+---------------------------+-----+-----+------------+---------------------------------------------------------------------+--------------+
|clk                        |  in |    1| ap_ctrl_hs | _data_buffer_TWO_D<16, 2, 8, 3, 4096, 192, 3>::_data_buffer_TWO_D.1 | return value |
|reset                      |  in |    1| ap_ctrl_hs | _data_buffer_TWO_D<16, 2, 8, 3, 4096, 192, 3>::_data_buffer_TWO_D.1 | return value |
|din_0_dout                 |  in |  128|   ap_fifo  |                                din_0                                |    pointer   |
|din_0_empty_n              |  in |    1|   ap_fifo  |                                din_0                                |    pointer   |
|din_0_read                 | out |    1|   ap_fifo  |                                din_0                                |    pointer   |
|din_1_dout                 |  in |    1|   ap_fifo  |                                din_1                                |    pointer   |
|din_1_empty_n              |  in |    1|   ap_fifo  |                                din_1                                |    pointer   |
|din_1_read                 | out |    1|   ap_fifo  |                                din_1                                |    pointer   |
|din_2_dout                 |  in |   16|   ap_fifo  |                                din_2                                |    pointer   |
|din_2_empty_n              |  in |    1|   ap_fifo  |                                din_2                                |    pointer   |
|din_2_read                 | out |    1|   ap_fifo  |                                din_2                                |    pointer   |
|dout_0_din                 | out |  384|   ap_fifo  |                                dout_0                               |    pointer   |
|dout_0_full_n              |  in |    1|   ap_fifo  |                                dout_0                               |    pointer   |
|dout_0_write               | out |    1|   ap_fifo  |                                dout_0                               |    pointer   |
|dout_1_din                 | out |    1|   ap_fifo  |                                dout_1                               |    pointer   |
|dout_1_full_n              |  in |    1|   ap_fifo  |                                dout_1                               |    pointer   |
|dout_1_write               | out |    1|   ap_fifo  |                                dout_1                               |    pointer   |
|dout_2_din                 | out |   48|   ap_fifo  |                                dout_2                               |    pointer   |
|dout_2_full_n              |  in |    1|   ap_fifo  |                                dout_2                               |    pointer   |
|dout_2_write               | out |    1|   ap_fifo  |                                dout_2                               |    pointer   |
|dout_raw_0_din             | out |  384|   ap_fifo  |                              dout_raw_0                             |    pointer   |
|dout_raw_0_full_n          |  in |    1|   ap_fifo  |                              dout_raw_0                             |    pointer   |
|dout_raw_0_write           | out |    1|   ap_fifo  |                              dout_raw_0                             |    pointer   |
|dout_raw_1_din             | out |    1|   ap_fifo  |                              dout_raw_1                             |    pointer   |
|dout_raw_1_full_n          |  in |    1|   ap_fifo  |                              dout_raw_1                             |    pointer   |
|dout_raw_1_write           | out |    1|   ap_fifo  |                              dout_raw_1                             |    pointer   |
|dout_raw_2_din             | out |   48|   ap_fifo  |                              dout_raw_2                             |    pointer   |
|dout_raw_2_full_n          |  in |    1|   ap_fifo  |                              dout_raw_2                             |    pointer   |
|dout_raw_2_write           | out |    1|   ap_fifo  |                              dout_raw_2                             |    pointer   |
|ctrl_image_size_dout       |  in |   32|   ap_fifo  |                           ctrl_image_size                           |    pointer   |
|ctrl_image_size_empty_n    |  in |    1|   ap_fifo  |                           ctrl_image_size                           |    pointer   |
|ctrl_image_size_read       | out |    1|   ap_fifo  |                           ctrl_image_size                           |    pointer   |
|ctrl_row_size_pkg_dout     |  in |   16|   ap_fifo  |                          ctrl_row_size_pkg                          |    pointer   |
|ctrl_row_size_pkg_empty_n  |  in |    1|   ap_fifo  |                          ctrl_row_size_pkg                          |    pointer   |
|ctrl_row_size_pkg_read     | out |    1|   ap_fifo  |                          ctrl_row_size_pkg                          |    pointer   |
|ctrl_window_size_dout      |  in |   16|   ap_fifo  |                           ctrl_window_size                          |    pointer   |
|ctrl_window_size_empty_n   |  in |    1|   ap_fifo  |                           ctrl_window_size                          |    pointer   |
|ctrl_window_size_read      | out |    1|   ap_fifo  |                           ctrl_window_size                          |    pointer   |
|ctrl_depth_dout            |  in |   16|   ap_fifo  |                              ctrl_depth                             |    pointer   |
|ctrl_depth_empty_n         |  in |    1|   ap_fifo  |                              ctrl_depth                             |    pointer   |
|ctrl_depth_read            | out |    1|   ap_fifo  |                              ctrl_depth                             |    pointer   |
|ctrl_stride_dout           |  in |   16|   ap_fifo  |                             ctrl_stride                             |    pointer   |
|ctrl_stride_empty_n        |  in |    1|   ap_fifo  |                             ctrl_stride                             |    pointer   |
|ctrl_stride_read           | out |    1|   ap_fifo  |                             ctrl_stride                             |    pointer   |
|ctrl_replay_dout           |  in |   16|   ap_fifo  |                             ctrl_replay                             |    pointer   |
|ctrl_replay_empty_n        |  in |    1|   ap_fifo  |                             ctrl_replay                             |    pointer   |
|ctrl_replay_read           | out |    1|   ap_fifo  |                             ctrl_replay                             |    pointer   |
|ctrl_zeropad_dout          |  in |   16|   ap_fifo  |                             ctrl_zeropad                            |    pointer   |
|ctrl_zeropad_empty_n       |  in |    1|   ap_fifo  |                             ctrl_zeropad                            |    pointer   |
|ctrl_zeropad_read          | out |    1|   ap_fifo  |                             ctrl_zeropad                            |    pointer   |
|ctrl_db_output_dout        |  in |    1|   ap_fifo  |                            ctrl_db_output                           |    pointer   |
|ctrl_db_output_empty_n     |  in |    1|   ap_fifo  |                            ctrl_db_output                           |    pointer   |
|ctrl_db_output_read        | out |    1|   ap_fifo  |                            ctrl_db_output                           |    pointer   |
|ctrl_image_data_dout       |  in |    1|   ap_fifo  |                           ctrl_image_data                           |    pointer   |
|ctrl_image_data_empty_n    |  in |    1|   ap_fifo  |                           ctrl_image_data                           |    pointer   |
|ctrl_image_data_read       | out |    1|   ap_fifo  |                           ctrl_image_data                           |    pointer   |
+---------------------------+-----+-----+------------+---------------------------------------------------------------------+--------------+

