

================================================================
== Vivado HLS Report for 'p_sc_stream_buffer_not_stream_while_write'
================================================================
* Date:           Sun Mar  1 15:20:23 2020

* Version:        2019.1 (Build 2552052 on Fri May 24 15:28:33 MDT 2019)
* Project:        CNNAccel
* Solution:       default
* Product family: zynquplus
* Target device:  xczu3eg-sbva484-1-e


================================================================
== Performance Estimates
================================================================
+ Timing (ns): 
    * Summary: 
    +--------+-------+----------+------------+
    |  Clock | Target| Estimated| Uncertainty|
    +--------+-------+----------+------------+
    |ap_clk  |   5.00|     3.989|        0.62|
    +--------+-------+----------+------------+

+ Latency (clock cycles): 
    * Summary: 
    +-----+-----+-----+-----+---------+
    |  Latency  |  Interval | Pipeline|
    | min | max | min | max |   Type  |
    +-----+-----+-----+-----+---------+
    |    ?|    ?|    ?|    ?|   none  |
    +-----+-----+-----+-----+---------+

    + Detail: 
        * Instance: 
        +----------------------------------------------------------------------------------------------------+------------------------------------------------------------------------------------------+-----+-----+-----+-----+---------+
        |                                                                                                    |                                                                                          |  Latency  |  Interval | Pipeline|
        |                                              Instance                                              |                                          Module                                          | min | max | min | max |   Type  |
        +----------------------------------------------------------------------------------------------------+------------------------------------------------------------------------------------------+-----+-----+-----+-----+---------+
        |grp_p_sc_stream_buffer_not_stream_while_write_thread_sc_stream_buffer_not_stream_while_write_fu_84  |p_sc_stream_buffer_not_stream_while_write_thread_sc_stream_buffer_not_stream_while_write  |    ?|    ?|    ?|    ?|   none  |
        +----------------------------------------------------------------------------------------------------+------------------------------------------------------------------------------------------+-----+-----+-----+-----+---------+

        * Loop: 
        N/A



================================================================
== Utilization Estimates
================================================================
* Summary: 
+-----------------+---------+-------+--------+-------+-----+
|       Name      | BRAM_18K| DSP48E|   FF   |  LUT  | URAM|
+-----------------+---------+-------+--------+-------+-----+
|DSP              |        -|      -|       -|      -|    -|
|Expression       |        -|      -|       -|      -|    -|
|FIFO             |        -|      -|       -|      -|    -|
|Instance         |       25|      -|    1743|    789|    0|
|Memory           |        -|      -|       -|      -|    -|
|Multiplexer      |        -|      -|       -|      -|    -|
|Register         |        -|      -|       -|      -|    -|
+-----------------+---------+-------+--------+-------+-----+
|Total            |       25|      0|    1743|    789|    0|
+-----------------+---------+-------+--------+-------+-----+
|Available        |      432|    360|  141120|  70560|    0|
+-----------------+---------+-------+--------+-------+-----+
|Utilization (%)  |        5|      0|       1|      1|    0|
+-----------------+---------+-------+--------+-------+-----+

+ Detail: 
    * Instance: 
    +----------------------------------------------------------------------------------------------------+------------------------------------------------------------------------------------------+---------+-------+------+-----+-----+
    |                                              Instance                                              |                                          Module                                          | BRAM_18K| DSP48E|  FF  | LUT | URAM|
    +----------------------------------------------------------------------------------------------------+------------------------------------------------------------------------------------------+---------+-------+------+-----+-----+
    |grp_p_sc_stream_buffer_not_stream_while_write_thread_sc_stream_buffer_not_stream_while_write_fu_84  |p_sc_stream_buffer_not_stream_while_write_thread_sc_stream_buffer_not_stream_while_write  |       25|      0|  1743|  789|    0|
    +----------------------------------------------------------------------------------------------------+------------------------------------------------------------------------------------------+---------+-------+------+-----+-----+
    |Total                                                                                               |                                                                                          |       25|      0|  1743|  789|    0|
    +----------------------------------------------------------------------------------------------------+------------------------------------------------------------------------------------------+---------+-------+------+-----+-----+

    * DSP48E: 
    N/A

    * Memory: 
    N/A

    * FIFO: 
    N/A

    * Expression: 
    N/A

    * Multiplexer: 
    N/A

    * Register: 
    N/A



================================================================
== Interface
================================================================
* Summary: 
+------------------+-----+-----+------------+------------------------------------------------------------------------------------------------+--------------+
|     RTL Ports    | Dir | Bits|  Protocol  |                                          Source Object                                         |    C Type    |
+------------------+-----+-----+------------+------------------------------------------------------------------------------------------------+--------------+
|clk               |  in |    1| ap_ctrl_hs | _sc_stream_buffer_not_stream_while_write<384, 800>::_sc_stream_buffer_not_stream_while_write.1 | return value |
|reset             |  in |    1| ap_ctrl_hs | _sc_stream_buffer_not_stream_while_write<384, 800>::_sc_stream_buffer_not_stream_while_write.1 | return value |
|din_0_dout        |  in |  384|   ap_fifo  |                                              din_0                                             |    pointer   |
|din_0_empty_n     |  in |    1|   ap_fifo  |                                              din_0                                             |    pointer   |
|din_0_read        | out |    1|   ap_fifo  |                                              din_0                                             |    pointer   |
|din_1_dout        |  in |    1|   ap_fifo  |                                              din_1                                             |    pointer   |
|din_1_empty_n     |  in |    1|   ap_fifo  |                                              din_1                                             |    pointer   |
|din_1_read        | out |    1|   ap_fifo  |                                              din_1                                             |    pointer   |
|din_2_dout        |  in |   48|   ap_fifo  |                                              din_2                                             |    pointer   |
|din_2_empty_n     |  in |    1|   ap_fifo  |                                              din_2                                             |    pointer   |
|din_2_read        | out |    1|   ap_fifo  |                                              din_2                                             |    pointer   |
|ctrls_in_dout     |  in |   31|   ap_fifo  |                                            ctrls_in                                            |    pointer   |
|ctrls_in_empty_n  |  in |    1|   ap_fifo  |                                            ctrls_in                                            |    pointer   |
|ctrls_in_read     | out |    1|   ap_fifo  |                                            ctrls_in                                            |    pointer   |
|dout_0_din        | out |  384|   ap_fifo  |                                             dout_0                                             |    pointer   |
|dout_0_full_n     |  in |    1|   ap_fifo  |                                             dout_0                                             |    pointer   |
|dout_0_write      | out |    1|   ap_fifo  |                                             dout_0                                             |    pointer   |
|dout_1_din        | out |    1|   ap_fifo  |                                             dout_1                                             |    pointer   |
|dout_1_full_n     |  in |    1|   ap_fifo  |                                             dout_1                                             |    pointer   |
|dout_1_write      | out |    1|   ap_fifo  |                                             dout_1                                             |    pointer   |
|dout_2_din        | out |   48|   ap_fifo  |                                             dout_2                                             |    pointer   |
|dout_2_full_n     |  in |    1|   ap_fifo  |                                             dout_2                                             |    pointer   |
|dout_2_write      | out |    1|   ap_fifo  |                                             dout_2                                             |    pointer   |
|count_in          | out |   32|   ap_vld   |                                            count_in                                            |    pointer   |
|count_out         | out |   32|   ap_vld   |                                            count_out                                           |    pointer   |
|state             | out |   32|   ap_vld   |                                              state                                             |    pointer   |
+------------------+-----+-----+------------+------------------------------------------------------------------------------------------------+--------------+

