

================================================================
== Vivado HLS Report for 'Summer_PE_sum_thread'
================================================================
* Date:           Sun Mar  1 15:08:07 2020

* Version:        2019.1 (Build 2552052 on Fri May 24 15:28:33 MDT 2019)
* Project:        CNNAccel
* Solution:       default
* Product family: zynquplus
* Target device:  xczu3eg-sbva484-1-e


================================================================
== Performance Estimates
================================================================
+ Timing (ns): 
    * Summary: 
    +--------+-------+----------+------------+
    |  Clock | Target| Estimated| Uncertainty|
    +--------+-------+----------+------------+
    |ap_clk  |   5.00|     4.560|        0.62|
    +--------+-------+----------+------------+

+ Latency (clock cycles): 
    * Summary: 
    +-----+-----+-----+-----+---------+
    |  Latency  |  Interval | Pipeline|
    | min | max | min | max |   Type  |
    +-----+-----+-----+-----+---------+
    |    ?|    ?|    ?|    ?|   none  |
    +-----+-----+-----+-----+---------+

    + Detail: 
        * Instance: 
        N/A

        * Loop: 
        +-------------+-----+-----+----------+-----------+-----------+------+----------+
        |             |  Latency  | Iteration|  Initiation Interval  | Trip |          |
        |  Loop Name  | min | max |  Latency |  achieved |   target  | Count| Pipelined|
        +-------------+-----+-----+----------+-----------+-----------+------+----------+
        |- Loop 1     |    ?|    ?|         ?|          -|          -|  inf |    no    |
        | + Loop 1.1  |    ?|    ?|         6|          1|          1|     ?|    yes   |
        +-------------+-----+-----+----------+-----------+-----------+------+----------+



================================================================
== Utilization Estimates
================================================================
* Summary: 
+-----------------+---------+-------+--------+-------+-----+
|       Name      | BRAM_18K| DSP48E|   FF   |  LUT  | URAM|
+-----------------+---------+-------+--------+-------+-----+
|DSP              |        -|      -|       -|      -|    -|
|Expression       |        -|      2|       0|    583|    -|
|FIFO             |        -|      -|       -|      -|    -|
|Instance         |        -|      -|       -|      -|    -|
|Memory           |        -|      -|       -|      -|    -|
|Multiplexer      |        -|      -|       -|    354|    -|
|Register         |        0|      -|     683|     96|    -|
+-----------------+---------+-------+--------+-------+-----+
|Total            |        0|      2|     683|   1033|    0|
+-----------------+---------+-------+--------+-------+-----+
|Available        |      432|    360|  141120|  70560|    0|
+-----------------+---------+-------+--------+-------+-----+
|Utilization (%)  |        0|   ~0  |   ~0   |      1|    0|
+-----------------+---------+-------+--------+-------+-----+

+ Detail: 
    * Instance: 
    N/A

    * DSP48E: 
    N/A

    * Memory: 
    N/A

    * FIFO: 
    N/A

    * Expression: 
    +----------------------------------+----------+-------+---+----+------------+------------+
    |           Variable Name          | Operation| DSP48E| FF| LUT| Bitwidth P0| Bitwidth P1|
    +----------------------------------+----------+-------+---+----+------------+------------+
    |r_V_fu_518_p2                     |     *    |      2|  0|  20|          32|          15|
    |count_fu_557_p2                   |     +    |      0|  0|  39|          32|           1|
    |p_Val2_43_fu_436_p2               |     +    |      0|  0|  39|          32|          32|
    |p_Val2_46_fu_575_p2               |     +    |      0|  0|  39|          32|          32|
    |p_Val2_49_fu_776_p2               |     +    |      0|  0|  23|          16|          16|
    |ret_V_fu_422_p2                   |     +    |      0|  0|  40|          33|          33|
    |and_ln779_1_fu_862_p2             |    and   |      0|  0|   2|           1|           1|
    |and_ln779_fu_621_p2               |    and   |      0|  0|   2|           1|           1|
    |and_ln781_1_fu_868_p2             |    and   |      0|  0|   2|           1|           1|
    |and_ln781_fu_627_p2               |    and   |      0|  0|   2|           1|           1|
    |and_ln786_4_fu_904_p2             |    and   |      0|  0|   2|           1|           1|
    |and_ln786_fu_661_p2               |    and   |      0|  0|   2|           1|           1|
    |ap_condition_224                  |    and   |      0|  0|   2|           1|           1|
    |ap_condition_243                  |    and   |      0|  0|   2|           1|           1|
    |ap_condition_248                  |    and   |      0|  0|   2|           1|           1|
    |ap_condition_285                  |    and   |      0|  0|   2|           1|           1|
    |ap_condition_291                  |    and   |      0|  0|   2|           1|           1|
    |ap_condition_364                  |    and   |      0|  0|   2|           1|           1|
    |ap_condition_376                  |    and   |      0|  0|   2|           1|           1|
    |ap_condition_387                  |    and   |      0|  0|   2|           1|           1|
    |ap_condition_75                   |    and   |      0|  0|   2|           1|           1|
    |ap_condition_844                  |    and   |      0|  0|   2|           1|           1|
    |ap_predicate_op178_write_state8   |    and   |      0|  0|   2|           1|           1|
    |ap_predicate_op179_write_state8   |    and   |      0|  0|   2|           1|           1|
    |ap_predicate_tran8to9_state3      |    and   |      0|  0|   2|           1|           1|
    |carry_1_fu_594_p2                 |    and   |      0|  0|   2|           1|           1|
    |carry_3_fu_796_p2                 |    and   |      0|  0|   2|           1|           1|
    |io_acc_block_signal_op178         |    and   |      0|  0|   2|           1|           1|
    |io_acc_block_signal_op42          |    and   |      0|  0|   2|           1|           1|
    |overflow_1_fu_655_p2              |    and   |      0|  0|   2|           1|           1|
    |overflow_2_fu_898_p2              |    and   |      0|  0|   2|           1|           1|
    |underflow_1_fu_673_p2             |    and   |      0|  0|   2|           1|           1|
    |underflow_2_fu_915_p2             |    and   |      0|  0|   2|           1|           1|
    |underflow_fu_468_p2               |    and   |      0|  0|   2|           1|           1|
    |Range1_all_ones_1_fu_828_p2       |   icmp   |      0|  0|   8|           2|           2|
    |Range1_all_zeros_fu_834_p2        |   icmp   |      0|  0|   8|           2|           1|
    |icmp_ln1497_fu_719_p2             |   icmp   |      0|  0|  20|          32|           1|
    |icmp_ln58_fu_381_p2               |   icmp   |      0|  0|   9|           4|           1|
    |icmp_ln99_fu_409_p2               |   icmp   |      0|  0|   9|           4|           1|
    |ap_block_pp0_stage0_01001         |    or    |      0|  0|   2|           1|           1|
    |ap_block_state8_pp0_stage0_iter5  |    or    |      0|  0|   2|           1|           1|
    |ap_condition_188                  |    or    |      0|  0|   2|           1|           1|
    |ap_condition_289                  |    or    |      0|  0|   2|           1|           1|
    |ap_condition_296                  |    or    |      0|  0|   2|           1|           1|
    |ap_condition_317                  |    or    |      0|  0|   2|           1|           1|
    |or_ln340_10_fu_697_p2             |    or    |      0|  0|   2|           1|           1|
    |or_ln340_11_fu_921_p2             |    or    |      0|  0|   2|           1|           1|
    |or_ln340_13_fu_937_p2             |    or    |      0|  0|   2|           1|           1|
    |or_ln340_73_fu_486_p2             |    or    |      0|  0|   2|           1|           1|
    |or_ln340_74_fu_691_p2             |    or    |      0|  0|   2|           1|           1|
    |or_ln340_75_fu_932_p2             |    or    |      0|  0|   2|           1|           1|
    |or_ln340_7_fu_492_p2              |    or    |      0|  0|   2|           1|           1|
    |or_ln340_8_fu_679_p2              |    or    |      0|  0|   2|           1|           1|
    |or_ln340_fu_474_p2                |    or    |      0|  0|   2|           1|           1|
    |or_ln71_fu_725_p2                 |    or    |      0|  0|   2|           1|           1|
    |or_ln785_2_fu_644_p2              |    or    |      0|  0|   2|           1|           1|
    |or_ln785_3_fu_886_p2              |    or    |      0|  0|   2|           1|           1|
    |or_ln785_fu_449_p2                |    or    |      0|  0|   2|           1|           1|
    |deleted_zeros_fu_840_p3           |  select  |      0|  0|   2|           1|           1|
    |select_ln340_2_fu_703_p3          |  select  |      0|  0|  32|           1|          31|
    |select_ln340_3_fu_943_p3          |  select  |      0|  0|  16|           1|          15|
    |select_ln340_fu_498_p3            |  select  |      0|  0|  32|           1|          31|
    |select_ln388_2_fu_711_p3          |  select  |      0|  0|  33|           1|          33|
    |select_ln388_3_fu_951_p3          |  select  |      0|  0|  17|           1|          17|
    |select_ln388_fu_506_p3            |  select  |      0|  0|  33|           1|          33|
    |sum_V_3_fu_730_p3                 |  select  |      0|  0|  32|           1|          32|
    |ap_enable_pp0                     |    xor   |      0|  0|   2|           1|           2|
    |xor_ln340_2_fu_685_p2             |    xor   |      0|  0|   2|           1|           2|
    |xor_ln340_3_fu_926_p2             |    xor   |      0|  0|   2|           1|           2|
    |xor_ln340_fu_480_p2               |    xor   |      0|  0|   2|           1|           2|
    |xor_ln416_1_fu_790_p2             |    xor   |      0|  0|   2|           1|           2|
    |xor_ln416_fu_588_p2               |    xor   |      0|  0|   2|           1|           2|
    |xor_ln69_fu_341_p2                |    xor   |      0|  0|   2|           1|           2|
    |xor_ln779_1_fu_856_p2             |    xor   |      0|  0|   2|           1|           2|
    |xor_ln779_fu_615_p2               |    xor   |      0|  0|   2|           1|           2|
    |xor_ln781_1_fu_874_p2             |    xor   |      0|  0|   2|           2|           1|
    |xor_ln781_fu_632_p2               |    xor   |      0|  0|   2|           2|           1|
    |xor_ln785_2_fu_639_p2             |    xor   |      0|  0|   2|           1|           1|
    |xor_ln785_3_fu_650_p2             |    xor   |      0|  0|   2|           1|           2|
    |xor_ln785_4_fu_880_p2             |    xor   |      0|  0|   2|           1|           2|
    |xor_ln785_5_fu_892_p2             |    xor   |      0|  0|   2|           1|           2|
    |xor_ln785_fu_455_p2               |    xor   |      0|  0|   2|           1|           2|
    |xor_ln786_2_fu_667_p2             |    xor   |      0|  0|   2|           2|           1|
    |xor_ln786_3_fu_909_p2             |    xor   |      0|  0|   2|           2|           1|
    |xor_ln786_fu_462_p2               |    xor   |      0|  0|   2|           1|           2|
    +----------------------------------+----------+-------+---+----+------------+------------+
    |Total                             |          |      2|  0| 583|         299|         408|
    +----------------------------------+----------+-------+---+----+------------+------------+

    * Multiplexer: 
    +---------------------------------------------+----+-----------+-----+-----------+
    |                     Name                    | LUT| Input Size| Bits| Total Bits|
    +---------------------------------------------+----+-----------+-----+-----------+
    |ap_NS_fsm                                    |  21|          4|    1|          4|
    |ap_enable_reg_pp0_iter5                      |   9|          2|    1|          2|
    |ap_phi_mux_deleted_ones_phi_fu_268_p4        |  15|          3|    1|          3|
    |ap_phi_mux_neg_src_phi_fu_277_p4             |  15|          3|    1|          3|
    |ap_phi_mux_overflow_phi_fu_207_p4            |  15|          3|    1|          3|
    |ap_phi_mux_p_0751_1_phi_fu_217_p4            |   9|          2|   32|         64|
    |ap_phi_mux_p_0751_3_phi_fu_254_p6            |  15|          3|   32|         96|
    |ap_phi_mux_p_0792_4_phi_fu_237_p6            |  21|          4|   32|        128|
    |ap_phi_mux_p_Val2_34_phi_fu_196_p4           |   9|          2|   32|         64|
    |ap_phi_mux_tmp_out_V_phi_fu_316_p4           |  15|          3|   16|         48|
    |ap_phi_reg_pp0_iter2_sum_V_reg_224           |  15|          3|   32|         96|
    |ap_phi_reg_pp0_iter4_sum_V_1_reg_284         |  15|          3|   32|         96|
    |ap_phi_reg_pp0_iter5_deleted_ones_2_reg_293  |  15|          3|    1|          3|
    |ap_phi_reg_pp0_iter5_neg_src_4_reg_302       |  15|          3|    1|          3|
    |ctrl_acf_blk_n                               |   9|          2|    1|          2|
    |din_0_blk_n                                  |   9|          2|    1|          2|
    |din_1_blk_n                                  |   9|          2|    1|          2|
    |din_2_blk_n                                  |   9|          2|    1|          2|
    |dout_0_blk_n                                 |   9|          2|    1|          2|
    |dout_0_din                                   |  15|          3|   16|         48|
    |dout_1_blk_n                                 |   9|          2|    1|          2|
    |dout_1_din                                   |  15|          3|    1|          3|
    |dout_2_blk_n                                 |   9|          2|    1|          2|
    |dout_2_din                                   |  15|          3|    2|          6|
    |p_0751_0_reg_180                             |   9|          2|   32|         64|
    |p_0751_1_reg_214                             |   9|          2|   32|         64|
    |p_0751_3_reg_249                             |  15|          3|   32|         96|
    |p_Val2_34_reg_192                            |   9|          2|   32|         64|
    +---------------------------------------------+----+-----------+-----+-----------+
    |Total                                        | 354|         73|  369|        972|
    +---------------------------------------------+----+-----------+-----+-----------+

    * Register: 
    +---------------------------------------------+----+----+-----+-----------+
    |                     Name                    | FF | LUT| Bits| Const Bits|
    +---------------------------------------------+----+----+-----+-----------+
    |Range2_all_ones_1_reg_1026                   |   1|   0|    1|          0|
    |ap_CS_fsm                                    |   4|   0|    4|          0|
    |ap_enable_reg_pp0_iter0                      |   1|   0|    1|          0|
    |ap_enable_reg_pp0_iter1                      |   1|   0|    1|          0|
    |ap_enable_reg_pp0_iter2                      |   1|   0|    1|          0|
    |ap_enable_reg_pp0_iter3                      |   1|   0|    1|          0|
    |ap_enable_reg_pp0_iter4                      |   1|   0|    1|          0|
    |ap_enable_reg_pp0_iter5                      |   1|   0|    1|          0|
    |ap_phi_reg_pp0_iter1_deleted_ones_2_reg_293  |   1|   0|    1|          0|
    |ap_phi_reg_pp0_iter1_neg_src_4_reg_302       |   1|   0|    1|          0|
    |ap_phi_reg_pp0_iter1_sum_V_1_reg_284         |  32|   0|   32|          0|
    |ap_phi_reg_pp0_iter1_sum_V_reg_224           |  32|   0|   32|          0|
    |ap_phi_reg_pp0_iter2_deleted_ones_2_reg_293  |   1|   0|    1|          0|
    |ap_phi_reg_pp0_iter2_neg_src_4_reg_302       |   1|   0|    1|          0|
    |ap_phi_reg_pp0_iter2_sum_V_1_reg_284         |  32|   0|   32|          0|
    |ap_phi_reg_pp0_iter2_sum_V_reg_224           |  32|   0|   32|          0|
    |ap_phi_reg_pp0_iter3_deleted_ones_2_reg_293  |   1|   0|    1|          0|
    |ap_phi_reg_pp0_iter3_neg_src_4_reg_302       |   1|   0|    1|          0|
    |ap_phi_reg_pp0_iter3_sum_V_1_reg_284         |  32|   0|   32|          0|
    |ap_phi_reg_pp0_iter4_deleted_ones_2_reg_293  |   1|   0|    1|          0|
    |ap_phi_reg_pp0_iter4_neg_src_4_reg_302       |   1|   0|    1|          0|
    |ap_phi_reg_pp0_iter4_sum_V_1_reg_284         |  32|   0|   32|          0|
    |ap_phi_reg_pp0_iter5_deleted_ones_2_reg_293  |   1|   0|    1|          0|
    |ap_phi_reg_pp0_iter5_neg_src_4_reg_302       |   1|   0|    1|          0|
    |icmp_ln58_reg_979                            |   1|   0|    1|          0|
    |icmp_ln99_reg_983                            |   1|   0|    1|          0|
    |overflow_2_reg_1086                          |   1|   0|    1|          0|
    |p_0751_0_reg_180                             |  32|   0|   32|          0|
    |p_0751_1_reg_214                             |  32|   0|   32|          0|
    |p_0751_3_reg_249                             |  32|   0|   32|          0|
    |p_Result_4_reg_1011                          |   1|   0|    1|          0|
    |p_Result_9_reg_1066                          |   1|   0|    1|          0|
    |p_Val2_34_reg_192                            |  32|   0|   32|          0|
    |p_Val2_45_reg_1016                           |  32|   0|   32|          0|
    |p_Val2_49_reg_1056                           |  16|   0|   16|          0|
    |r_V_reg_1005                                 |  47|   0|   47|          0|
    |tmp_145_reg_1021                             |   1|   0|    1|          0|
    |val_data_V_reg_969                           |  32|   0|   32|          0|
    |val_tlast_V_reg_975                          |   1|   0|    1|          0|
    |xor_ln69_reg_964                             |   1|   0|    1|          0|
    |zext_ln791_reg_959                           |  15|   0|   47|         32|
    |icmp_ln58_reg_979                            |  64|  32|    1|          0|
    |icmp_ln99_reg_983                            |  64|  32|    1|          0|
    |val_tlast_V_reg_975                          |  64|  32|    1|          0|
    +---------------------------------------------+----+----+-----+-----------+
    |Total                                        | 683|  96|  526|         32|
    +---------------------------------------------+----+----+-----+-----------+



================================================================
== Interface
================================================================
* Summary: 
+------------------+-----+-----+------------+-------------------------------------+--------------+
|     RTL Ports    | Dir | Bits|  Protocol  |            Source Object            |    C Type    |
+------------------+-----+-----+------------+-------------------------------------+--------------+
|ap_clk            |  in |    1| ap_ctrl_hs | Summer<32, 4, 16, 2>::PE_sum_thread | return value |
|ap_rst            |  in |    1| ap_ctrl_hs | Summer<32, 4, 16, 2>::PE_sum_thread | return value |
|din_0_dout        |  in |   32|   ap_fifo  |                din_0                |    pointer   |
|din_0_empty_n     |  in |    1|   ap_fifo  |                din_0                |    pointer   |
|din_0_read        | out |    1|   ap_fifo  |                din_0                |    pointer   |
|din_1_dout        |  in |    1|   ap_fifo  |                din_1                |    pointer   |
|din_1_empty_n     |  in |    1|   ap_fifo  |                din_1                |    pointer   |
|din_1_read        | out |    1|   ap_fifo  |                din_1                |    pointer   |
|din_2_dout        |  in |    4|   ap_fifo  |                din_2                |    pointer   |
|din_2_empty_n     |  in |    1|   ap_fifo  |                din_2                |    pointer   |
|din_2_read        | out |    1|   ap_fifo  |                din_2                |    pointer   |
|dout_0_din        | out |   16|   ap_fifo  |                dout_0               |    pointer   |
|dout_0_full_n     |  in |    1|   ap_fifo  |                dout_0               |    pointer   |
|dout_0_write      | out |    1|   ap_fifo  |                dout_0               |    pointer   |
|dout_1_din        | out |    1|   ap_fifo  |                dout_1               |    pointer   |
|dout_1_full_n     |  in |    1|   ap_fifo  |                dout_1               |    pointer   |
|dout_1_write      | out |    1|   ap_fifo  |                dout_1               |    pointer   |
|dout_2_din        | out |    2|   ap_fifo  |                dout_2               |    pointer   |
|dout_2_full_n     |  in |    1|   ap_fifo  |                dout_2               |    pointer   |
|dout_2_write      | out |    1|   ap_fifo  |                dout_2               |    pointer   |
|ctrl_acf_dout     |  in |   16|   ap_fifo  |               ctrl_acf              |    pointer   |
|ctrl_acf_empty_n  |  in |    1|   ap_fifo  |               ctrl_acf              |    pointer   |
|ctrl_acf_read     | out |    1|   ap_fifo  |               ctrl_acf              |    pointer   |
|count_out         | out |   32|   ap_vld   |              count_out              |    pointer   |
|count_out_ap_vld  | out |    1|   ap_vld   |              count_out              |    pointer   |
+------------------+-----+-----+------------+-------------------------------------+--------------+

